<?xml version="1.0" encoding="UTF-8" standalone="yes"?>
<testsuites name="superWild_1" time="96" tests="0" failures="0" errors="1">
    <testsuite name="superWild_1" tests="0" failures="0" errors="1" time="96" timestamp="2019-08-23 17:32:47" hostname="eiralee - 172.16.60.194" id="Test Suites/INT/superWild_1">
        <properties>
            <property name="deviceName" value=""/>
            <property name="devicePlatform" value=""/>
            <property name="logFolder" value="/Users/eiralee/Katalon_Script/SuperWild/Reports/20190823_173235/INT/superWild_1/20190823_173235"/>
            <property name="logFiles" value="/Users/eiralee/Katalon_Script/SuperWild/Reports/20190823_173235/INT/superWild_1/20190823_173235/execution0.log"/>
            <property name="attachments" value=""/>
            <property name="hostName" value="eiralee - 172.16.60.194"/>
            <property name="hostAddress" value="172.16.60.194"/>
            <property name="os" value="Mac OS X 64bit"/>
            <property name="katalonVersion" value="6.3.1.2"/>
        </properties>
        <testcase name="Test Cases/INT_env/1_Free_Spin_CALL" classname="Test Cases/INT_env/1_Free_Spin_CALL" status="ERROR">
            <error type="ERROR" message="Test Cases/INT_env/1_Free_Spin_CALL FAILED.&#xA;Reason:&#xA;com.kms.katalon.core.exception.StepErrorException: Call Test Case 'Test Cases/INT_env/compare_values/1_freeSpin_verify_value' failed because of error(s)&#xA;&#x9;at com.kms.katalon.core.keyword.builtin.CallTestCaseKeyword$_callTestCase_closure1.doCall(CallTestCaseKeyword.groovy:66)&#xA;&#x9;at com.kms.katalon.core.keyword.builtin.CallTestCaseKeyword$_callTestCase_closure1.call(CallTestCaseKeyword.groovy)&#xA;&#x9;at com.kms.katalon.core.keyword.internal.KeywordMain.runKeyword(KeywordMain.groovy:68)&#xA;&#x9;at com.kms.katalon.core.keyword.builtin.CallTestCaseKeyword.callTestCase(CallTestCaseKeyword.groovy:81)&#xA;&#x9;at com.kms.katalon.core.keyword.builtin.CallTestCaseKeyword.execute(CallTestCaseKeyword.groovy:44)&#xA;&#x9;at com.kms.katalon.core.keyword.internal.KeywordExecutor.executeKeywordForPlatform(KeywordExecutor.groovy:56)&#xA;&#x9;at com.kms.katalon.core.keyword.BuiltinKeywords.callTestCase(BuiltinKeywords.groovy:350)&#xA;&#x9;at 1_Free_Spin_CALL.run(1_Free_Spin_CALL:210)&#xA;&#x9;at com.kms.katalon.core.main.ScriptEngine.run(ScriptEngine.java:194)&#xA;&#x9;at com.kms.katalon.core.main.ScriptEngine.runScriptAsRawText(ScriptEngine.java:119)&#xA;&#x9;at com.kms.katalon.core.main.TestCaseExecutor.runScript(TestCaseExecutor.java:337)&#xA;&#x9;at com.kms.katalon.core.main.TestCaseExecutor.doExecute(TestCaseExecutor.java:328)&#xA;&#x9;at com.kms.katalon.core.main.TestCaseExecutor.processExecutionPhase(TestCaseExecutor.java:307)&#xA;&#x9;at com.kms.katalon.core.main.TestCaseExecutor.accessMainPhase(TestCaseExecutor.java:299)&#xA;&#x9;at com.kms.katalon.core.main.TestCaseExecutor.execute(TestCaseExecutor.java:233)&#xA;&#x9;at com.kms.katalon.core.main.TestSuiteExecutor.accessTestCaseMainPhase(TestSuiteExecutor.java:150)&#xA;&#x9;at com.kms.katalon.core.main.TestSuiteExecutor.accessTestSuiteMainPhase(TestSuiteExecutor.java:123)&#xA;&#x9;at com.kms.katalon.core.main.TestSuiteExecutor.execute(TestSuiteExecutor.java:87)&#xA;&#x9;at com.kms.katalon.core.main.TestCaseMain.startTestSuite(TestCaseMain.java:157)&#xA;&#x9;at com.kms.katalon.core.main.TestCaseMain$startTestSuite$0.call(Unknown Source)&#xA;&#x9;at TempTestSuite1566552765578.run(TempTestSuite1566552765578.groovy:35)&#xA;Caused by: org.codehaus.groovy.control.MultipleCompilationErrorsException: startup failed:&#xA;file:/Users/eiralee/Katalon_Script/SuperWild/Scripts/INT_env/compare_values/1_freeSpin_verify_value/Script1565427951745.groovy: 336: The current scope already contains a variable of the name M4_history_bonuses1&#xA; @ line 336, column 5.&#xA;   def M4_history_bonuses1 =GlobalVariable.M4_history_bonuses1&#xA;       ^&#xA;&#xA;1 error&#xA;&#xA;&#x9;at com.kms.katalon.core.main.ScriptEngine.getScript(ScriptEngine.java:199)&#xA;&#x9;at com.kms.katalon.core.main.ScriptEngine.run(ScriptEngine.java:194)&#xA;&#x9;at com.kms.katalon.core.main.ScriptEngine.runScriptAsRawText(ScriptEngine.java:119)&#xA;&#x9;at com.kms.katalon.core.main.TestCaseExecutor.runScript(TestCaseExecutor.java:337)&#xA;&#x9;at com.kms.katalon.core.main.TestCaseExecutor.doExecute(TestCaseExecutor.java:328)&#xA;&#x9;at com.kms.katalon.core.main.TestCaseExecutor.processExecutionPhase(TestCaseExecutor.java:307)&#xA;&#x9;at com.kms.katalon.core.main.TestCaseExecutor.accessMainPhase(TestCaseExecutor.java:299)&#xA;&#x9;at com.kms.katalon.core.main.TestCaseExecutor.execute(TestCaseExecutor.java:233)&#xA;&#x9;at com.kms.katalon.core.main.TestCaseMain.runTestCase(TestCaseMain.java:114)&#xA;&#x9;at com.kms.katalon.core.keyword.builtin.CallTestCaseKeyword$_callTestCase_closure1.doCall(CallTestCaseKeyword.groovy:59)&#xA;&#x9;... 20 more&#xA;"/>
            <system-out>2019-08-23 17:32:47 - [TEST_CASE][ERROR] - Test Cases/INT_env/1_Free_Spin_CALL: Test Cases/INT_env/1_Free_Spin_CALL FAILED.
Reason:
com.kms.katalon.core.exception.StepErrorException: Call Test Case 'Test Cases/INT_env/compare_values/1_freeSpin_verify_value' failed because of error(s)
	at com.kms.katalon.core.keyword.builtin.CallTestCaseKeyword$_callTestCase_closure1.doCall(CallTestCaseKeyword.groovy:66)
	at com.kms.katalon.core.keyword.builtin.CallTestCaseKeyword$_callTestCase_closure1.call(CallTestCaseKeyword.groovy)
	at com.kms.katalon.core.keyword.internal.KeywordMain.runKeyword(KeywordMain.groovy:68)
	at com.kms.katalon.core.keyword.builtin.CallTestCaseKeyword.callTestCase(CallTestCaseKeyword.groovy:81)
	at com.kms.katalon.core.keyword.builtin.CallTestCaseKeyword.execute(CallTestCaseKeyword.groovy:44)
	at com.kms.katalon.core.keyword.internal.KeywordExecutor.executeKeywordForPlatform(KeywordExecutor.groovy:56)
	at com.kms.katalon.core.keyword.BuiltinKeywords.callTestCase(BuiltinKeywords.groovy:350)
	at 1_Free_Spin_CALL.run(1_Free_Spin_CALL:210)
	at com.kms.katalon.core.main.ScriptEngine.run(ScriptEngine.java:194)
	at com.kms.katalon.core.main.ScriptEngine.runScriptAsRawText(ScriptEngine.java:119)
	at com.kms.katalon.core.main.TestCaseExecutor.runScript(TestCaseExecutor.java:337)
	at com.kms.katalon.core.main.TestCaseExecutor.doExecute(TestCaseExecutor.java:328)
	at com.kms.katalon.core.main.TestCaseExecutor.processExecutionPhase(TestCaseExecutor.java:307)
	at com.kms.katalon.core.main.TestCaseExecutor.accessMainPhase(TestCaseExecutor.java:299)
	at com.kms.katalon.core.main.TestCaseExecutor.execute(TestCaseExecutor.java:233)
	at com.kms.katalon.core.main.TestSuiteExecutor.accessTestCaseMainPhase(TestSuiteExecutor.java:150)
	at com.kms.katalon.core.main.TestSuiteExecutor.accessTestSuiteMainPhase(TestSuiteExecutor.java:123)
	at com.kms.katalon.core.main.TestSuiteExecutor.execute(TestSuiteExecutor.java:87)
	at com.kms.katalon.core.main.TestCaseMain.startTestSuite(TestCaseMain.java:157)
	at com.kms.katalon.core.main.TestCaseMain$startTestSuite$0.call(Unknown Source)
	at TempTestSuite1566552765578.run(TempTestSuite1566552765578.groovy:35)
Caused by: org.codehaus.groovy.control.MultipleCompilationErrorsException: startup failed:
file:/Users/eiralee/Katalon_Script/SuperWild/Scripts/INT_env/compare_values/1_freeSpin_verify_value/Script1565427951745.groovy: 336: The current scope already contains a variable of the name M4_history_bonuses1
 @ line 336, column 5.
   def M4_history_bonuses1 =GlobalVariable.M4_history_bonuses1
       ^

1 error

	at com.kms.katalon.core.main.ScriptEngine.getScript(ScriptEngine.java:199)
	at com.kms.katalon.core.main.ScriptEngine.run(ScriptEngine.java:194)
	at com.kms.katalon.core.main.ScriptEngine.runScriptAsRawText(ScriptEngine.java:119)
	at com.kms.katalon.core.main.TestCaseExecutor.runScript(TestCaseExecutor.java:337)
	at com.kms.katalon.core.main.TestCaseExecutor.doExecute(TestCaseExecutor.java:328)
	at com.kms.katalon.core.main.TestCaseExecutor.processExecutionPhase(TestCaseExecutor.java:307)
	at com.kms.katalon.core.main.TestCaseExecutor.accessMainPhase(TestCaseExecutor.java:299)
	at com.kms.katalon.core.main.TestCaseExecutor.execute(TestCaseExecutor.java:233)
	at com.kms.katalon.core.main.TestCaseMain.runTestCase(TestCaseMain.java:114)
	at com.kms.katalon.core.keyword.builtin.CallTestCaseKeyword$_callTestCase_closure1.doCall(CallTestCaseKeyword.groovy:59)
	... 20 more


2019-08-23 17:32:49 - [TEST_STEP][PASSED] - NG_top_level = new java.util.ArrayList(): null

2019-08-23 17:32:49 - [TEST_STEP][PASSED] - NG_top_level.add("booster_type"): null

2019-08-23 17:32:49 - [TEST_STEP][PASSED] - NG_top_level.add("currency"): null

2019-08-23 17:32:49 - [TEST_STEP][PASSED] - NG_top_level.add("player_id"): null

2019-08-23 17:32:49 - [TEST_STEP][PASSED] - NG_top_level.add("round_id"): null

2019-08-23 17:32:49 - [TEST_STEP][PASSED] - NG_top_level.add("spin_results"): null

2019-08-23 17:32:49 - [TEST_STEP][PASSED] - NG_spin_result = new java.util.ArrayList(): null

2019-08-23 17:32:49 - [TEST_STEP][PASSED] - NG_spin_result.add("balance"): null

2019-08-23 17:32:49 - [TEST_STEP][PASSED] - NG_spin_result.add("bet_value"): null

2019-08-23 17:32:49 - [TEST_STEP][PASSED] - NG_spin_result.add("features_triggered"): null

2019-08-23 17:32:49 - [TEST_STEP][PASSED] - NG_spin_result.add("line"): null

2019-08-23 17:32:49 - [TEST_STEP][PASSED] - NG_spin_result.add("reel_wins"): null

2019-08-23 17:32:49 - [TEST_STEP][PASSED] - NG_spin_result.add("reels"): null

2019-08-23 17:32:49 - [TEST_STEP][PASSED] - NG_spin_result.add("scatter_win"): null

2019-08-23 17:32:49 - [TEST_STEP][PASSED] - NG_spin_result.add("total_bet"): null

2019-08-23 17:32:49 - [TEST_STEP][PASSED] - NG_spin_result.add("total_win"): null

2019-08-23 17:32:49 - [TEST_STEP][PASSED] - NG_spin_result.add("transaction_id"): null

2019-08-23 17:32:49 - [TEST_STEP][PASSED] - NG_spin_result.add("transaction_time"): null

2019-08-23 17:32:49 - [TEST_STEP][PASSED] - NG_spin_result.add("transaction_type"): null

2019-08-23 17:32:49 - [TEST_STEP][PASSED] - NG_feature_trigger = new java.util.ArrayList(): null

2019-08-23 17:32:49 - [TEST_STEP][PASSED] - NG_feature_trigger.add("complete"): null

2019-08-23 17:32:49 - [TEST_STEP][PASSED] - NG_feature_trigger.add("feature_state"): null

2019-08-23 17:32:49 - [TEST_STEP][PASSED] - NG_feature_trigger.add("subfeatures"): null

2019-08-23 17:32:49 - [TEST_STEP][PASSED] - NG_feature_trigger.add("type"): null

2019-08-23 17:32:49 - [TEST_STEP][PASSED] - NG_feature_state = new java.util.ArrayList(): null

2019-08-23 17:32:49 - [TEST_STEP][PASSED] - NG_feature_state.add("free_spins_left"): null

2019-08-23 17:32:49 - [TEST_STEP][PASSED] - NG_feature_state.add("total_free_spin_count"): null

2019-08-23 17:32:49 - [TEST_STEP][PASSED] - NG_feature_state.add("total_free_spin_win_amount"): null

2019-08-23 17:32:49 - [TEST_STEP][PASSED] - NG_reel = new java.util.ArrayList(): null

2019-08-23 17:32:49 - [TEST_STEP][PASSED] - NG_reel.add("symbols"): null

2019-08-23 17:32:49 - [TEST_STEP][PASSED] - NG_reel_symbol1 = new java.util.ArrayList(): null

2019-08-23 17:32:49 - [TEST_STEP][PASSED] - NG_reel_symbol1.add("symbol"): null

2019-08-23 17:32:49 - [TEST_STEP][PASSED] - NG_reel_symbol2 = new java.util.ArrayList(): null

2019-08-23 17:32:49 - [TEST_STEP][PASSED] - NG_reel_symbol2.add("symbol"): null

2019-08-23 17:32:49 - [TEST_STEP][PASSED] - NG_reel_symbol3 = new java.util.ArrayList(): null

2019-08-23 17:32:49 - [TEST_STEP][PASSED] - NG_reel_symbol3.add("symbol"): null

2019-08-23 17:32:49 - [TEST_STEP][PASSED] - sendRequestAndVerify(findTestObject("INT/Wallet/Get_Session_Token", ["url_krug_gw":url_krug_gw, "partner":Partner, "secret_key":secret_key, "userid":Userid])): Send request and verify the response successfully

2019-08-23 17:32:50 - [MESSAGE][INFO] - HAR: /Users/eiralee/Katalon_Script/SuperWild/Reports/20190823_173235/INT/superWild_1/20190823_173235/requests/main/0.har

2019-08-23 17:32:50 - [TEST_CASE][PASSED] - Start Test Case : Verification: Verification accomplished successfully

2019-08-23 17:32:50 - [TEST_STEP][PASSED] - request = getInstance().getCurrentRequest(): null

2019-08-23 17:32:50 - [TEST_STEP][PASSED] - response = getInstance().getCurrentResponse(): null

2019-08-23 17:32:50 - [TEST_STEP][PASSED] - verifyResponseStatusCode(response, 200): Verify response status code successfully

2019-08-23 17:32:50 - [MESSAGE][PASSED] - Verify response status code successfully

2019-08-23 17:32:50 - [TEST_STEP][PASSED] - getStatusCode()).isEqualTo(200): null

2019-08-23 17:32:50 - [TEST_STEP][PASSED] - getResponseText()).contains("session_token"): null

2019-08-23 17:32:50 - [TEST_STEP][PASSED] - getsession = new groovy.json.JsonSlurper(): null

2019-08-23 17:32:50 - [TEST_STEP][PASSED] - result_getsession = getsession.parseText(response.getResponseBodyContent()): null

2019-08-23 17:32:50 - [TEST_STEP][PASSED] - session_token = session_token: null

2019-08-23 17:32:50 - [TEST_STEP][PASSED] - println("...value extracted is :" + session_token): null

2019-08-23 17:32:50 - [TEST_STEP][PASSED] - session_token = session_token: null

2019-08-23 17:32:52 - [TEST_STEP][PASSED] - println("GlobalVariable is :" + session_token): null

2019-08-23 17:32:52 - [TEST_STEP][PASSED] - internal_balance = internal_balance: null

2019-08-23 17:32:52 - [TEST_STEP][PASSED] - internal_balance = internal_balance: null

2019-08-23 17:32:52 - [MESSAGE][PASSED] - Verify response successfully

2019-08-23 17:32:52 - [MESSAGE][PASSED] - Send request and verify the response successfully

2019-08-23 17:32:52 - [TEST_STEP][PASSED] - M4_login = sendRequestAndVerify(findTestObject("INT/RGS(M4)/M4_Login", ["partner":Partner, "game_code":Game_code, "session_token":session_token])): Send request and verify the response successfully

2019-08-23 17:32:53 - [MESSAGE][INFO] - HAR: /Users/eiralee/Katalon_Script/SuperWild/Reports/20190823_173235/INT/superWild_1/20190823_173235/requests/main/1.har

2019-08-23 17:32:53 - [TEST_CASE][PASSED] - Start Test Case : Verification: Verification accomplished successfully

2019-08-23 17:32:53 - [TEST_STEP][PASSED] - request = getInstance().getCurrentRequest(): null

2019-08-23 17:32:53 - [TEST_STEP][PASSED] - response = getInstance().getCurrentResponse(): null

2019-08-23 17:32:53 - [TEST_STEP][PASSED] - verifyResponseStatusCode(response, 200): Verify response status code successfully

2019-08-23 17:32:53 - [MESSAGE][PASSED] - Verify response status code successfully

2019-08-23 17:32:53 - [TEST_STEP][PASSED] - getStatusCode()).isEqualTo(200): null

2019-08-23 17:32:53 - [TEST_STEP][PASSED] - newline = System.getProperty("line.separator"): null

2019-08-23 17:32:53 - [TEST_STEP][PASSED] - M4_login = new groovy.json.JsonSlurper(): null

2019-08-23 17:32:53 - [TEST_STEP][PASSED] - result_M4_login = M4_login.parseText(response.getResponseBodyContent()): null

2019-08-23 17:32:53 - [TEST_STEP][PASSED] - M4_login_user_id = user_id: null

2019-08-23 17:32:53 - [TEST_STEP][PASSED] - println("playerid is: " + M4_login_user_id): null

2019-08-23 17:32:53 - [TEST_STEP][PASSED] - M4_login_user_id = M4_login_user_id: null

2019-08-23 17:32:53 - [MESSAGE][PASSED] - Verify response successfully

2019-08-23 17:32:53 - [MESSAGE][PASSED] - Send request and verify the response successfully

2019-08-23 17:32:53 - [TEST_STEP][PASSED] - M4_init = sendRequestAndVerify(findTestObject("INT/RGS(M4)/M4_init", ["partner":Partner, "M4_recorder":M4_recorder, "M4_login_user_id":M4_login_user_id])): Send request and verify the response successfully

2019-08-23 17:32:53 - [MESSAGE][INFO] - HAR: /Users/eiralee/Katalon_Script/SuperWild/Reports/20190823_173235/INT/superWild_1/20190823_173235/requests/main/2.har

2019-08-23 17:32:53 - [TEST_CASE][PASSED] - Start Test Case : Verification: Verification accomplished successfully

2019-08-23 17:32:53 - [TEST_STEP][PASSED] - request = getInstance().getCurrentRequest(): null

2019-08-23 17:32:54 - [TEST_STEP][PASSED] - response = getInstance().getCurrentResponse(): null

2019-08-23 17:32:54 - [TEST_STEP][PASSED] - verifyResponseStatusCode(response, 200): Verify response status code successfully

2019-08-23 17:32:54 - [MESSAGE][PASSED] - Verify response status code successfully

2019-08-23 17:32:54 - [TEST_STEP][PASSED] - getStatusCode()).isEqualTo(200): null

2019-08-23 17:32:54 - [TEST_STEP][PASSED] - newline = System.getProperty("line.separator"): null

2019-08-23 17:32:54 - [TEST_STEP][PASSED] - M4_init = new groovy.json.JsonSlurper(): null

2019-08-23 17:32:54 - [TEST_STEP][PASSED] - result_M4_init = M4_init.parseText(response.getResponseBodyContent()): null

2019-08-23 17:32:54 - [TEST_STEP][PASSED] - rgs_session_token = session_token: null

2019-08-23 17:32:54 - [TEST_STEP][PASSED] - rgs_session_token = rgs_session_token: null

2019-08-23 17:32:54 - [TEST_STEP][PASSED] - M4_init_balance = balance: null

2019-08-23 17:32:54 - [TEST_STEP][PASSED] - M4_init_balance = M4_init_balance: null

2019-08-23 17:32:54 - [TEST_STEP][PASSED] - game_code = genesis_id: null

2019-08-23 17:32:54 - [TEST_STEP][PASSED] - game_code = game_code: null

2019-08-23 17:32:54 - [TEST_STEP][PASSED] - M4_free_round = free_round: null

2019-08-23 17:32:54 - [TEST_STEP][PASSED] - M4_free_round = M4_free_round: null

2019-08-23 17:32:54 - [MESSAGE][PASSED] - Verify response successfully

2019-08-23 17:32:54 - [MESSAGE][PASSED] - Send request and verify the response successfully

2019-08-23 17:32:54 - [TEST_STEP][PASSED] - for ([i = 0, i &lt;= 300, (i++)]): null

2019-08-23 17:32:54 - [TEST_STEP][PASSED] - spin_result = sendRequestAndVerify(findTestObject("INT/RGS(M4)/1_M4_spin", ["M4_login_user_id":M4_login_user_id, "rgs_session_token":rgs_session_token, "partner":Partner])): Send request and verify the response successfully

2019-08-23 17:32:54 - [MESSAGE][INFO] - HAR: /Users/eiralee/Katalon_Script/SuperWild/Reports/20190823_173235/INT/superWild_1/20190823_173235/requests/main/3.har

2019-08-23 17:32:54 - [TEST_CASE][PASSED] - Start Test Case : Verification: Verification accomplished successfully

2019-08-23 17:32:54 - [TEST_STEP][PASSED] - request = getInstance().getCurrentRequest(): null

2019-08-23 17:32:54 - [TEST_STEP][PASSED] - response = getInstance().getCurrentResponse(): null

2019-08-23 17:32:54 - [TEST_STEP][PASSED] - verifyResponseStatusCode(response, 200): Verify response status code successfully

2019-08-23 17:32:54 - [MESSAGE][PASSED] - Verify response status code successfully

2019-08-23 17:32:54 - [TEST_STEP][PASSED] - getStatusCode()).isEqualTo(200): null

2019-08-23 17:32:54 - [TEST_STEP][PASSED] - newline = System.getProperty("line.separator"): null

2019-08-23 17:32:54 - [TEST_STEP][PASSED] - M4_spin = new groovy.json.JsonSlurper(): null

2019-08-23 17:32:54 - [TEST_STEP][PASSED] - result_M4_spin = M4_spin.parseText(response.getResponseBodyContent()): null

2019-08-23 17:32:54 - [TEST_STEP][PASSED] - M4_spin_current_balance = current_balance: null

2019-08-23 17:32:54 - [TEST_STEP][PASSED] - M4_spin_current_balance = M4_spin_current_balance: null

2019-08-23 17:32:54 - [TEST_STEP][PASSED] - M4_spin_transaction_id = causality: null

2019-08-23 17:32:54 - [TEST_STEP][PASSED] - M4_spin_transaction_id = M4_spin_transaction_id: null

2019-08-23 17:32:54 - [TEST_STEP][PASSED] - M4_spin_round_id = round_id: null

2019-08-23 17:32:54 - [TEST_STEP][PASSED] - M4_spin_round_id = M4_spin_round_id: null

2019-08-23 17:32:54 - [TEST_STEP][PASSED] - M4_spin_line_wins = line_wins: null

2019-08-23 17:32:54 - [TEST_STEP][PASSED] - M4_spin_line_wins = M4_spin_line_wins: null

2019-08-23 17:32:54 - [TEST_STEP][PASSED] - M4_total_bonus_spins_int = total_bonus_spins: null

2019-08-23 17:32:54 - [TEST_STEP][PASSED] - println("******M4_total_bonus_spins type is:*******" + newline + getClass().getName()): null

2019-08-23 17:32:54 - [TEST_STEP][PASSED] - M4_total_bonus_spins_int = M4_total_bonus_spins_int: null

2019-08-23 17:32:54 - [TEST_STEP][PASSED] - M4_total_bonus_spins = Integer.toString(M4_total_bonus_spins_int): null

2019-08-23 17:32:54 - [TEST_STEP][PASSED] - M4_total_bonus_spins = M4_total_bonus_spins: null

2019-08-23 17:32:54 - [TEST_STEP][PASSED] - println("M4_total_bonus_spins is:" + M4_total_bonus_spins): null

2019-08-23 17:32:54 - [TEST_STEP][PASSED] - M4_spin_bonus_data = bonus_data: null

2019-08-23 17:32:54 - [TEST_STEP][PASSED] - M4_spin_features_triggered = result_M4_spin: null

2019-08-23 17:32:54 - [TEST_STEP][PASSED] - wild = []: null

2019-08-23 17:32:54 - [TEST_STEP][PASSED] - wild[0] = "WILD_Expanding": null

2019-08-23 17:32:54 - [TEST_STEP][PASSED] - wild[1] = "WILD_Normal": null

2019-08-23 17:32:54 - [TEST_STEP][PASSED] - wild[2] = "WILD_Double": null

2019-08-23 17:32:54 - [TEST_STEP][PASSED] - wild[3] = "WILD_ExtraFG": null

2019-08-23 17:32:54 - [TEST_STEP][PASSED] - wild[4] = "WILD_Triple": null

2019-08-23 17:32:54 - [TEST_STEP][PASSED] - wildList = Arrays.asList(wild): null

2019-08-23 17:32:54 - [TEST_STEP][PASSED] - wildList = wildList: null

2019-08-23 17:32:54 - [TEST_STEP][PASSED] - free_spin_reel_counter = []: null

2019-08-23 17:32:54 - [TEST_STEP][PASSED] - free_spin_reel_counter[0] = 0: null

2019-08-23 17:32:54 - [TEST_STEP][PASSED] - free_spin_reel_counter[1] = 0: null

2019-08-23 17:32:54 - [TEST_STEP][PASSED] - free_spin_reel_counter[2] = 0: null

2019-08-23 17:32:54 - [TEST_STEP][PASSED] - M4_spin_reels = reels: null

2019-08-23 17:32:54 - [TEST_STEP][PASSED] - for ([i = 0, i &lt; M4_spin_reels.size(), (i++)]): null

2019-08-23 17:32:54 - [TEST_STEP][PASSED] - symbols = symbols: null

2019-08-23 17:32:54 - [TEST_STEP][PASSED] - for ([j = 0, j &lt; symbols.size(), (j++)]): null

2019-08-23 17:32:54 - [TEST_STEP][PASSED] - symbol = symbol: null

2019-08-23 17:32:54 - [TEST_STEP][PASSED] - println(symbol): null

2019-08-23 17:32:54 - [TEST_STEP][PASSED] - if (i == 2 &amp;&amp; wildList.indexOf(symbol) != -1): null

2019-08-23 17:32:54 - [TEST_STEP][PASSED] - if (i == 3 &amp;&amp; wildList.indexOf(symbol) != -1): null

2019-08-23 17:32:54 - [TEST_STEP][PASSED] - if (i == 4 &amp;&amp; wildList.indexOf(symbol) != -1): null

2019-08-23 17:32:54 - [TEST_STEP][PASSED] - symbol = symbol: null

2019-08-23 17:32:54 - [TEST_STEP][PASSED] - println(symbol): null

2019-08-23 17:32:54 - [TEST_STEP][PASSED] - if (i == 2 &amp;&amp; wildList.indexOf(symbol) != -1): null

2019-08-23 17:32:54 - [TEST_STEP][PASSED] - if (i == 3 &amp;&amp; wildList.indexOf(symbol) != -1): null

2019-08-23 17:32:54 - [TEST_STEP][PASSED] - if (i == 4 &amp;&amp; wildList.indexOf(symbol) != -1): null

2019-08-23 17:32:54 - [TEST_STEP][PASSED] - symbol = symbol: null

2019-08-23 17:32:54 - [TEST_STEP][PASSED] - println(symbol): null

2019-08-23 17:32:54 - [TEST_STEP][PASSED] - if (i == 2 &amp;&amp; wildList.indexOf(symbol) != -1): null

2019-08-23 17:32:54 - [TEST_STEP][PASSED] - if (i == 3 &amp;&amp; wildList.indexOf(symbol) != -1): null

2019-08-23 17:32:54 - [TEST_STEP][PASSED] - if (i == 4 &amp;&amp; wildList.indexOf(symbol) != -1): null

2019-08-23 17:32:54 - [TEST_STEP][PASSED] - symbols = symbols: null

2019-08-23 17:32:54 - [TEST_STEP][PASSED] - for ([j = 0, j &lt; symbols.size(), (j++)]): null

2019-08-23 17:32:54 - [TEST_STEP][PASSED] - symbol = symbol: null

2019-08-23 17:32:54 - [TEST_STEP][PASSED] - println(symbol): null

2019-08-23 17:32:54 - [TEST_STEP][PASSED] - if (i == 2 &amp;&amp; wildList.indexOf(symbol) != -1): null

2019-08-23 17:32:54 - [TEST_STEP][PASSED] - if (i == 3 &amp;&amp; wildList.indexOf(symbol) != -1): null

2019-08-23 17:32:54 - [TEST_STEP][PASSED] - if (i == 4 &amp;&amp; wildList.indexOf(symbol) != -1): null

2019-08-23 17:32:54 - [TEST_STEP][PASSED] - symbol = symbol: null

2019-08-23 17:32:54 - [TEST_STEP][PASSED] - println(symbol): null

2019-08-23 17:32:54 - [TEST_STEP][PASSED] - if (i == 2 &amp;&amp; wildList.indexOf(symbol) != -1): null

2019-08-23 17:32:54 - [TEST_STEP][PASSED] - if (i == 3 &amp;&amp; wildList.indexOf(symbol) != -1): null

2019-08-23 17:32:54 - [TEST_STEP][PASSED] - if (i == 4 &amp;&amp; wildList.indexOf(symbol) != -1): null

2019-08-23 17:32:54 - [TEST_STEP][PASSED] - symbol = symbol: null

2019-08-23 17:32:54 - [TEST_STEP][PASSED] - println(symbol): null

2019-08-23 17:32:54 - [TEST_STEP][PASSED] - if (i == 2 &amp;&amp; wildList.indexOf(symbol) != -1): null

2019-08-23 17:32:54 - [TEST_STEP][PASSED] - if (i == 3 &amp;&amp; wildList.indexOf(symbol) != -1): null

2019-08-23 17:32:54 - [TEST_STEP][PASSED] - if (i == 4 &amp;&amp; wildList.indexOf(symbol) != -1): null

2019-08-23 17:32:54 - [TEST_STEP][PASSED] - symbols = symbols: null

2019-08-23 17:32:54 - [TEST_STEP][PASSED] - for ([j = 0, j &lt; symbols.size(), (j++)]): null

2019-08-23 17:32:54 - [TEST_STEP][PASSED] - symbol = symbol: null

2019-08-23 17:32:54 - [TEST_STEP][PASSED] - println(symbol): null

2019-08-23 17:32:54 - [TEST_STEP][PASSED] - if (i == 2 &amp;&amp; wildList.indexOf(symbol) != -1): null

2019-08-23 17:32:54 - [TEST_STEP][PASSED] - if (i == 3 &amp;&amp; wildList.indexOf(symbol) != -1): null

2019-08-23 17:32:54 - [TEST_STEP][PASSED] - if (i == 4 &amp;&amp; wildList.indexOf(symbol) != -1): null

2019-08-23 17:32:54 - [TEST_STEP][PASSED] - symbol = symbol: null

2019-08-23 17:32:54 - [TEST_STEP][PASSED] - println(symbol): null

2019-08-23 17:32:54 - [TEST_STEP][PASSED] - if (i == 2 &amp;&amp; wildList.indexOf(symbol) != -1): null

2019-08-23 17:32:54 - [TEST_STEP][PASSED] - if (i == 3 &amp;&amp; wildList.indexOf(symbol) != -1): null

2019-08-23 17:32:54 - [TEST_STEP][PASSED] - if (i == 4 &amp;&amp; wildList.indexOf(symbol) != -1): null

2019-08-23 17:32:54 - [TEST_STEP][PASSED] - symbol = symbol: null

2019-08-23 17:32:54 - [TEST_STEP][PASSED] - println(symbol): null

2019-08-23 17:32:54 - [TEST_STEP][PASSED] - if (i == 2 &amp;&amp; wildList.indexOf(symbol) != -1): null

2019-08-23 17:32:54 - [TEST_STEP][PASSED] - if (i == 3 &amp;&amp; wildList.indexOf(symbol) != -1): null

2019-08-23 17:32:54 - [TEST_STEP][PASSED] - if (i == 4 &amp;&amp; wildList.indexOf(symbol) != -1): null

2019-08-23 17:32:54 - [TEST_STEP][PASSED] - symbols = symbols: null

2019-08-23 17:32:54 - [TEST_STEP][PASSED] - for ([j = 0, j &lt; symbols.size(), (j++)]): null

2019-08-23 17:32:54 - [TEST_STEP][PASSED] - symbol = symbol: null

2019-08-23 17:32:54 - [TEST_STEP][PASSED] - println(symbol): null

2019-08-23 17:32:54 - [TEST_STEP][PASSED] - if (i == 2 &amp;&amp; wildList.indexOf(symbol) != -1): null

2019-08-23 17:32:54 - [TEST_STEP][PASSED] - if (i == 3 &amp;&amp; wildList.indexOf(symbol) != -1): null

2019-08-23 17:32:54 - [TEST_STEP][PASSED] - if (i == 4 &amp;&amp; wildList.indexOf(symbol) != -1): null

2019-08-23 17:32:54 - [TEST_STEP][PASSED] - symbol = symbol: null

2019-08-23 17:32:54 - [TEST_STEP][PASSED] - println(symbol): null

2019-08-23 17:32:54 - [TEST_STEP][PASSED] - if (i == 2 &amp;&amp; wildList.indexOf(symbol) != -1): null

2019-08-23 17:32:54 - [TEST_STEP][PASSED] - if (i == 3 &amp;&amp; wildList.indexOf(symbol) != -1): null

2019-08-23 17:32:54 - [TEST_STEP][PASSED] - if (i == 4 &amp;&amp; wildList.indexOf(symbol) != -1): null

2019-08-23 17:32:54 - [TEST_STEP][PASSED] - symbol = symbol: null

2019-08-23 17:32:54 - [TEST_STEP][PASSED] - println(symbol): null

2019-08-23 17:32:54 - [TEST_STEP][PASSED] - if (i == 2 &amp;&amp; wildList.indexOf(symbol) != -1): null

2019-08-23 17:32:54 - [TEST_STEP][PASSED] - if (i == 3 &amp;&amp; wildList.indexOf(symbol) != -1): null

2019-08-23 17:32:54 - [TEST_STEP][PASSED] - if (i == 4 &amp;&amp; wildList.indexOf(symbol) != -1): null

2019-08-23 17:32:54 - [TEST_STEP][PASSED] - symbols = symbols: null

2019-08-23 17:32:54 - [TEST_STEP][PASSED] - for ([j = 0, j &lt; symbols.size(), (j++)]): null

2019-08-23 17:32:54 - [TEST_STEP][PASSED] - symbol = symbol: null

2019-08-23 17:32:54 - [TEST_STEP][PASSED] - println(symbol): null

2019-08-23 17:32:54 - [TEST_STEP][PASSED] - if (i == 2 &amp;&amp; wildList.indexOf(symbol) != -1): null

2019-08-23 17:32:54 - [TEST_STEP][PASSED] - if (i == 3 &amp;&amp; wildList.indexOf(symbol) != -1): null

2019-08-23 17:32:54 - [TEST_STEP][PASSED] - if (i == 4 &amp;&amp; wildList.indexOf(symbol) != -1): null

2019-08-23 17:32:54 - [TEST_STEP][PASSED] - symbol = symbol: null

2019-08-23 17:32:54 - [TEST_STEP][PASSED] - println(symbol): null

2019-08-23 17:32:54 - [TEST_STEP][PASSED] - if (i == 2 &amp;&amp; wildList.indexOf(symbol) != -1): null

2019-08-23 17:32:54 - [TEST_STEP][PASSED] - if (i == 3 &amp;&amp; wildList.indexOf(symbol) != -1): null

2019-08-23 17:32:54 - [TEST_STEP][PASSED] - if (i == 4 &amp;&amp; wildList.indexOf(symbol) != -1): null

2019-08-23 17:32:54 - [TEST_STEP][PASSED] - symbol = symbol: null

2019-08-23 17:32:54 - [TEST_STEP][PASSED] - println(symbol): null

2019-08-23 17:32:54 - [TEST_STEP][PASSED] - if (i == 2 &amp;&amp; wildList.indexOf(symbol) != -1): null

2019-08-23 17:32:54 - [TEST_STEP][PASSED] - if (i == 3 &amp;&amp; wildList.indexOf(symbol) != -1): null

2019-08-23 17:32:54 - [TEST_STEP][PASSED] - if (i == 4 &amp;&amp; wildList.indexOf(symbol) != -1): null

2019-08-23 17:32:54 - [TEST_STEP][PASSED] - free_spin_reel_counter = free_spin_reel_counter: null

2019-08-23 17:32:54 - [TEST_STEP][PASSED] - println("reel 3 wild found: " + free_spin_reel_counter[0]): null

2019-08-23 17:32:54 - [TEST_STEP][PASSED] - println("reel 4 wild found: " + free_spin_reel_counter[1]): null

2019-08-23 17:32:54 - [TEST_STEP][PASSED] - println("reel 5 wild found: " + free_spin_reel_counter[2]): null

2019-08-23 17:32:54 - [TEST_STEP][PASSED] - M4_spin_reels = M4_spin_reels: null

2019-08-23 17:32:54 - [TEST_STEP][PASSED] - M4_spin_reels_symbols = symbol: null

2019-08-23 17:32:54 - [TEST_STEP][PASSED] - M4_spin_reels_symbols = M4_spin_reels_symbols: null

2019-08-23 17:32:54 - [TEST_STEP][PASSED] - M4_spin_reel_wins = reel_wins: null

2019-08-23 17:32:54 - [TEST_STEP][PASSED] - M4_spin_reel_wins = M4_spin_reel_wins: null

2019-08-23 17:32:54 - [TEST_STEP][PASSED] - println("GlobalVariable.M4_spin_reel_wins is: " + M4_spin_reel_wins): null

2019-08-23 17:32:54 - [TEST_STEP][PASSED] - M4_spin_total_bonus_win_this_round = total_bonus_win_this_round: null

2019-08-23 17:32:54 - [TEST_STEP][PASSED] - M4_spin_total_bonus_win_this_round = M4_spin_total_bonus_win_this_round: null

2019-08-23 17:32:54 - [TEST_STEP][PASSED] - println("GlobalVariable.M4_spin_total_bonus_win_this_round is: " + M4_spin_total_bonus_win_this_round): null

2019-08-23 17:32:54 - [TEST_STEP][PASSED] - M4_spin_bonus_spin_result = spin_result: null

2019-08-23 17:32:54 - [TEST_STEP][PASSED] - M4_spin_bonus_spin_result = M4_spin_bonus_spin_result: null

2019-08-23 17:32:54 - [MESSAGE][PASSED] - Verify response successfully

2019-08-23 17:32:54 - [MESSAGE][PASSED] - Send request and verify the response successfully

2019-08-23 17:32:54 - [TEST_STEP][PASSED] - if (free_spin_reel_counter[0] &gt;= 1 &amp;&amp; free_spin_reel_counter[1] &gt;= 1 &amp;&amp; free_spin_reel_counter[2] &gt;= 1): null

2019-08-23 17:32:54 - [TEST_STEP][PASSED] - spin_result = sendRequestAndVerify(findTestObject("INT/RGS(M4)/1_M4_spin", ["M4_login_user_id":M4_login_user_id, "rgs_session_token":rgs_session_token, "partner":Partner])): Send request and verify the response successfully

2019-08-23 17:32:55 - [MESSAGE][INFO] - HAR: /Users/eiralee/Katalon_Script/SuperWild/Reports/20190823_173235/INT/superWild_1/20190823_173235/requests/main/4.har

2019-08-23 17:32:55 - [TEST_CASE][PASSED] - Start Test Case : Verification: Verification accomplished successfully

2019-08-23 17:32:55 - [TEST_STEP][PASSED] - request = getInstance().getCurrentRequest(): null

2019-08-23 17:32:55 - [TEST_STEP][PASSED] - response = getInstance().getCurrentResponse(): null

2019-08-23 17:32:55 - [TEST_STEP][PASSED] - verifyResponseStatusCode(response, 200): Verify response status code successfully

2019-08-23 17:32:55 - [MESSAGE][PASSED] - Verify response status code successfully

2019-08-23 17:32:55 - [TEST_STEP][PASSED] - getStatusCode()).isEqualTo(200): null

2019-08-23 17:32:55 - [TEST_STEP][PASSED] - newline = System.getProperty("line.separator"): null

2019-08-23 17:32:55 - [TEST_STEP][PASSED] - M4_spin = new groovy.json.JsonSlurper(): null

2019-08-23 17:32:55 - [TEST_STEP][PASSED] - result_M4_spin = M4_spin.parseText(response.getResponseBodyContent()): null

2019-08-23 17:32:55 - [TEST_STEP][PASSED] - M4_spin_current_balance = current_balance: null

2019-08-23 17:32:55 - [TEST_STEP][PASSED] - M4_spin_current_balance = M4_spin_current_balance: null

2019-08-23 17:32:55 - [TEST_STEP][PASSED] - M4_spin_transaction_id = causality: null

2019-08-23 17:32:55 - [TEST_STEP][PASSED] - M4_spin_transaction_id = M4_spin_transaction_id: null

2019-08-23 17:32:55 - [TEST_STEP][PASSED] - M4_spin_round_id = round_id: null

2019-08-23 17:32:55 - [TEST_STEP][PASSED] - M4_spin_round_id = M4_spin_round_id: null

2019-08-23 17:32:55 - [TEST_STEP][PASSED] - M4_spin_line_wins = line_wins: null

2019-08-23 17:32:55 - [TEST_STEP][PASSED] - M4_spin_line_wins = M4_spin_line_wins: null

2019-08-23 17:32:55 - [TEST_STEP][PASSED] - M4_total_bonus_spins_int = total_bonus_spins: null

2019-08-23 17:32:55 - [TEST_STEP][PASSED] - println("******M4_total_bonus_spins type is:*******" + newline + getClass().getName()): null

2019-08-23 17:32:55 - [TEST_STEP][PASSED] - M4_total_bonus_spins_int = M4_total_bonus_spins_int: null

2019-08-23 17:32:55 - [TEST_STEP][PASSED] - M4_total_bonus_spins = Integer.toString(M4_total_bonus_spins_int): null

2019-08-23 17:32:55 - [TEST_STEP][PASSED] - M4_total_bonus_spins = M4_total_bonus_spins: null

2019-08-23 17:32:55 - [TEST_STEP][PASSED] - println("M4_total_bonus_spins is:" + M4_total_bonus_spins): null

2019-08-23 17:32:55 - [TEST_STEP][PASSED] - M4_spin_bonus_data = bonus_data: null

2019-08-23 17:32:55 - [TEST_STEP][PASSED] - M4_spin_features_triggered = result_M4_spin: null

2019-08-23 17:32:55 - [TEST_STEP][PASSED] - wild = []: null

2019-08-23 17:32:55 - [TEST_STEP][PASSED] - wild[0] = "WILD_Expanding": null

2019-08-23 17:32:55 - [TEST_STEP][PASSED] - wild[1] = "WILD_Normal": null

2019-08-23 17:32:55 - [TEST_STEP][PASSED] - wild[2] = "WILD_Double": null

2019-08-23 17:32:55 - [TEST_STEP][PASSED] - wild[3] = "WILD_ExtraFG": null

2019-08-23 17:32:55 - [TEST_STEP][PASSED] - wild[4] = "WILD_Triple": null

2019-08-23 17:32:55 - [TEST_STEP][PASSED] - wildList = Arrays.asList(wild): null

2019-08-23 17:32:55 - [TEST_STEP][PASSED] - wildList = wildList: null

2019-08-23 17:32:55 - [TEST_STEP][PASSED] - free_spin_reel_counter = []: null

2019-08-23 17:32:55 - [TEST_STEP][PASSED] - free_spin_reel_counter[0] = 0: null

2019-08-23 17:32:55 - [TEST_STEP][PASSED] - free_spin_reel_counter[1] = 0: null

2019-08-23 17:32:55 - [TEST_STEP][PASSED] - free_spin_reel_counter[2] = 0: null

2019-08-23 17:32:55 - [TEST_STEP][PASSED] - M4_spin_reels = reels: null

2019-08-23 17:32:55 - [TEST_STEP][PASSED] - for ([i = 0, i &lt; M4_spin_reels.size(), (i++)]): null

2019-08-23 17:32:55 - [TEST_STEP][PASSED] - symbols = symbols: null

2019-08-23 17:32:55 - [TEST_STEP][PASSED] - for ([j = 0, j &lt; symbols.size(), (j++)]): null

2019-08-23 17:32:55 - [TEST_STEP][PASSED] - symbol = symbol: null

2019-08-23 17:32:55 - [TEST_STEP][PASSED] - println(symbol): null

2019-08-23 17:32:55 - [TEST_STEP][PASSED] - if (i == 2 &amp;&amp; wildList.indexOf(symbol) != -1): null

2019-08-23 17:32:55 - [TEST_STEP][PASSED] - if (i == 3 &amp;&amp; wildList.indexOf(symbol) != -1): null

2019-08-23 17:32:55 - [TEST_STEP][PASSED] - if (i == 4 &amp;&amp; wildList.indexOf(symbol) != -1): null

2019-08-23 17:32:55 - [TEST_STEP][PASSED] - symbol = symbol: null

2019-08-23 17:32:55 - [TEST_STEP][PASSED] - println(symbol): null

2019-08-23 17:32:55 - [TEST_STEP][PASSED] - if (i == 2 &amp;&amp; wildList.indexOf(symbol) != -1): null

2019-08-23 17:32:55 - [TEST_STEP][PASSED] - if (i == 3 &amp;&amp; wildList.indexOf(symbol) != -1): null

2019-08-23 17:32:55 - [TEST_STEP][PASSED] - if (i == 4 &amp;&amp; wildList.indexOf(symbol) != -1): null

2019-08-23 17:32:55 - [TEST_STEP][PASSED] - symbol = symbol: null

2019-08-23 17:32:55 - [TEST_STEP][PASSED] - println(symbol): null

2019-08-23 17:32:55 - [TEST_STEP][PASSED] - if (i == 2 &amp;&amp; wildList.indexOf(symbol) != -1): null

2019-08-23 17:32:55 - [TEST_STEP][PASSED] - if (i == 3 &amp;&amp; wildList.indexOf(symbol) != -1): null

2019-08-23 17:32:55 - [TEST_STEP][PASSED] - if (i == 4 &amp;&amp; wildList.indexOf(symbol) != -1): null

2019-08-23 17:32:55 - [TEST_STEP][PASSED] - symbols = symbols: null

2019-08-23 17:32:55 - [TEST_STEP][PASSED] - for ([j = 0, j &lt; symbols.size(), (j++)]): null

2019-08-23 17:32:55 - [TEST_STEP][PASSED] - symbol = symbol: null

2019-08-23 17:32:55 - [TEST_STEP][PASSED] - println(symbol): null

2019-08-23 17:32:55 - [TEST_STEP][PASSED] - if (i == 2 &amp;&amp; wildList.indexOf(symbol) != -1): null

2019-08-23 17:32:55 - [TEST_STEP][PASSED] - if (i == 3 &amp;&amp; wildList.indexOf(symbol) != -1): null

2019-08-23 17:32:55 - [TEST_STEP][PASSED] - if (i == 4 &amp;&amp; wildList.indexOf(symbol) != -1): null

2019-08-23 17:32:55 - [TEST_STEP][PASSED] - symbol = symbol: null

2019-08-23 17:32:55 - [TEST_STEP][PASSED] - println(symbol): null

2019-08-23 17:32:55 - [TEST_STEP][PASSED] - if (i == 2 &amp;&amp; wildList.indexOf(symbol) != -1): null

2019-08-23 17:32:55 - [TEST_STEP][PASSED] - if (i == 3 &amp;&amp; wildList.indexOf(symbol) != -1): null

2019-08-23 17:32:55 - [TEST_STEP][PASSED] - if (i == 4 &amp;&amp; wildList.indexOf(symbol) != -1): null

2019-08-23 17:32:55 - [TEST_STEP][PASSED] - symbol = symbol: null

2019-08-23 17:32:55 - [TEST_STEP][PASSED] - println(symbol): null

2019-08-23 17:32:55 - [TEST_STEP][PASSED] - if (i == 2 &amp;&amp; wildList.indexOf(symbol) != -1): null

2019-08-23 17:32:55 - [TEST_STEP][PASSED] - if (i == 3 &amp;&amp; wildList.indexOf(symbol) != -1): null

2019-08-23 17:32:55 - [TEST_STEP][PASSED] - if (i == 4 &amp;&amp; wildList.indexOf(symbol) != -1): null

2019-08-23 17:32:55 - [TEST_STEP][PASSED] - symbols = symbols: null

2019-08-23 17:32:55 - [TEST_STEP][PASSED] - for ([j = 0, j &lt; symbols.size(), (j++)]): null

2019-08-23 17:32:55 - [TEST_STEP][PASSED] - symbol = symbol: null

2019-08-23 17:32:55 - [TEST_STEP][PASSED] - println(symbol): null

2019-08-23 17:32:55 - [TEST_STEP][PASSED] - if (i == 2 &amp;&amp; wildList.indexOf(symbol) != -1): null

2019-08-23 17:32:55 - [TEST_STEP][PASSED] - if (i == 3 &amp;&amp; wildList.indexOf(symbol) != -1): null

2019-08-23 17:32:55 - [TEST_STEP][PASSED] - if (i == 4 &amp;&amp; wildList.indexOf(symbol) != -1): null

2019-08-23 17:32:55 - [TEST_STEP][PASSED] - symbol = symbol: null

2019-08-23 17:32:55 - [TEST_STEP][PASSED] - println(symbol): null

2019-08-23 17:32:55 - [TEST_STEP][PASSED] - if (i == 2 &amp;&amp; wildList.indexOf(symbol) != -1): null

2019-08-23 17:32:55 - [TEST_STEP][PASSED] - if (i == 3 &amp;&amp; wildList.indexOf(symbol) != -1): null

2019-08-23 17:32:55 - [TEST_STEP][PASSED] - if (i == 4 &amp;&amp; wildList.indexOf(symbol) != -1): null

2019-08-23 17:32:55 - [TEST_STEP][PASSED] - symbol = symbol: null

2019-08-23 17:32:55 - [TEST_STEP][PASSED] - println(symbol): null

2019-08-23 17:32:55 - [TEST_STEP][PASSED] - if (i == 2 &amp;&amp; wildList.indexOf(symbol) != -1): null

2019-08-23 17:32:55 - [TEST_STEP][PASSED] - if (i == 3 &amp;&amp; wildList.indexOf(symbol) != -1): null

2019-08-23 17:32:55 - [TEST_STEP][PASSED] - if (i == 4 &amp;&amp; wildList.indexOf(symbol) != -1): null

2019-08-23 17:32:55 - [TEST_STEP][PASSED] - symbols = symbols: null

2019-08-23 17:32:55 - [TEST_STEP][PASSED] - for ([j = 0, j &lt; symbols.size(), (j++)]): null

2019-08-23 17:32:55 - [TEST_STEP][PASSED] - symbol = symbol: null

2019-08-23 17:32:55 - [TEST_STEP][PASSED] - println(symbol): null

2019-08-23 17:32:55 - [TEST_STEP][PASSED] - if (i == 2 &amp;&amp; wildList.indexOf(symbol) != -1): null

2019-08-23 17:32:55 - [TEST_STEP][PASSED] - if (i == 3 &amp;&amp; wildList.indexOf(symbol) != -1): null

2019-08-23 17:32:55 - [TEST_STEP][PASSED] - if (i == 4 &amp;&amp; wildList.indexOf(symbol) != -1): null

2019-08-23 17:32:55 - [TEST_STEP][PASSED] - symbol = symbol: null

2019-08-23 17:32:55 - [TEST_STEP][PASSED] - println(symbol): null

2019-08-23 17:32:55 - [TEST_STEP][PASSED] - if (i == 2 &amp;&amp; wildList.indexOf(symbol) != -1): null

2019-08-23 17:32:55 - [TEST_STEP][PASSED] - if (i == 3 &amp;&amp; wildList.indexOf(symbol) != -1): null

2019-08-23 17:32:55 - [TEST_STEP][PASSED] - if (i == 4 &amp;&amp; wildList.indexOf(symbol) != -1): null

2019-08-23 17:32:55 - [TEST_STEP][PASSED] - symbol = symbol: null

2019-08-23 17:32:55 - [TEST_STEP][PASSED] - println(symbol): null

2019-08-23 17:32:55 - [TEST_STEP][PASSED] - if (i == 2 &amp;&amp; wildList.indexOf(symbol) != -1): null

2019-08-23 17:32:55 - [TEST_STEP][PASSED] - if (i == 3 &amp;&amp; wildList.indexOf(symbol) != -1): null

2019-08-23 17:32:55 - [TEST_STEP][PASSED] - if (i == 4 &amp;&amp; wildList.indexOf(symbol) != -1): null

2019-08-23 17:32:55 - [TEST_STEP][PASSED] - symbols = symbols: null

2019-08-23 17:32:55 - [TEST_STEP][PASSED] - for ([j = 0, j &lt; symbols.size(), (j++)]): null

2019-08-23 17:32:55 - [TEST_STEP][PASSED] - symbol = symbol: null

2019-08-23 17:32:55 - [TEST_STEP][PASSED] - println(symbol): null

2019-08-23 17:32:55 - [TEST_STEP][PASSED] - if (i == 2 &amp;&amp; wildList.indexOf(symbol) != -1): null

2019-08-23 17:32:55 - [TEST_STEP][PASSED] - if (i == 3 &amp;&amp; wildList.indexOf(symbol) != -1): null

2019-08-23 17:32:55 - [TEST_STEP][PASSED] - if (i == 4 &amp;&amp; wildList.indexOf(symbol) != -1): null

2019-08-23 17:32:55 - [TEST_STEP][PASSED] - symbol = symbol: null

2019-08-23 17:32:55 - [TEST_STEP][PASSED] - println(symbol): null

2019-08-23 17:32:55 - [TEST_STEP][PASSED] - if (i == 2 &amp;&amp; wildList.indexOf(symbol) != -1): null

2019-08-23 17:32:55 - [TEST_STEP][PASSED] - if (i == 3 &amp;&amp; wildList.indexOf(symbol) != -1): null

2019-08-23 17:32:55 - [TEST_STEP][PASSED] - if (i == 4 &amp;&amp; wildList.indexOf(symbol) != -1): null

2019-08-23 17:32:55 - [TEST_STEP][PASSED] - symbol = symbol: null

2019-08-23 17:32:55 - [TEST_STEP][PASSED] - println(symbol): null

2019-08-23 17:32:55 - [TEST_STEP][PASSED] - if (i == 2 &amp;&amp; wildList.indexOf(symbol) != -1): null

2019-08-23 17:32:55 - [TEST_STEP][PASSED] - if (i == 3 &amp;&amp; wildList.indexOf(symbol) != -1): null

2019-08-23 17:32:55 - [TEST_STEP][PASSED] - if (i == 4 &amp;&amp; wildList.indexOf(symbol) != -1): null

2019-08-23 17:32:55 - [TEST_STEP][PASSED] - println("wild found on reel 5, adding counter by 1"): null

2019-08-23 17:32:55 - [TEST_STEP][PASSED] - free_spin_reel_counter[2] = free_spin_reel_counter[2] + 1: null

2019-08-23 17:32:55 - [TEST_STEP][PASSED] - free_spin_reel_counter = free_spin_reel_counter: null

2019-08-23 17:32:55 - [TEST_STEP][PASSED] - println("reel 3 wild found: " + free_spin_reel_counter[0]): null

2019-08-23 17:32:55 - [TEST_STEP][PASSED] - println("reel 4 wild found: " + free_spin_reel_counter[1]): null

2019-08-23 17:32:55 - [TEST_STEP][PASSED] - println("reel 5 wild found: " + free_spin_reel_counter[2]): null

2019-08-23 17:32:55 - [TEST_STEP][PASSED] - M4_spin_reels = M4_spin_reels: null

2019-08-23 17:32:55 - [TEST_STEP][PASSED] - M4_spin_reels_symbols = symbol: null

2019-08-23 17:32:55 - [TEST_STEP][PASSED] - M4_spin_reels_symbols = M4_spin_reels_symbols: null

2019-08-23 17:32:55 - [TEST_STEP][PASSED] - M4_spin_reel_wins = reel_wins: null

2019-08-23 17:32:55 - [TEST_STEP][PASSED] - M4_spin_reel_wins = M4_spin_reel_wins: null

2019-08-23 17:32:55 - [TEST_STEP][PASSED] - println("GlobalVariable.M4_spin_reel_wins is: " + M4_spin_reel_wins): null

2019-08-23 17:32:55 - [TEST_STEP][PASSED] - M4_spin_total_bonus_win_this_round = total_bonus_win_this_round: null

2019-08-23 17:32:55 - [TEST_STEP][PASSED] - M4_spin_total_bonus_win_this_round = M4_spin_total_bonus_win_this_round: null

2019-08-23 17:32:55 - [TEST_STEP][PASSED] - println("GlobalVariable.M4_spin_total_bonus_win_this_round is: " + M4_spin_total_bonus_win_this_round): null

2019-08-23 17:32:55 - [TEST_STEP][PASSED] - M4_spin_bonus_spin_result = spin_result: null

2019-08-23 17:32:55 - [TEST_STEP][PASSED] - M4_spin_bonus_spin_result = M4_spin_bonus_spin_result: null

2019-08-23 17:32:55 - [MESSAGE][PASSED] - Verify response successfully

2019-08-23 17:32:55 - [MESSAGE][PASSED] - Send request and verify the response successfully

2019-08-23 17:32:55 - [TEST_STEP][PASSED] - if (free_spin_reel_counter[0] &gt;= 1 &amp;&amp; free_spin_reel_counter[1] &gt;= 1 &amp;&amp; free_spin_reel_counter[2] &gt;= 1): null

2019-08-23 17:32:55 - [TEST_STEP][PASSED] - spin_result = sendRequestAndVerify(findTestObject("INT/RGS(M4)/1_M4_spin", ["M4_login_user_id":M4_login_user_id, "rgs_session_token":rgs_session_token, "partner":Partner])): Send request and verify the response successfully

2019-08-23 17:32:55 - [MESSAGE][INFO] - HAR: /Users/eiralee/Katalon_Script/SuperWild/Reports/20190823_173235/INT/superWild_1/20190823_173235/requests/main/5.har

2019-08-23 17:32:55 - [TEST_CASE][PASSED] - Start Test Case : Verification: Verification accomplished successfully

2019-08-23 17:32:55 - [TEST_STEP][PASSED] - request = getInstance().getCurrentRequest(): null

2019-08-23 17:32:55 - [TEST_STEP][PASSED] - response = getInstance().getCurrentResponse(): null

2019-08-23 17:32:55 - [TEST_STEP][PASSED] - verifyResponseStatusCode(response, 200): Verify response status code successfully

2019-08-23 17:32:55 - [MESSAGE][PASSED] - Verify response status code successfully

2019-08-23 17:32:55 - [TEST_STEP][PASSED] - getStatusCode()).isEqualTo(200): null

2019-08-23 17:32:55 - [TEST_STEP][PASSED] - newline = System.getProperty("line.separator"): null

2019-08-23 17:32:55 - [TEST_STEP][PASSED] - M4_spin = new groovy.json.JsonSlurper(): null

2019-08-23 17:32:55 - [TEST_STEP][PASSED] - result_M4_spin = M4_spin.parseText(response.getResponseBodyContent()): null

2019-08-23 17:32:55 - [TEST_STEP][PASSED] - M4_spin_current_balance = current_balance: null

2019-08-23 17:32:55 - [TEST_STEP][PASSED] - M4_spin_current_balance = M4_spin_current_balance: null

2019-08-23 17:32:55 - [TEST_STEP][PASSED] - M4_spin_transaction_id = causality: null

2019-08-23 17:32:55 - [TEST_STEP][PASSED] - M4_spin_transaction_id = M4_spin_transaction_id: null

2019-08-23 17:32:55 - [TEST_STEP][PASSED] - M4_spin_round_id = round_id: null

2019-08-23 17:32:55 - [TEST_STEP][PASSED] - M4_spin_round_id = M4_spin_round_id: null

2019-08-23 17:32:55 - [TEST_STEP][PASSED] - M4_spin_line_wins = line_wins: null

2019-08-23 17:32:55 - [TEST_STEP][PASSED] - M4_spin_line_wins = M4_spin_line_wins: null

2019-08-23 17:32:55 - [TEST_STEP][PASSED] - M4_total_bonus_spins_int = total_bonus_spins: null

2019-08-23 17:32:55 - [TEST_STEP][PASSED] - println("******M4_total_bonus_spins type is:*******" + newline + getClass().getName()): null

2019-08-23 17:32:55 - [TEST_STEP][PASSED] - M4_total_bonus_spins_int = M4_total_bonus_spins_int: null

2019-08-23 17:32:55 - [TEST_STEP][PASSED] - M4_total_bonus_spins = Integer.toString(M4_total_bonus_spins_int): null

2019-08-23 17:32:55 - [TEST_STEP][PASSED] - M4_total_bonus_spins = M4_total_bonus_spins: null

2019-08-23 17:32:55 - [TEST_STEP][PASSED] - println("M4_total_bonus_spins is:" + M4_total_bonus_spins): null

2019-08-23 17:32:55 - [TEST_STEP][PASSED] - M4_spin_bonus_data = bonus_data: null

2019-08-23 17:32:55 - [TEST_STEP][PASSED] - M4_spin_features_triggered = result_M4_spin: null

2019-08-23 17:32:55 - [TEST_STEP][PASSED] - wild = []: null

2019-08-23 17:32:55 - [TEST_STEP][PASSED] - wild[0] = "WILD_Expanding": null

2019-08-23 17:32:55 - [TEST_STEP][PASSED] - wild[1] = "WILD_Normal": null

2019-08-23 17:32:55 - [TEST_STEP][PASSED] - wild[2] = "WILD_Double": null

2019-08-23 17:32:55 - [TEST_STEP][PASSED] - wild[3] = "WILD_ExtraFG": null

2019-08-23 17:32:55 - [TEST_STEP][PASSED] - wild[4] = "WILD_Triple": null

2019-08-23 17:32:55 - [TEST_STEP][PASSED] - wildList = Arrays.asList(wild): null

2019-08-23 17:32:55 - [TEST_STEP][PASSED] - wildList = wildList: null

2019-08-23 17:32:55 - [TEST_STEP][PASSED] - free_spin_reel_counter = []: null

2019-08-23 17:32:55 - [TEST_STEP][PASSED] - free_spin_reel_counter[0] = 0: null

2019-08-23 17:32:55 - [TEST_STEP][PASSED] - free_spin_reel_counter[1] = 0: null

2019-08-23 17:32:55 - [TEST_STEP][PASSED] - free_spin_reel_counter[2] = 0: null

2019-08-23 17:32:55 - [TEST_STEP][PASSED] - M4_spin_reels = reels: null

2019-08-23 17:32:55 - [TEST_STEP][PASSED] - for ([i = 0, i &lt; M4_spin_reels.size(), (i++)]): null

2019-08-23 17:32:55 - [TEST_STEP][PASSED] - symbols = symbols: null

2019-08-23 17:32:55 - [TEST_STEP][PASSED] - for ([j = 0, j &lt; symbols.size(), (j++)]): null

2019-08-23 17:32:55 - [TEST_STEP][PASSED] - symbol = symbol: null

2019-08-23 17:32:55 - [TEST_STEP][PASSED] - println(symbol): null

2019-08-23 17:32:55 - [TEST_STEP][PASSED] - if (i == 2 &amp;&amp; wildList.indexOf(symbol) != -1): null

2019-08-23 17:32:55 - [TEST_STEP][PASSED] - if (i == 3 &amp;&amp; wildList.indexOf(symbol) != -1): null

2019-08-23 17:32:55 - [TEST_STEP][PASSED] - if (i == 4 &amp;&amp; wildList.indexOf(symbol) != -1): null

2019-08-23 17:32:55 - [TEST_STEP][PASSED] - symbol = symbol: null

2019-08-23 17:32:55 - [TEST_STEP][PASSED] - println(symbol): null

2019-08-23 17:32:55 - [TEST_STEP][PASSED] - if (i == 2 &amp;&amp; wildList.indexOf(symbol) != -1): null

2019-08-23 17:32:55 - [TEST_STEP][PASSED] - if (i == 3 &amp;&amp; wildList.indexOf(symbol) != -1): null

2019-08-23 17:32:55 - [TEST_STEP][PASSED] - if (i == 4 &amp;&amp; wildList.indexOf(symbol) != -1): null

2019-08-23 17:32:55 - [TEST_STEP][PASSED] - symbol = symbol: null

2019-08-23 17:32:55 - [TEST_STEP][PASSED] - println(symbol): null

2019-08-23 17:32:55 - [TEST_STEP][PASSED] - if (i == 2 &amp;&amp; wildList.indexOf(symbol) != -1): null

2019-08-23 17:32:55 - [TEST_STEP][PASSED] - if (i == 3 &amp;&amp; wildList.indexOf(symbol) != -1): null

2019-08-23 17:32:55 - [TEST_STEP][PASSED] - if (i == 4 &amp;&amp; wildList.indexOf(symbol) != -1): null

2019-08-23 17:32:55 - [TEST_STEP][PASSED] - symbols = symbols: null

2019-08-23 17:32:55 - [TEST_STEP][PASSED] - for ([j = 0, j &lt; symbols.size(), (j++)]): null

2019-08-23 17:32:55 - [TEST_STEP][PASSED] - symbol = symbol: null

2019-08-23 17:32:55 - [TEST_STEP][PASSED] - println(symbol): null

2019-08-23 17:32:55 - [TEST_STEP][PASSED] - if (i == 2 &amp;&amp; wildList.indexOf(symbol) != -1): null

2019-08-23 17:32:55 - [TEST_STEP][PASSED] - if (i == 3 &amp;&amp; wildList.indexOf(symbol) != -1): null

2019-08-23 17:32:55 - [TEST_STEP][PASSED] - if (i == 4 &amp;&amp; wildList.indexOf(symbol) != -1): null

2019-08-23 17:32:55 - [TEST_STEP][PASSED] - symbol = symbol: null

2019-08-23 17:32:55 - [TEST_STEP][PASSED] - println(symbol): null

2019-08-23 17:32:55 - [TEST_STEP][PASSED] - if (i == 2 &amp;&amp; wildList.indexOf(symbol) != -1): null

2019-08-23 17:32:55 - [TEST_STEP][PASSED] - if (i == 3 &amp;&amp; wildList.indexOf(symbol) != -1): null

2019-08-23 17:32:55 - [TEST_STEP][PASSED] - if (i == 4 &amp;&amp; wildList.indexOf(symbol) != -1): null

2019-08-23 17:32:55 - [TEST_STEP][PASSED] - symbol = symbol: null

2019-08-23 17:32:55 - [TEST_STEP][PASSED] - println(symbol): null

2019-08-23 17:32:55 - [TEST_STEP][PASSED] - if (i == 2 &amp;&amp; wildList.indexOf(symbol) != -1): null

2019-08-23 17:32:55 - [TEST_STEP][PASSED] - if (i == 3 &amp;&amp; wildList.indexOf(symbol) != -1): null

2019-08-23 17:32:55 - [TEST_STEP][PASSED] - if (i == 4 &amp;&amp; wildList.indexOf(symbol) != -1): null

2019-08-23 17:32:55 - [TEST_STEP][PASSED] - symbols = symbols: null

2019-08-23 17:32:55 - [TEST_STEP][PASSED] - for ([j = 0, j &lt; symbols.size(), (j++)]): null

2019-08-23 17:32:55 - [TEST_STEP][PASSED] - symbol = symbol: null

2019-08-23 17:32:55 - [TEST_STEP][PASSED] - println(symbol): null

2019-08-23 17:32:55 - [TEST_STEP][PASSED] - if (i == 2 &amp;&amp; wildList.indexOf(symbol) != -1): null

2019-08-23 17:32:55 - [TEST_STEP][PASSED] - if (i == 3 &amp;&amp; wildList.indexOf(symbol) != -1): null

2019-08-23 17:32:55 - [TEST_STEP][PASSED] - if (i == 4 &amp;&amp; wildList.indexOf(symbol) != -1): null

2019-08-23 17:32:55 - [TEST_STEP][PASSED] - symbol = symbol: null

2019-08-23 17:32:55 - [TEST_STEP][PASSED] - println(symbol): null

2019-08-23 17:32:55 - [TEST_STEP][PASSED] - if (i == 2 &amp;&amp; wildList.indexOf(symbol) != -1): null

2019-08-23 17:32:55 - [TEST_STEP][PASSED] - if (i == 3 &amp;&amp; wildList.indexOf(symbol) != -1): null

2019-08-23 17:32:55 - [TEST_STEP][PASSED] - if (i == 4 &amp;&amp; wildList.indexOf(symbol) != -1): null

2019-08-23 17:32:55 - [TEST_STEP][PASSED] - symbol = symbol: null

2019-08-23 17:32:55 - [TEST_STEP][PASSED] - println(symbol): null

2019-08-23 17:32:55 - [TEST_STEP][PASSED] - if (i == 2 &amp;&amp; wildList.indexOf(symbol) != -1): null

2019-08-23 17:32:55 - [TEST_STEP][PASSED] - if (i == 3 &amp;&amp; wildList.indexOf(symbol) != -1): null

2019-08-23 17:32:55 - [TEST_STEP][PASSED] - if (i == 4 &amp;&amp; wildList.indexOf(symbol) != -1): null

2019-08-23 17:32:55 - [TEST_STEP][PASSED] - symbols = symbols: null

2019-08-23 17:32:55 - [TEST_STEP][PASSED] - for ([j = 0, j &lt; symbols.size(), (j++)]): null

2019-08-23 17:32:55 - [TEST_STEP][PASSED] - symbol = symbol: null

2019-08-23 17:32:55 - [TEST_STEP][PASSED] - println(symbol): null

2019-08-23 17:32:55 - [TEST_STEP][PASSED] - if (i == 2 &amp;&amp; wildList.indexOf(symbol) != -1): null

2019-08-23 17:32:55 - [TEST_STEP][PASSED] - if (i == 3 &amp;&amp; wildList.indexOf(symbol) != -1): null

2019-08-23 17:32:55 - [TEST_STEP][PASSED] - if (i == 4 &amp;&amp; wildList.indexOf(symbol) != -1): null

2019-08-23 17:32:55 - [TEST_STEP][PASSED] - symbol = symbol: null

2019-08-23 17:32:55 - [TEST_STEP][PASSED] - println(symbol): null

2019-08-23 17:32:55 - [TEST_STEP][PASSED] - if (i == 2 &amp;&amp; wildList.indexOf(symbol) != -1): null

2019-08-23 17:32:55 - [TEST_STEP][PASSED] - if (i == 3 &amp;&amp; wildList.indexOf(symbol) != -1): null

2019-08-23 17:32:55 - [TEST_STEP][PASSED] - if (i == 4 &amp;&amp; wildList.indexOf(symbol) != -1): null

2019-08-23 17:32:55 - [TEST_STEP][PASSED] - symbol = symbol: null

2019-08-23 17:32:55 - [TEST_STEP][PASSED] - println(symbol): null

2019-08-23 17:32:55 - [TEST_STEP][PASSED] - if (i == 2 &amp;&amp; wildList.indexOf(symbol) != -1): null

2019-08-23 17:32:55 - [TEST_STEP][PASSED] - if (i == 3 &amp;&amp; wildList.indexOf(symbol) != -1): null

2019-08-23 17:32:55 - [TEST_STEP][PASSED] - if (i == 4 &amp;&amp; wildList.indexOf(symbol) != -1): null

2019-08-23 17:32:55 - [TEST_STEP][PASSED] - symbols = symbols: null

2019-08-23 17:32:55 - [TEST_STEP][PASSED] - for ([j = 0, j &lt; symbols.size(), (j++)]): null

2019-08-23 17:32:55 - [TEST_STEP][PASSED] - symbol = symbol: null

2019-08-23 17:32:55 - [TEST_STEP][PASSED] - println(symbol): null

2019-08-23 17:32:55 - [TEST_STEP][PASSED] - if (i == 2 &amp;&amp; wildList.indexOf(symbol) != -1): null

2019-08-23 17:32:55 - [TEST_STEP][PASSED] - if (i == 3 &amp;&amp; wildList.indexOf(symbol) != -1): null

2019-08-23 17:32:55 - [TEST_STEP][PASSED] - if (i == 4 &amp;&amp; wildList.indexOf(symbol) != -1): null

2019-08-23 17:32:55 - [TEST_STEP][PASSED] - symbol = symbol: null

2019-08-23 17:32:55 - [TEST_STEP][PASSED] - println(symbol): null

2019-08-23 17:32:55 - [TEST_STEP][PASSED] - if (i == 2 &amp;&amp; wildList.indexOf(symbol) != -1): null

2019-08-23 17:32:55 - [TEST_STEP][PASSED] - if (i == 3 &amp;&amp; wildList.indexOf(symbol) != -1): null

2019-08-23 17:32:55 - [TEST_STEP][PASSED] - if (i == 4 &amp;&amp; wildList.indexOf(symbol) != -1): null

2019-08-23 17:32:55 - [TEST_STEP][PASSED] - symbol = symbol: null

2019-08-23 17:32:55 - [TEST_STEP][PASSED] - println(symbol): null

2019-08-23 17:32:55 - [TEST_STEP][PASSED] - if (i == 2 &amp;&amp; wildList.indexOf(symbol) != -1): null

2019-08-23 17:32:55 - [TEST_STEP][PASSED] - if (i == 3 &amp;&amp; wildList.indexOf(symbol) != -1): null

2019-08-23 17:32:55 - [TEST_STEP][PASSED] - if (i == 4 &amp;&amp; wildList.indexOf(symbol) != -1): null

2019-08-23 17:32:55 - [TEST_STEP][PASSED] - free_spin_reel_counter = free_spin_reel_counter: null

2019-08-23 17:32:55 - [TEST_STEP][PASSED] - println("reel 3 wild found: " + free_spin_reel_counter[0]): null

2019-08-23 17:32:55 - [TEST_STEP][PASSED] - println("reel 4 wild found: " + free_spin_reel_counter[1]): null

2019-08-23 17:32:55 - [TEST_STEP][PASSED] - println("reel 5 wild found: " + free_spin_reel_counter[2]): null

2019-08-23 17:32:55 - [TEST_STEP][PASSED] - M4_spin_reels = M4_spin_reels: null

2019-08-23 17:32:55 - [TEST_STEP][PASSED] - M4_spin_reels_symbols = symbol: null

2019-08-23 17:32:55 - [TEST_STEP][PASSED] - M4_spin_reels_symbols = M4_spin_reels_symbols: null

2019-08-23 17:32:55 - [TEST_STEP][PASSED] - M4_spin_reel_wins = reel_wins: null

2019-08-23 17:32:55 - [TEST_STEP][PASSED] - M4_spin_reel_wins = M4_spin_reel_wins: null

2019-08-23 17:32:55 - [TEST_STEP][PASSED] - println("GlobalVariable.M4_spin_reel_wins is: " + M4_spin_reel_wins): null

2019-08-23 17:32:55 - [TEST_STEP][PASSED] - M4_spin_total_bonus_win_this_round = total_bonus_win_this_round: null

2019-08-23 17:32:55 - [TEST_STEP][PASSED] - M4_spin_total_bonus_win_this_round = M4_spin_total_bonus_win_this_round: null

2019-08-23 17:32:55 - [TEST_STEP][PASSED] - println("GlobalVariable.M4_spin_total_bonus_win_this_round is: " + M4_spin_total_bonus_win_this_round): null

2019-08-23 17:32:55 - [TEST_STEP][PASSED] - M4_spin_bonus_spin_result = spin_result: null

2019-08-23 17:32:55 - [TEST_STEP][PASSED] - M4_spin_bonus_spin_result = M4_spin_bonus_spin_result: null

2019-08-23 17:32:55 - [MESSAGE][PASSED] - Verify response successfully

2019-08-23 17:32:55 - [MESSAGE][PASSED] - Send request and verify the response successfully

2019-08-23 17:32:55 - [TEST_STEP][PASSED] - if (free_spin_reel_counter[0] &gt;= 1 &amp;&amp; free_spin_reel_counter[1] &gt;= 1 &amp;&amp; free_spin_reel_counter[2] &gt;= 1): null

2019-08-23 17:32:55 - [TEST_STEP][PASSED] - spin_result = sendRequestAndVerify(findTestObject("INT/RGS(M4)/1_M4_spin", ["M4_login_user_id":M4_login_user_id, "rgs_session_token":rgs_session_token, "partner":Partner])): Send request and verify the response successfully

2019-08-23 17:32:56 - [MESSAGE][INFO] - HAR: /Users/eiralee/Katalon_Script/SuperWild/Reports/20190823_173235/INT/superWild_1/20190823_173235/requests/main/6.har

2019-08-23 17:32:56 - [TEST_CASE][PASSED] - Start Test Case : Verification: Verification accomplished successfully

2019-08-23 17:32:56 - [TEST_STEP][PASSED] - request = getInstance().getCurrentRequest(): null

2019-08-23 17:32:56 - [TEST_STEP][PASSED] - response = getInstance().getCurrentResponse(): null

2019-08-23 17:32:56 - [TEST_STEP][PASSED] - verifyResponseStatusCode(response, 200): Verify response status code successfully

2019-08-23 17:32:56 - [MESSAGE][PASSED] - Verify response status code successfully

2019-08-23 17:32:56 - [TEST_STEP][PASSED] - getStatusCode()).isEqualTo(200): null

2019-08-23 17:32:56 - [TEST_STEP][PASSED] - newline = System.getProperty("line.separator"): null

2019-08-23 17:32:56 - [TEST_STEP][PASSED] - M4_spin = new groovy.json.JsonSlurper(): null

2019-08-23 17:32:56 - [TEST_STEP][PASSED] - result_M4_spin = M4_spin.parseText(response.getResponseBodyContent()): null

2019-08-23 17:32:56 - [TEST_STEP][PASSED] - M4_spin_current_balance = current_balance: null

2019-08-23 17:32:56 - [TEST_STEP][PASSED] - M4_spin_current_balance = M4_spin_current_balance: null

2019-08-23 17:32:56 - [TEST_STEP][PASSED] - M4_spin_transaction_id = causality: null

2019-08-23 17:32:56 - [TEST_STEP][PASSED] - M4_spin_transaction_id = M4_spin_transaction_id: null

2019-08-23 17:32:56 - [TEST_STEP][PASSED] - M4_spin_round_id = round_id: null

2019-08-23 17:32:56 - [TEST_STEP][PASSED] - M4_spin_round_id = M4_spin_round_id: null

2019-08-23 17:32:56 - [TEST_STEP][PASSED] - M4_spin_line_wins = line_wins: null

2019-08-23 17:32:56 - [TEST_STEP][PASSED] - M4_spin_line_wins = M4_spin_line_wins: null

2019-08-23 17:32:56 - [TEST_STEP][PASSED] - M4_total_bonus_spins_int = total_bonus_spins: null

2019-08-23 17:32:56 - [TEST_STEP][PASSED] - println("******M4_total_bonus_spins type is:*******" + newline + getClass().getName()): null

2019-08-23 17:32:56 - [TEST_STEP][PASSED] - M4_total_bonus_spins_int = M4_total_bonus_spins_int: null

2019-08-23 17:32:56 - [TEST_STEP][PASSED] - M4_total_bonus_spins = Integer.toString(M4_total_bonus_spins_int): null

2019-08-23 17:32:56 - [TEST_STEP][PASSED] - M4_total_bonus_spins = M4_total_bonus_spins: null

2019-08-23 17:32:56 - [TEST_STEP][PASSED] - println("M4_total_bonus_spins is:" + M4_total_bonus_spins): null

2019-08-23 17:32:56 - [TEST_STEP][PASSED] - M4_spin_bonus_data = bonus_data: null

2019-08-23 17:32:56 - [TEST_STEP][PASSED] - M4_spin_features_triggered = result_M4_spin: null

2019-08-23 17:32:56 - [TEST_STEP][PASSED] - wild = []: null

2019-08-23 17:32:56 - [TEST_STEP][PASSED] - wild[0] = "WILD_Expanding": null

2019-08-23 17:32:56 - [TEST_STEP][PASSED] - wild[1] = "WILD_Normal": null

2019-08-23 17:32:56 - [TEST_STEP][PASSED] - wild[2] = "WILD_Double": null

2019-08-23 17:32:56 - [TEST_STEP][PASSED] - wild[3] = "WILD_ExtraFG": null

2019-08-23 17:32:56 - [TEST_STEP][PASSED] - wild[4] = "WILD_Triple": null

2019-08-23 17:32:56 - [TEST_STEP][PASSED] - wildList = Arrays.asList(wild): null

2019-08-23 17:32:56 - [TEST_STEP][PASSED] - wildList = wildList: null

2019-08-23 17:32:56 - [TEST_STEP][PASSED] - free_spin_reel_counter = []: null

2019-08-23 17:32:56 - [TEST_STEP][PASSED] - free_spin_reel_counter[0] = 0: null

2019-08-23 17:32:56 - [TEST_STEP][PASSED] - free_spin_reel_counter[1] = 0: null

2019-08-23 17:32:56 - [TEST_STEP][PASSED] - free_spin_reel_counter[2] = 0: null

2019-08-23 17:32:56 - [TEST_STEP][PASSED] - M4_spin_reels = reels: null

2019-08-23 17:32:56 - [TEST_STEP][PASSED] - for ([i = 0, i &lt; M4_spin_reels.size(), (i++)]): null

2019-08-23 17:32:56 - [TEST_STEP][PASSED] - symbols = symbols: null

2019-08-23 17:32:56 - [TEST_STEP][PASSED] - for ([j = 0, j &lt; symbols.size(), (j++)]): null

2019-08-23 17:32:56 - [TEST_STEP][PASSED] - symbol = symbol: null

2019-08-23 17:32:56 - [TEST_STEP][PASSED] - println(symbol): null

2019-08-23 17:32:56 - [TEST_STEP][PASSED] - if (i == 2 &amp;&amp; wildList.indexOf(symbol) != -1): null

2019-08-23 17:32:56 - [TEST_STEP][PASSED] - if (i == 3 &amp;&amp; wildList.indexOf(symbol) != -1): null

2019-08-23 17:32:56 - [TEST_STEP][PASSED] - if (i == 4 &amp;&amp; wildList.indexOf(symbol) != -1): null

2019-08-23 17:32:56 - [TEST_STEP][PASSED] - symbol = symbol: null

2019-08-23 17:32:56 - [TEST_STEP][PASSED] - println(symbol): null

2019-08-23 17:32:56 - [TEST_STEP][PASSED] - if (i == 2 &amp;&amp; wildList.indexOf(symbol) != -1): null

2019-08-23 17:32:56 - [TEST_STEP][PASSED] - if (i == 3 &amp;&amp; wildList.indexOf(symbol) != -1): null

2019-08-23 17:32:56 - [TEST_STEP][PASSED] - if (i == 4 &amp;&amp; wildList.indexOf(symbol) != -1): null

2019-08-23 17:32:56 - [TEST_STEP][PASSED] - symbol = symbol: null

2019-08-23 17:32:56 - [TEST_STEP][PASSED] - println(symbol): null

2019-08-23 17:32:56 - [TEST_STEP][PASSED] - if (i == 2 &amp;&amp; wildList.indexOf(symbol) != -1): null

2019-08-23 17:32:56 - [TEST_STEP][PASSED] - if (i == 3 &amp;&amp; wildList.indexOf(symbol) != -1): null

2019-08-23 17:32:56 - [TEST_STEP][PASSED] - if (i == 4 &amp;&amp; wildList.indexOf(symbol) != -1): null

2019-08-23 17:32:56 - [TEST_STEP][PASSED] - symbols = symbols: null

2019-08-23 17:32:56 - [TEST_STEP][PASSED] - for ([j = 0, j &lt; symbols.size(), (j++)]): null

2019-08-23 17:32:56 - [TEST_STEP][PASSED] - symbol = symbol: null

2019-08-23 17:32:56 - [TEST_STEP][PASSED] - println(symbol): null

2019-08-23 17:32:56 - [TEST_STEP][PASSED] - if (i == 2 &amp;&amp; wildList.indexOf(symbol) != -1): null

2019-08-23 17:32:56 - [TEST_STEP][PASSED] - if (i == 3 &amp;&amp; wildList.indexOf(symbol) != -1): null

2019-08-23 17:32:56 - [TEST_STEP][PASSED] - if (i == 4 &amp;&amp; wildList.indexOf(symbol) != -1): null

2019-08-23 17:32:56 - [TEST_STEP][PASSED] - symbol = symbol: null

2019-08-23 17:32:56 - [TEST_STEP][PASSED] - println(symbol): null

2019-08-23 17:32:56 - [TEST_STEP][PASSED] - if (i == 2 &amp;&amp; wildList.indexOf(symbol) != -1): null

2019-08-23 17:32:56 - [TEST_STEP][PASSED] - if (i == 3 &amp;&amp; wildList.indexOf(symbol) != -1): null

2019-08-23 17:32:56 - [TEST_STEP][PASSED] - if (i == 4 &amp;&amp; wildList.indexOf(symbol) != -1): null

2019-08-23 17:32:56 - [TEST_STEP][PASSED] - symbol = symbol: null

2019-08-23 17:32:56 - [TEST_STEP][PASSED] - println(symbol): null

2019-08-23 17:32:56 - [TEST_STEP][PASSED] - if (i == 2 &amp;&amp; wildList.indexOf(symbol) != -1): null

2019-08-23 17:32:56 - [TEST_STEP][PASSED] - if (i == 3 &amp;&amp; wildList.indexOf(symbol) != -1): null

2019-08-23 17:32:56 - [TEST_STEP][PASSED] - if (i == 4 &amp;&amp; wildList.indexOf(symbol) != -1): null

2019-08-23 17:32:56 - [TEST_STEP][PASSED] - symbols = symbols: null

2019-08-23 17:32:56 - [TEST_STEP][PASSED] - for ([j = 0, j &lt; symbols.size(), (j++)]): null

2019-08-23 17:32:56 - [TEST_STEP][PASSED] - symbol = symbol: null

2019-08-23 17:32:56 - [TEST_STEP][PASSED] - println(symbol): null

2019-08-23 17:32:56 - [TEST_STEP][PASSED] - if (i == 2 &amp;&amp; wildList.indexOf(symbol) != -1): null

2019-08-23 17:32:56 - [TEST_STEP][PASSED] - if (i == 3 &amp;&amp; wildList.indexOf(symbol) != -1): null

2019-08-23 17:32:56 - [TEST_STEP][PASSED] - if (i == 4 &amp;&amp; wildList.indexOf(symbol) != -1): null

2019-08-23 17:32:56 - [TEST_STEP][PASSED] - symbol = symbol: null

2019-08-23 17:32:56 - [TEST_STEP][PASSED] - println(symbol): null

2019-08-23 17:32:56 - [TEST_STEP][PASSED] - if (i == 2 &amp;&amp; wildList.indexOf(symbol) != -1): null

2019-08-23 17:32:56 - [TEST_STEP][PASSED] - if (i == 3 &amp;&amp; wildList.indexOf(symbol) != -1): null

2019-08-23 17:32:56 - [TEST_STEP][PASSED] - if (i == 4 &amp;&amp; wildList.indexOf(symbol) != -1): null

2019-08-23 17:32:56 - [TEST_STEP][PASSED] - symbol = symbol: null

2019-08-23 17:32:56 - [TEST_STEP][PASSED] - println(symbol): null

2019-08-23 17:32:56 - [TEST_STEP][PASSED] - if (i == 2 &amp;&amp; wildList.indexOf(symbol) != -1): null

2019-08-23 17:32:56 - [TEST_STEP][PASSED] - if (i == 3 &amp;&amp; wildList.indexOf(symbol) != -1): null

2019-08-23 17:32:56 - [TEST_STEP][PASSED] - if (i == 4 &amp;&amp; wildList.indexOf(symbol) != -1): null

2019-08-23 17:32:56 - [TEST_STEP][PASSED] - symbols = symbols: null

2019-08-23 17:32:56 - [TEST_STEP][PASSED] - for ([j = 0, j &lt; symbols.size(), (j++)]): null

2019-08-23 17:32:56 - [TEST_STEP][PASSED] - symbol = symbol: null

2019-08-23 17:32:56 - [TEST_STEP][PASSED] - println(symbol): null

2019-08-23 17:32:56 - [TEST_STEP][PASSED] - if (i == 2 &amp;&amp; wildList.indexOf(symbol) != -1): null

2019-08-23 17:32:56 - [TEST_STEP][PASSED] - if (i == 3 &amp;&amp; wildList.indexOf(symbol) != -1): null

2019-08-23 17:32:56 - [TEST_STEP][PASSED] - if (i == 4 &amp;&amp; wildList.indexOf(symbol) != -1): null

2019-08-23 17:32:56 - [TEST_STEP][PASSED] - symbol = symbol: null

2019-08-23 17:32:56 - [TEST_STEP][PASSED] - println(symbol): null

2019-08-23 17:32:56 - [TEST_STEP][PASSED] - if (i == 2 &amp;&amp; wildList.indexOf(symbol) != -1): null

2019-08-23 17:32:56 - [TEST_STEP][PASSED] - if (i == 3 &amp;&amp; wildList.indexOf(symbol) != -1): null

2019-08-23 17:32:56 - [TEST_STEP][PASSED] - if (i == 4 &amp;&amp; wildList.indexOf(symbol) != -1): null

2019-08-23 17:32:56 - [TEST_STEP][PASSED] - symbol = symbol: null

2019-08-23 17:32:56 - [TEST_STEP][PASSED] - println(symbol): null

2019-08-23 17:32:56 - [TEST_STEP][PASSED] - if (i == 2 &amp;&amp; wildList.indexOf(symbol) != -1): null

2019-08-23 17:32:56 - [TEST_STEP][PASSED] - if (i == 3 &amp;&amp; wildList.indexOf(symbol) != -1): null

2019-08-23 17:32:56 - [TEST_STEP][PASSED] - if (i == 4 &amp;&amp; wildList.indexOf(symbol) != -1): null

2019-08-23 17:32:56 - [TEST_STEP][PASSED] - symbols = symbols: null

2019-08-23 17:32:56 - [TEST_STEP][PASSED] - for ([j = 0, j &lt; symbols.size(), (j++)]): null

2019-08-23 17:32:56 - [TEST_STEP][PASSED] - symbol = symbol: null

2019-08-23 17:32:56 - [TEST_STEP][PASSED] - println(symbol): null

2019-08-23 17:32:56 - [TEST_STEP][PASSED] - if (i == 2 &amp;&amp; wildList.indexOf(symbol) != -1): null

2019-08-23 17:32:56 - [TEST_STEP][PASSED] - if (i == 3 &amp;&amp; wildList.indexOf(symbol) != -1): null

2019-08-23 17:32:56 - [TEST_STEP][PASSED] - if (i == 4 &amp;&amp; wildList.indexOf(symbol) != -1): null

2019-08-23 17:32:56 - [TEST_STEP][PASSED] - symbol = symbol: null

2019-08-23 17:32:56 - [TEST_STEP][PASSED] - println(symbol): null

2019-08-23 17:32:56 - [TEST_STEP][PASSED] - if (i == 2 &amp;&amp; wildList.indexOf(symbol) != -1): null

2019-08-23 17:32:56 - [TEST_STEP][PASSED] - if (i == 3 &amp;&amp; wildList.indexOf(symbol) != -1): null

2019-08-23 17:32:56 - [TEST_STEP][PASSED] - if (i == 4 &amp;&amp; wildList.indexOf(symbol) != -1): null

2019-08-23 17:32:56 - [TEST_STEP][PASSED] - symbol = symbol: null

2019-08-23 17:32:56 - [TEST_STEP][PASSED] - println(symbol): null

2019-08-23 17:32:56 - [TEST_STEP][PASSED] - if (i == 2 &amp;&amp; wildList.indexOf(symbol) != -1): null

2019-08-23 17:32:56 - [TEST_STEP][PASSED] - if (i == 3 &amp;&amp; wildList.indexOf(symbol) != -1): null

2019-08-23 17:32:56 - [TEST_STEP][PASSED] - if (i == 4 &amp;&amp; wildList.indexOf(symbol) != -1): null

2019-08-23 17:32:56 - [TEST_STEP][PASSED] - free_spin_reel_counter = free_spin_reel_counter: null

2019-08-23 17:32:56 - [TEST_STEP][PASSED] - println("reel 3 wild found: " + free_spin_reel_counter[0]): null

2019-08-23 17:32:56 - [TEST_STEP][PASSED] - println("reel 4 wild found: " + free_spin_reel_counter[1]): null

2019-08-23 17:32:56 - [TEST_STEP][PASSED] - println("reel 5 wild found: " + free_spin_reel_counter[2]): null

2019-08-23 17:32:56 - [TEST_STEP][PASSED] - M4_spin_reels = M4_spin_reels: null

2019-08-23 17:32:56 - [TEST_STEP][PASSED] - M4_spin_reels_symbols = symbol: null

2019-08-23 17:32:56 - [TEST_STEP][PASSED] - M4_spin_reels_symbols = M4_spin_reels_symbols: null

2019-08-23 17:32:56 - [TEST_STEP][PASSED] - M4_spin_reel_wins = reel_wins: null

2019-08-23 17:32:56 - [TEST_STEP][PASSED] - M4_spin_reel_wins = M4_spin_reel_wins: null

2019-08-23 17:32:56 - [TEST_STEP][PASSED] - println("GlobalVariable.M4_spin_reel_wins is: " + M4_spin_reel_wins): null

2019-08-23 17:32:56 - [TEST_STEP][PASSED] - M4_spin_total_bonus_win_this_round = total_bonus_win_this_round: null

2019-08-23 17:32:56 - [TEST_STEP][PASSED] - M4_spin_total_bonus_win_this_round = M4_spin_total_bonus_win_this_round: null

2019-08-23 17:32:56 - [TEST_STEP][PASSED] - println("GlobalVariable.M4_spin_total_bonus_win_this_round is: " + M4_spin_total_bonus_win_this_round): null

2019-08-23 17:32:56 - [TEST_STEP][PASSED] - M4_spin_bonus_spin_result = spin_result: null

2019-08-23 17:32:56 - [TEST_STEP][PASSED] - M4_spin_bonus_spin_result = M4_spin_bonus_spin_result: null

2019-08-23 17:32:56 - [MESSAGE][PASSED] - Verify response successfully

2019-08-23 17:32:56 - [MESSAGE][PASSED] - Send request and verify the response successfully

2019-08-23 17:32:56 - [TEST_STEP][PASSED] - if (free_spin_reel_counter[0] &gt;= 1 &amp;&amp; free_spin_reel_counter[1] &gt;= 1 &amp;&amp; free_spin_reel_counter[2] &gt;= 1): null

2019-08-23 17:32:56 - [TEST_STEP][PASSED] - spin_result = sendRequestAndVerify(findTestObject("INT/RGS(M4)/1_M4_spin", ["M4_login_user_id":M4_login_user_id, "rgs_session_token":rgs_session_token, "partner":Partner])): Send request and verify the response successfully

2019-08-23 17:32:56 - [MESSAGE][INFO] - HAR: /Users/eiralee/Katalon_Script/SuperWild/Reports/20190823_173235/INT/superWild_1/20190823_173235/requests/main/7.har

2019-08-23 17:32:56 - [TEST_CASE][PASSED] - Start Test Case : Verification: Verification accomplished successfully

2019-08-23 17:32:56 - [TEST_STEP][PASSED] - request = getInstance().getCurrentRequest(): null

2019-08-23 17:32:56 - [TEST_STEP][PASSED] - response = getInstance().getCurrentResponse(): null

2019-08-23 17:32:56 - [TEST_STEP][PASSED] - verifyResponseStatusCode(response, 200): Verify response status code successfully

2019-08-23 17:32:56 - [MESSAGE][PASSED] - Verify response status code successfully

2019-08-23 17:32:56 - [TEST_STEP][PASSED] - getStatusCode()).isEqualTo(200): null

2019-08-23 17:32:56 - [TEST_STEP][PASSED] - newline = System.getProperty("line.separator"): null

2019-08-23 17:32:56 - [TEST_STEP][PASSED] - M4_spin = new groovy.json.JsonSlurper(): null

2019-08-23 17:32:56 - [TEST_STEP][PASSED] - result_M4_spin = M4_spin.parseText(response.getResponseBodyContent()): null

2019-08-23 17:32:56 - [TEST_STEP][PASSED] - M4_spin_current_balance = current_balance: null

2019-08-23 17:32:56 - [TEST_STEP][PASSED] - M4_spin_current_balance = M4_spin_current_balance: null

2019-08-23 17:32:56 - [TEST_STEP][PASSED] - M4_spin_transaction_id = causality: null

2019-08-23 17:32:56 - [TEST_STEP][PASSED] - M4_spin_transaction_id = M4_spin_transaction_id: null

2019-08-23 17:32:56 - [TEST_STEP][PASSED] - M4_spin_round_id = round_id: null

2019-08-23 17:32:56 - [TEST_STEP][PASSED] - M4_spin_round_id = M4_spin_round_id: null

2019-08-23 17:32:56 - [TEST_STEP][PASSED] - M4_spin_line_wins = line_wins: null

2019-08-23 17:32:56 - [TEST_STEP][PASSED] - M4_spin_line_wins = M4_spin_line_wins: null

2019-08-23 17:32:56 - [TEST_STEP][PASSED] - M4_total_bonus_spins_int = total_bonus_spins: null

2019-08-23 17:32:56 - [TEST_STEP][PASSED] - println("******M4_total_bonus_spins type is:*******" + newline + getClass().getName()): null

2019-08-23 17:32:56 - [TEST_STEP][PASSED] - M4_total_bonus_spins_int = M4_total_bonus_spins_int: null

2019-08-23 17:32:56 - [TEST_STEP][PASSED] - M4_total_bonus_spins = Integer.toString(M4_total_bonus_spins_int): null

2019-08-23 17:32:56 - [TEST_STEP][PASSED] - M4_total_bonus_spins = M4_total_bonus_spins: null

2019-08-23 17:32:56 - [TEST_STEP][PASSED] - println("M4_total_bonus_spins is:" + M4_total_bonus_spins): null

2019-08-23 17:32:56 - [TEST_STEP][PASSED] - M4_spin_bonus_data = bonus_data: null

2019-08-23 17:32:56 - [TEST_STEP][PASSED] - M4_spin_features_triggered = result_M4_spin: null

2019-08-23 17:32:56 - [TEST_STEP][PASSED] - wild = []: null

2019-08-23 17:32:56 - [TEST_STEP][PASSED] - wild[0] = "WILD_Expanding": null

2019-08-23 17:32:56 - [TEST_STEP][PASSED] - wild[1] = "WILD_Normal": null

2019-08-23 17:32:56 - [TEST_STEP][PASSED] - wild[2] = "WILD_Double": null

2019-08-23 17:32:56 - [TEST_STEP][PASSED] - wild[3] = "WILD_ExtraFG": null

2019-08-23 17:32:56 - [TEST_STEP][PASSED] - wild[4] = "WILD_Triple": null

2019-08-23 17:32:56 - [TEST_STEP][PASSED] - wildList = Arrays.asList(wild): null

2019-08-23 17:32:56 - [TEST_STEP][PASSED] - wildList = wildList: null

2019-08-23 17:32:56 - [TEST_STEP][PASSED] - free_spin_reel_counter = []: null

2019-08-23 17:32:56 - [TEST_STEP][PASSED] - free_spin_reel_counter[0] = 0: null

2019-08-23 17:32:56 - [TEST_STEP][PASSED] - free_spin_reel_counter[1] = 0: null

2019-08-23 17:32:56 - [TEST_STEP][PASSED] - free_spin_reel_counter[2] = 0: null

2019-08-23 17:32:56 - [TEST_STEP][PASSED] - M4_spin_reels = reels: null

2019-08-23 17:32:56 - [TEST_STEP][PASSED] - for ([i = 0, i &lt; M4_spin_reels.size(), (i++)]): null

2019-08-23 17:32:56 - [TEST_STEP][PASSED] - symbols = symbols: null

2019-08-23 17:32:56 - [TEST_STEP][PASSED] - for ([j = 0, j &lt; symbols.size(), (j++)]): null

2019-08-23 17:32:56 - [TEST_STEP][PASSED] - symbol = symbol: null

2019-08-23 17:32:56 - [TEST_STEP][PASSED] - println(symbol): null

2019-08-23 17:32:56 - [TEST_STEP][PASSED] - if (i == 2 &amp;&amp; wildList.indexOf(symbol) != -1): null

2019-08-23 17:32:56 - [TEST_STEP][PASSED] - if (i == 3 &amp;&amp; wildList.indexOf(symbol) != -1): null

2019-08-23 17:32:56 - [TEST_STEP][PASSED] - if (i == 4 &amp;&amp; wildList.indexOf(symbol) != -1): null

2019-08-23 17:32:56 - [TEST_STEP][PASSED] - symbol = symbol: null

2019-08-23 17:32:56 - [TEST_STEP][PASSED] - println(symbol): null

2019-08-23 17:32:56 - [TEST_STEP][PASSED] - if (i == 2 &amp;&amp; wildList.indexOf(symbol) != -1): null

2019-08-23 17:32:56 - [TEST_STEP][PASSED] - if (i == 3 &amp;&amp; wildList.indexOf(symbol) != -1): null

2019-08-23 17:32:56 - [TEST_STEP][PASSED] - if (i == 4 &amp;&amp; wildList.indexOf(symbol) != -1): null

2019-08-23 17:32:56 - [TEST_STEP][PASSED] - symbol = symbol: null

2019-08-23 17:32:56 - [TEST_STEP][PASSED] - println(symbol): null

2019-08-23 17:32:56 - [TEST_STEP][PASSED] - if (i == 2 &amp;&amp; wildList.indexOf(symbol) != -1): null

2019-08-23 17:32:56 - [TEST_STEP][PASSED] - if (i == 3 &amp;&amp; wildList.indexOf(symbol) != -1): null

2019-08-23 17:32:56 - [TEST_STEP][PASSED] - if (i == 4 &amp;&amp; wildList.indexOf(symbol) != -1): null

2019-08-23 17:32:56 - [TEST_STEP][PASSED] - symbols = symbols: null

2019-08-23 17:32:56 - [TEST_STEP][PASSED] - for ([j = 0, j &lt; symbols.size(), (j++)]): null

2019-08-23 17:32:56 - [TEST_STEP][PASSED] - symbol = symbol: null

2019-08-23 17:32:56 - [TEST_STEP][PASSED] - println(symbol): null

2019-08-23 17:32:56 - [TEST_STEP][PASSED] - if (i == 2 &amp;&amp; wildList.indexOf(symbol) != -1): null

2019-08-23 17:32:56 - [TEST_STEP][PASSED] - if (i == 3 &amp;&amp; wildList.indexOf(symbol) != -1): null

2019-08-23 17:32:56 - [TEST_STEP][PASSED] - if (i == 4 &amp;&amp; wildList.indexOf(symbol) != -1): null

2019-08-23 17:32:56 - [TEST_STEP][PASSED] - symbol = symbol: null

2019-08-23 17:32:56 - [TEST_STEP][PASSED] - println(symbol): null

2019-08-23 17:32:56 - [TEST_STEP][PASSED] - if (i == 2 &amp;&amp; wildList.indexOf(symbol) != -1): null

2019-08-23 17:32:56 - [TEST_STEP][PASSED] - if (i == 3 &amp;&amp; wildList.indexOf(symbol) != -1): null

2019-08-23 17:32:56 - [TEST_STEP][PASSED] - if (i == 4 &amp;&amp; wildList.indexOf(symbol) != -1): null

2019-08-23 17:32:56 - [TEST_STEP][PASSED] - symbol = symbol: null

2019-08-23 17:32:56 - [TEST_STEP][PASSED] - println(symbol): null

2019-08-23 17:32:56 - [TEST_STEP][PASSED] - if (i == 2 &amp;&amp; wildList.indexOf(symbol) != -1): null

2019-08-23 17:32:56 - [TEST_STEP][PASSED] - if (i == 3 &amp;&amp; wildList.indexOf(symbol) != -1): null

2019-08-23 17:32:56 - [TEST_STEP][PASSED] - if (i == 4 &amp;&amp; wildList.indexOf(symbol) != -1): null

2019-08-23 17:32:56 - [TEST_STEP][PASSED] - symbols = symbols: null

2019-08-23 17:32:56 - [TEST_STEP][PASSED] - for ([j = 0, j &lt; symbols.size(), (j++)]): null

2019-08-23 17:32:56 - [TEST_STEP][PASSED] - symbol = symbol: null

2019-08-23 17:32:56 - [TEST_STEP][PASSED] - println(symbol): null

2019-08-23 17:32:56 - [TEST_STEP][PASSED] - if (i == 2 &amp;&amp; wildList.indexOf(symbol) != -1): null

2019-08-23 17:32:56 - [TEST_STEP][PASSED] - if (i == 3 &amp;&amp; wildList.indexOf(symbol) != -1): null

2019-08-23 17:32:56 - [TEST_STEP][PASSED] - if (i == 4 &amp;&amp; wildList.indexOf(symbol) != -1): null

2019-08-23 17:32:56 - [TEST_STEP][PASSED] - symbol = symbol: null

2019-08-23 17:32:56 - [TEST_STEP][PASSED] - println(symbol): null

2019-08-23 17:32:56 - [TEST_STEP][PASSED] - if (i == 2 &amp;&amp; wildList.indexOf(symbol) != -1): null

2019-08-23 17:32:56 - [TEST_STEP][PASSED] - if (i == 3 &amp;&amp; wildList.indexOf(symbol) != -1): null

2019-08-23 17:32:56 - [TEST_STEP][PASSED] - if (i == 4 &amp;&amp; wildList.indexOf(symbol) != -1): null

2019-08-23 17:32:56 - [TEST_STEP][PASSED] - symbol = symbol: null

2019-08-23 17:32:56 - [TEST_STEP][PASSED] - println(symbol): null

2019-08-23 17:32:56 - [TEST_STEP][PASSED] - if (i == 2 &amp;&amp; wildList.indexOf(symbol) != -1): null

2019-08-23 17:32:56 - [TEST_STEP][PASSED] - if (i == 3 &amp;&amp; wildList.indexOf(symbol) != -1): null

[...]

2019-08-23 17:34:23 - [TEST_STEP][PASSED] - M4_round_spin_result_key = M4_round_spin_result_list.keySet(): null

2019-08-23 17:34:23 - [TEST_STEP][PASSED] - M4_round_reel_key = M4_round_reels1.keySet(): null

2019-08-23 17:34:23 - [TEST_STEP][PASSED] - M4_round_feature_state_key = M4_round_feature_state.keySet(): null

2019-08-23 17:34:23 - [TEST_STEP][PASSED] - M4_round_reels_symbols_key_1 = M4_round_reels0_symbols1.keySet(): null

2019-08-23 17:34:23 - [TEST_STEP][PASSED] - M4_round_reels_symbols_key_2 = M4_round_reels0_symbols2.keySet(): null

2019-08-23 17:34:23 - [TEST_STEP][PASSED] - M4_round_reels_symbols_key_3 = M4_round_reels0_symbols3.keySet(): null

2019-08-23 17:34:23 - [TEST_STEP][PASSED] - M4_round_object_key_list = new java.util.ArrayList(M4_round_object_key): null

2019-08-23 17:34:23 - [TEST_STEP][PASSED] - M4_round_spin_result_key_list = new java.util.ArrayList(M4_round_spin_result_key): null

2019-08-23 17:34:23 - [TEST_STEP][PASSED] - M4_round_reel_key_list = new java.util.ArrayList(M4_round_reel_key): null

2019-08-23 17:34:23 - [TEST_STEP][PASSED] - M4_round_feature_state_key_list = new java.util.ArrayList(M4_round_feature_state_key): null

2019-08-23 17:34:23 - [TEST_STEP][PASSED] - M4_round_reels_symbols_key1 = new java.util.ArrayList(M4_round_reels_symbols_key_1): null

2019-08-23 17:34:23 - [TEST_STEP][PASSED] - M4_round_reels_symbols_key2 = new java.util.ArrayList(M4_round_reels_symbols_key_2): null

2019-08-23 17:34:23 - [TEST_STEP][PASSED] - M4_round_reels_symbols_key3 = new java.util.ArrayList(M4_round_reels_symbols_key_3): null

2019-08-23 17:34:23 - [TEST_STEP][PASSED] - M4_round_spin_result_list = M4_round_spin_result_list: null

2019-08-23 17:34:23 - [TEST_STEP][PASSED] - features_trigger = features_triggered: null

2019-08-23 17:34:23 - [TEST_STEP][PASSED] - feature_state_key = "": null

2019-08-23 17:34:23 - [TEST_STEP][PASSED] - features_triggered = "": null

2019-08-23 17:34:23 - [TEST_STEP][PASSED] - for ([i = 0, i &lt; features_trigger.size(), (i++)]): null

2019-08-23 17:34:23 - [TEST_STEP][PASSED] - feature_type = type: null

2019-08-23 17:34:23 - [TEST_STEP][PASSED] - if (feature_type == "FREE_SPIN"): null

2019-08-23 17:34:23 - [TEST_STEP][PASSED] - feature_type = type: null

2019-08-23 17:34:23 - [TEST_STEP][PASSED] - if (feature_type == "FREE_SPIN"): null

2019-08-23 17:34:23 - [TEST_STEP][PASSED] - feature_type = type: null

2019-08-23 17:34:23 - [TEST_STEP][PASSED] - if (feature_type == "FREE_SPIN"): null

2019-08-23 17:34:23 - [TEST_STEP][PASSED] - println("feature_type is:" + feature_type): null

2019-08-23 17:34:23 - [TEST_STEP][PASSED] - feature_state = feature_state: null

2019-08-23 17:34:23 - [TEST_STEP][PASSED] - feature_state_key = feature_state.keySet(): null

2019-08-23 17:34:23 - [TEST_STEP][PASSED] - features_triggered = features_trigger[i].keySet(): null

2019-08-23 17:34:23 - [TEST_STEP][PASSED] - features_triggered_list = new java.util.ArrayList(features_triggered): null

2019-08-23 17:34:23 - [TEST_STEP][PASSED] - feature_state_list = new java.util.ArrayList(feature_state_key): null

2019-08-23 17:34:23 - [TEST_STEP][PASSED] - println("M4_round_object_key_list is:" + M4_round_object_key_list): null

2019-08-23 17:34:23 - [TEST_STEP][PASSED] - println("M4_round_spin_result_key_list is: " + M4_round_spin_result_key_list): null

2019-08-23 17:34:23 - [TEST_STEP][PASSED] - println("features_triggered_list is: " + features_triggered_list): null

2019-08-23 17:34:23 - [TEST_STEP][PASSED] - println("M4_round_reel_key_list is: " + M4_round_reel_key_list): null

2019-08-23 17:34:23 - [TEST_STEP][PASSED] - println("M4_round_feature_state_key_list is: " + M4_round_feature_state_key_list): null

2019-08-23 17:34:23 - [TEST_STEP][PASSED] - println("M4_round_reels_symbols_key_1 is: " + M4_round_reels_symbols_key_1): null

2019-08-23 17:34:23 - [TEST_STEP][PASSED] - println("M4_round_reels_symbols_key_2 is: " + M4_round_reels_symbols_key_2): null

2019-08-23 17:34:23 - [TEST_STEP][PASSED] - println("M4_round_reels_symbols_key_3 is: " + M4_round_reels_symbols_key_3): null

2019-08-23 17:34:23 - [TEST_STEP][PASSED] - println("NG_top_level is: " + NG_top_level): null

2019-08-23 17:34:23 - [TEST_STEP][PASSED] - println("NG_spin_result is:" + NG_spin_result): null

2019-08-23 17:34:23 - [TEST_STEP][PASSED] - println("NG_feature_trigger is:" + NG_feature_trigger): null

2019-08-23 17:34:23 - [TEST_STEP][PASSED] - println("NG_reel is: " + NG_reel): null

2019-08-23 17:34:23 - [TEST_STEP][PASSED] - println("NG_feature_state is: " + NG_feature_state): null

2019-08-23 17:34:23 - [TEST_STEP][PASSED] - println("NG_reel_symbol1 is: " + NG_reel_symbol1): null

2019-08-23 17:34:23 - [TEST_STEP][PASSED] - println("NG_reel_symbol2 is: " + NG_reel_symbol2): null

2019-08-23 17:34:23 - [TEST_STEP][PASSED] - println("NG_reel_symbol3 is: " + NG_reel_symbol3): null

2019-08-23 17:34:23 - [TEST_STEP][PASSED] - println("feature_state_list is: " + feature_state_list): null

2019-08-23 17:34:23 - [TEST_STEP][PASSED] - assert NG_top_level.equals(M4_round_object_key_list): null

2019-08-23 17:34:23 - [TEST_STEP][PASSED] - assert NG_spin_result.equals(M4_round_spin_result_key_list): null

2019-08-23 17:34:23 - [TEST_STEP][PASSED] - assert NG_feature_trigger.equals(features_triggered_list): null

2019-08-23 17:34:23 - [TEST_STEP][PASSED] - assert NG_reel.equals(M4_round_reel_key_list): null

2019-08-23 17:34:23 - [TEST_STEP][PASSED] - assert NG_feature_state.equals(feature_state_list): null

2019-08-23 17:34:23 - [TEST_STEP][PASSED] - assert NG_reel_symbol1.equals(M4_round_reels_symbols_key1): null

2019-08-23 17:34:23 - [TEST_STEP][PASSED] - assert NG_reel_symbol2.equals(M4_round_reels_symbols_key2): null

2019-08-23 17:34:23 - [TEST_STEP][PASSED] - assert NG_reel_symbol3.equals(M4_round_reels_symbols_key3): null

2019-08-23 17:34:23 - [TEST_STEP][FAILED] - callTestCase(findTestCase("INT_env/compare_values/1_freeSpin_verify_value"), ["Partner":Partner, "Userid":Userid, "Game_code":Game_code, "url_krug_gw":url_krug_gw, "secret_key":secret_key, "M4_recorder":M4_recorder]): Unable to call Test Case 'Test Cases/INT_env/compare_values/1_freeSpin_verify_value' (Root cause: com.kms.katalon.core.exception.StepErrorException: Call Test Case 'Test Cases/INT_env/compare_values/1_freeSpin_verify_value' failed because of error(s)
	at com.kms.katalon.core.keyword.builtin.CallTestCaseKeyword$_callTestCase_closure1.doCall(CallTestCaseKeyword.groovy:66)
	at com.kms.katalon.core.keyword.builtin.CallTestCaseKeyword$_callTestCase_closure1.call(CallTestCaseKeyword.groovy)
	at com.kms.katalon.core.keyword.internal.KeywordMain.runKeyword(KeywordMain.groovy:68)
	at com.kms.katalon.core.keyword.builtin.CallTestCaseKeyword.callTestCase(CallTestCaseKeyword.groovy:81)
	at com.kms.katalon.core.keyword.builtin.CallTestCaseKeyword.execute(CallTestCaseKeyword.groovy:44)
	at com.kms.katalon.core.keyword.internal.KeywordExecutor.executeKeywordForPlatform(KeywordExecutor.groovy:56)
	at com.kms.katalon.core.keyword.BuiltinKeywords.callTestCase(BuiltinKeywords.groovy:350)
	at 1_Free_Spin_CALL.run(1_Free_Spin_CALL:210)
	at com.kms.katalon.core.main.ScriptEngine.run(ScriptEngine.java:194)
	at com.kms.katalon.core.main.ScriptEngine.runScriptAsRawText(ScriptEngine.java:119)
	at com.kms.katalon.core.main.TestCaseExecutor.runScript(TestCaseExecutor.java:337)
	at com.kms.katalon.core.main.TestCaseExecutor.doExecute(TestCaseExecutor.java:328)
	at com.kms.katalon.core.main.TestCaseExecutor.processExecutionPhase(TestCaseExecutor.java:307)
	at com.kms.katalon.core.main.TestCaseExecutor.accessMainPhase(TestCaseExecutor.java:299)
	at com.kms.katalon.core.main.TestCaseExecutor.execute(TestCaseExecutor.java:233)
	at com.kms.katalon.core.main.TestSuiteExecutor.accessTestCaseMainPhase(TestSuiteExecutor.java:150)
	at com.kms.katalon.core.main.TestSuiteExecutor.accessTestSuiteMainPhase(TestSuiteExecutor.java:123)
	at com.kms.katalon.core.main.TestSuiteExecutor.execute(TestSuiteExecutor.java:87)
	at com.kms.katalon.core.main.TestCaseMain.startTestSuite(TestCaseMain.java:157)
	at com.kms.katalon.core.main.TestCaseMain$startTestSuite$0.call(Unknown Source)
	at TempTestSuite1566552765578.run(TempTestSuite1566552765578.groovy:35)
Caused by: org.codehaus.groovy.control.MultipleCompilationErrorsException: startup failed:
file:/Users/eiralee/Katalon_Script/SuperWild/Scripts/INT_env/compare_values/1_freeSpin_verify_value/Script1565427951745.groovy: 336: The current scope already contains a variable of the name M4_history_bonuses1
 @ line 336, column 5.
   def M4_history_bonuses1 =GlobalVariable.M4_history_bonuses1
       ^

1 error

	at com.kms.katalon.core.main.ScriptEngine.getScript(ScriptEngine.java:199)
	at com.kms.katalon.core.main.ScriptEngine.run(ScriptEngine.java:194)
	at com.kms.katalon.core.main.ScriptEngine.runScriptAsRawText(ScriptEngine.java:119)
	at com.kms.katalon.core.main.TestCaseExecutor.runScript(TestCaseExecutor.java:337)
	at com.kms.katalon.core.main.TestCaseExecutor.doExecute(TestCaseExecutor.java:328)
	at com.kms.katalon.core.main.TestCaseExecutor.processExecutionPhase(TestCaseExecutor.java:307)
	at com.kms.katalon.core.main.TestCaseExecutor.accessMainPhase(TestCaseExecutor.java:299)
	at com.kms.katalon.core.main.TestCaseExecutor.execute(TestCaseExecutor.java:233)
	at com.kms.katalon.core.main.TestCaseMain.runTestCase(TestCaseMain.java:114)
	at com.kms.katalon.core.keyword.builtin.CallTestCaseKeyword$_callTestCase_closure1.doCall(CallTestCaseKeyword.groovy:59)
	... 20 more
)

2019-08-23 17:34:23 - [TEST_CASE][ERROR] - Test Cases/INT_env/compare_values/1_freeSpin_verify_value: Test Cases/INT_env/compare_values/1_freeSpin_verify_value FAILED.
Reason:
org.codehaus.groovy.control.MultipleCompilationErrorsException: startup failed:
file:/Users/eiralee/Katalon_Script/SuperWild/Scripts/INT_env/compare_values/1_freeSpin_verify_value/Script1565427951745.groovy: 336: The current scope already contains a variable of the name M4_history_bonuses1
 @ line 336, column 5.
   def M4_history_bonuses1 =GlobalVariable.M4_history_bonuses1
       ^

1 error

	at com.kms.katalon.core.main.ScriptEngine.getScript(ScriptEngine.java:199)
	at com.kms.katalon.core.main.ScriptEngine.run(ScriptEngine.java:194)
	at com.kms.katalon.core.main.ScriptEngine.runScriptAsRawText(ScriptEngine.java:119)
	at com.kms.katalon.core.main.TestCaseExecutor.runScript(TestCaseExecutor.java:337)
	at com.kms.katalon.core.main.TestCaseExecutor.doExecute(TestCaseExecutor.java:328)
	at com.kms.katalon.core.main.TestCaseExecutor.processExecutionPhase(TestCaseExecutor.java:307)
	at com.kms.katalon.core.main.TestCaseExecutor.accessMainPhase(TestCaseExecutor.java:299)
	at com.kms.katalon.core.main.TestCaseExecutor.execute(TestCaseExecutor.java:233)
	at com.kms.katalon.core.main.TestCaseMain.runTestCase(TestCaseMain.java:114)
	at com.kms.katalon.core.keyword.builtin.CallTestCaseKeyword$_callTestCase_closure1.doCall(CallTestCaseKeyword.groovy:59)
	at com.kms.katalon.core.keyword.builtin.CallTestCaseKeyword$_callTestCase_closure1.call(CallTestCaseKeyword.groovy)
	at com.kms.katalon.core.keyword.internal.KeywordMain.runKeyword(KeywordMain.groovy:68)
	at com.kms.katalon.core.keyword.builtin.CallTestCaseKeyword.callTestCase(CallTestCaseKeyword.groovy:81)
	at com.kms.katalon.core.keyword.builtin.CallTestCaseKeyword.execute(CallTestCaseKeyword.groovy:44)
	at com.kms.katalon.core.keyword.internal.KeywordExecutor.executeKeywordForPlatform(KeywordExecutor.groovy:56)
	at com.kms.katalon.core.keyword.BuiltinKeywords.callTestCase(BuiltinKeywords.groovy:350)
	at 1_Free_Spin_CALL.run(1_Free_Spin_CALL:210)
	at com.kms.katalon.core.main.ScriptEngine.run(ScriptEngine.java:194)
	at com.kms.katalon.core.main.ScriptEngine.runScriptAsRawText(ScriptEngine.java:119)
	at com.kms.katalon.core.main.TestCaseExecutor.runScript(TestCaseExecutor.java:337)
	at com.kms.katalon.core.main.TestCaseExecutor.doExecute(TestCaseExecutor.java:328)
	at com.kms.katalon.core.main.TestCaseExecutor.processExecutionPhase(TestCaseExecutor.java:307)
	at com.kms.katalon.core.main.TestCaseExecutor.accessMainPhase(TestCaseExecutor.java:299)
	at com.kms.katalon.core.main.TestCaseExecutor.execute(TestCaseExecutor.java:233)
	at com.kms.katalon.core.main.TestSuiteExecutor.accessTestCaseMainPhase(TestSuiteExecutor.java:150)
	at com.kms.katalon.core.main.TestSuiteExecutor.accessTestSuiteMainPhase(TestSuiteExecutor.java:123)
	at com.kms.katalon.core.main.TestSuiteExecutor.execute(TestSuiteExecutor.java:87)
	at com.kms.katalon.core.main.TestCaseMain.startTestSuite(TestCaseMain.java:157)
	at com.kms.katalon.core.main.TestCaseMain$startTestSuite$0.call(Unknown Source)
	at TempTestSuite1566552765578.run(TempTestSuite1566552765578.groovy:35)


2019-08-23 17:34:23 - [MESSAGE][FAILED] - Unable to call Test Case 'Test Cases/INT_env/compare_values/1_freeSpin_verify_value' (Root cause: com.kms.katalon.core.exception.StepErrorException: Call Test Case 'Test Cases/INT_env/compare_values/1_freeSpin_verify_value' failed because of error(s)
	at com.kms.katalon.core.keyword.builtin.CallTestCaseKeyword$_callTestCase_closure1.doCall(CallTestCaseKeyword.groovy:66)
	at com.kms.katalon.core.keyword.builtin.CallTestCaseKeyword$_callTestCase_closure1.call(CallTestCaseKeyword.groovy)
	at com.kms.katalon.core.keyword.internal.KeywordMain.runKeyword(KeywordMain.groovy:68)
	at com.kms.katalon.core.keyword.builtin.CallTestCaseKeyword.callTestCase(CallTestCaseKeyword.groovy:81)
	at com.kms.katalon.core.keyword.builtin.CallTestCaseKeyword.execute(CallTestCaseKeyword.groovy:44)
	at com.kms.katalon.core.keyword.internal.KeywordExecutor.executeKeywordForPlatform(KeywordExecutor.groovy:56)
	at com.kms.katalon.core.keyword.BuiltinKeywords.callTestCase(BuiltinKeywords.groovy:350)
	at 1_Free_Spin_CALL.run(1_Free_Spin_CALL:210)
	at com.kms.katalon.core.main.ScriptEngine.run(ScriptEngine.java:194)
	at com.kms.katalon.core.main.ScriptEngine.runScriptAsRawText(ScriptEngine.java:119)
	at com.kms.katalon.core.main.TestCaseExecutor.runScript(TestCaseExecutor.java:337)
	at com.kms.katalon.core.main.TestCaseExecutor.doExecute(TestCaseExecutor.java:328)
	at com.kms.katalon.core.main.TestCaseExecutor.processExecutionPhase(TestCaseExecutor.java:307)
	at com.kms.katalon.core.main.TestCaseExecutor.accessMainPhase(TestCaseExecutor.java:299)
	at com.kms.katalon.core.main.TestCaseExecutor.execute(TestCaseExecutor.java:233)
	at com.kms.katalon.core.main.TestSuiteExecutor.accessTestCaseMainPhase(TestSuiteExecutor.java:150)
	at com.kms.katalon.core.main.TestSuiteExecutor.accessTestSuiteMainPhase(TestSuiteExecutor.java:123)
	at com.kms.katalon.core.main.TestSuiteExecutor.execute(TestSuiteExecutor.java:87)
	at com.kms.katalon.core.main.TestCaseMain.startTestSuite(TestCaseMain.java:157)
	at com.kms.katalon.core.main.TestCaseMain$startTestSuite$0.call(Unknown Source)
	at TempTestSuite1566552765578.run(TempTestSuite1566552765578.groovy:35)
Caused by: org.codehaus.groovy.control.MultipleCompilationErrorsException: startup failed:
file:/Users/eiralee/Katalon_Script/SuperWild/Scripts/INT_env/compare_values/1_freeSpin_verify_value/Script1565427951745.groovy: 336: The current scope already contains a variable of the name M4_history_bonuses1
 @ line 336, column 5.
   def M4_history_bonuses1 =GlobalVariable.M4_history_bonuses1
       ^

1 error

	at com.kms.katalon.core.main.ScriptEngine.getScript(ScriptEngine.java:199)
	at com.kms.katalon.core.main.ScriptEngine.run(ScriptEngine.java:194)
	at com.kms.katalon.core.main.ScriptEngine.runScriptAsRawText(ScriptEngine.java:119)
	at com.kms.katalon.core.main.TestCaseExecutor.runScript(TestCaseExecutor.java:337)
	at com.kms.katalon.core.main.TestCaseExecutor.doExecute(TestCaseExecutor.java:328)
	at com.kms.katalon.core.main.TestCaseExecutor.processExecutionPhase(TestCaseExecutor.java:307)
	at com.kms.katalon.core.main.TestCaseExecutor.accessMainPhase(TestCaseExecutor.java:299)
	at com.kms.katalon.core.main.TestCaseExecutor.execute(TestCaseExecutor.java:233)
	at com.kms.katalon.core.main.TestCaseMain.runTestCase(TestCaseMain.java:114)
	at com.kms.katalon.core.keyword.builtin.CallTestCaseKeyword$_callTestCase_closure1.doCall(CallTestCaseKeyword.groovy:59)
	... 20 more
)</system-out>
            <system-err>2019-08-23 17:32:47 - [TEST_CASE][ERROR] - Test Cases/INT_env/1_Free_Spin_CALL: Test Cases/INT_env/1_Free_Spin_CALL FAILED.
Reason:
com.kms.katalon.core.exception.StepErrorException: Call Test Case 'Test Cases/INT_env/compare_values/1_freeSpin_verify_value' failed because of error(s)
	at com.kms.katalon.core.keyword.builtin.CallTestCaseKeyword$_callTestCase_closure1.doCall(CallTestCaseKeyword.groovy:66)
	at com.kms.katalon.core.keyword.builtin.CallTestCaseKeyword$_callTestCase_closure1.call(CallTestCaseKeyword.groovy)
	at com.kms.katalon.core.keyword.internal.KeywordMain.runKeyword(KeywordMain.groovy:68)
	at com.kms.katalon.core.keyword.builtin.CallTestCaseKeyword.callTestCase(CallTestCaseKeyword.groovy:81)
	at com.kms.katalon.core.keyword.builtin.CallTestCaseKeyword.execute(CallTestCaseKeyword.groovy:44)
	at com.kms.katalon.core.keyword.internal.KeywordExecutor.executeKeywordForPlatform(KeywordExecutor.groovy:56)
	at com.kms.katalon.core.keyword.BuiltinKeywords.callTestCase(BuiltinKeywords.groovy:350)
	at 1_Free_Spin_CALL.run(1_Free_Spin_CALL:210)
	at com.kms.katalon.core.main.ScriptEngine.run(ScriptEngine.java:194)
	at com.kms.katalon.core.main.ScriptEngine.runScriptAsRawText(ScriptEngine.java:119)
	at com.kms.katalon.core.main.TestCaseExecutor.runScript(TestCaseExecutor.java:337)
	at com.kms.katalon.core.main.TestCaseExecutor.doExecute(TestCaseExecutor.java:328)
	at com.kms.katalon.core.main.TestCaseExecutor.processExecutionPhase(TestCaseExecutor.java:307)
	at com.kms.katalon.core.main.TestCaseExecutor.accessMainPhase(TestCaseExecutor.java:299)
	at com.kms.katalon.core.main.TestCaseExecutor.execute(TestCaseExecutor.java:233)
	at com.kms.katalon.core.main.TestSuiteExecutor.accessTestCaseMainPhase(TestSuiteExecutor.java:150)
	at com.kms.katalon.core.main.TestSuiteExecutor.accessTestSuiteMainPhase(TestSuiteExecutor.java:123)
	at com.kms.katalon.core.main.TestSuiteExecutor.execute(TestSuiteExecutor.java:87)
	at com.kms.katalon.core.main.TestCaseMain.startTestSuite(TestCaseMain.java:157)
	at com.kms.katalon.core.main.TestCaseMain$startTestSuite$0.call(Unknown Source)
	at TempTestSuite1566552765578.run(TempTestSuite1566552765578.groovy:35)
Caused by: org.codehaus.groovy.control.MultipleCompilationErrorsException: startup failed:
file:/Users/eiralee/Katalon_Script/SuperWild/Scripts/INT_env/compare_values/1_freeSpin_verify_value/Script1565427951745.groovy: 336: The current scope already contains a variable of the name M4_history_bonuses1
 @ line 336, column 5.
   def M4_history_bonuses1 =GlobalVariable.M4_history_bonuses1
       ^

1 error

	at com.kms.katalon.core.main.ScriptEngine.getScript(ScriptEngine.java:199)
	at com.kms.katalon.core.main.ScriptEngine.run(ScriptEngine.java:194)
	at com.kms.katalon.core.main.ScriptEngine.runScriptAsRawText(ScriptEngine.java:119)
	at com.kms.katalon.core.main.TestCaseExecutor.runScript(TestCaseExecutor.java:337)
	at com.kms.katalon.core.main.TestCaseExecutor.doExecute(TestCaseExecutor.java:328)
	at com.kms.katalon.core.main.TestCaseExecutor.processExecutionPhase(TestCaseExecutor.java:307)
	at com.kms.katalon.core.main.TestCaseExecutor.accessMainPhase(TestCaseExecutor.java:299)
	at com.kms.katalon.core.main.TestCaseExecutor.execute(TestCaseExecutor.java:233)
	at com.kms.katalon.core.main.TestCaseMain.runTestCase(TestCaseMain.java:114)
	at com.kms.katalon.core.keyword.builtin.CallTestCaseKeyword$_callTestCase_closure1.doCall(CallTestCaseKeyword.groovy:59)
	... 20 more</system-err>
        </testcase>
        <system-out>2019-08-23 17:32:47 - [TEST_SUITE][INCOMPLETE] - superWild_1: null</system-out>
        <system-err>2019-08-23 17:32:47 - [TEST_SUITE][INCOMPLETE] - superWild_1: null</system-err>
    </testsuite>
</testsuites>
