<?xml version="1.0" encoding="UTF-8" standalone="yes"?>
<testsuites name="superWild_1" time="99" tests="0" failures="0" errors="1">
    <testsuite name="superWild_1" tests="0" failures="0" errors="1" time="99" timestamp="2019-08-23 20:42:09" hostname="eiralee - 172.20.10.2" id="Test Suites/INT/superWild_1">
        <properties>
            <property name="deviceName" value=""/>
            <property name="devicePlatform" value=""/>
            <property name="logFolder" value="/Users/eiralee/Katalon_Script/SuperWild/Reports/20190823_204157/INT/superWild_1/20190823_204157"/>
            <property name="logFiles" value="/Users/eiralee/Katalon_Script/SuperWild/Reports/20190823_204157/INT/superWild_1/20190823_204157/execution0.log"/>
            <property name="attachments" value=""/>
            <property name="hostName" value="eiralee - 172.20.10.2"/>
            <property name="hostAddress" value="172.20.10.2"/>
            <property name="os" value="Mac OS X 64bit"/>
            <property name="katalonVersion" value="6.3.1.2"/>
        </properties>
        <testcase name="Test Cases/INT_env/1_Free_Spin_CALL" classname="Test Cases/INT_env/1_Free_Spin_CALL" status="ERROR">
            <error type="ERROR" message="Test Cases/INT_env/1_Free_Spin_CALL FAILED.&#xA;Reason:&#xA;com.kms.katalon.core.exception.StepErrorException: Call Test Case 'Test Cases/INT_env/compare_values/1_freeSpin_verify_value' failed because of error(s)&#xA;&#x9;at com.kms.katalon.core.keyword.builtin.CallTestCaseKeyword$_callTestCase_closure1.doCall(CallTestCaseKeyword.groovy:66)&#xA;&#x9;at com.kms.katalon.core.keyword.builtin.CallTestCaseKeyword$_callTestCase_closure1.call(CallTestCaseKeyword.groovy)&#xA;&#x9;at com.kms.katalon.core.keyword.internal.KeywordMain.runKeyword(KeywordMain.groovy:68)&#xA;&#x9;at com.kms.katalon.core.keyword.builtin.CallTestCaseKeyword.callTestCase(CallTestCaseKeyword.groovy:81)&#xA;&#x9;at com.kms.katalon.core.keyword.builtin.CallTestCaseKeyword.execute(CallTestCaseKeyword.groovy:44)&#xA;&#x9;at com.kms.katalon.core.keyword.internal.KeywordExecutor.executeKeywordForPlatform(KeywordExecutor.groovy:56)&#xA;&#x9;at com.kms.katalon.core.keyword.BuiltinKeywords.callTestCase(BuiltinKeywords.groovy:350)&#xA;&#x9;at 1_Free_Spin_CALL.run(1_Free_Spin_CALL:210)&#xA;&#x9;at com.kms.katalon.core.main.ScriptEngine.run(ScriptEngine.java:194)&#xA;&#x9;at com.kms.katalon.core.main.ScriptEngine.runScriptAsRawText(ScriptEngine.java:119)&#xA;&#x9;at com.kms.katalon.core.main.TestCaseExecutor.runScript(TestCaseExecutor.java:337)&#xA;&#x9;at com.kms.katalon.core.main.TestCaseExecutor.doExecute(TestCaseExecutor.java:328)&#xA;&#x9;at com.kms.katalon.core.main.TestCaseExecutor.processExecutionPhase(TestCaseExecutor.java:307)&#xA;&#x9;at com.kms.katalon.core.main.TestCaseExecutor.accessMainPhase(TestCaseExecutor.java:299)&#xA;&#x9;at com.kms.katalon.core.main.TestCaseExecutor.execute(TestCaseExecutor.java:233)&#xA;&#x9;at com.kms.katalon.core.main.TestSuiteExecutor.accessTestCaseMainPhase(TestSuiteExecutor.java:150)&#xA;&#x9;at com.kms.katalon.core.main.TestSuiteExecutor.accessTestSuiteMainPhase(TestSuiteExecutor.java:123)&#xA;&#x9;at com.kms.katalon.core.main.TestSuiteExecutor.execute(TestSuiteExecutor.java:87)&#xA;&#x9;at com.kms.katalon.core.main.TestCaseMain.startTestSuite(TestCaseMain.java:157)&#xA;&#x9;at com.kms.katalon.core.main.TestCaseMain$startTestSuite$0.call(Unknown Source)&#xA;&#x9;at TempTestSuite1566564127946.run(TempTestSuite1566564127946.groovy:35)&#xA;Caused by: groovy.lang.MissingPropertyException: No such property: prize for class: Script1565427951745&#xA;&#x9;at 1_freeSpin_verify_value.run(1_freeSpin_verify_value:344)&#xA;&#x9;at com.kms.katalon.core.main.ScriptEngine.run(ScriptEngine.java:194)&#xA;&#x9;at com.kms.katalon.core.main.ScriptEngine.runScriptAsRawText(ScriptEngine.java:119)&#xA;&#x9;at com.kms.katalon.core.main.TestCaseExecutor.runScript(TestCaseExecutor.java:337)&#xA;&#x9;at com.kms.katalon.core.main.TestCaseExecutor.doExecute(TestCaseExecutor.java:328)&#xA;&#x9;at com.kms.katalon.core.main.TestCaseExecutor.processExecutionPhase(TestCaseExecutor.java:307)&#xA;&#x9;at com.kms.katalon.core.main.TestCaseExecutor.accessMainPhase(TestCaseExecutor.java:299)&#xA;&#x9;at com.kms.katalon.core.main.TestCaseExecutor.execute(TestCaseExecutor.java:233)&#xA;&#x9;at com.kms.katalon.core.main.TestCaseMain.runTestCase(TestCaseMain.java:114)&#xA;&#x9;at com.kms.katalon.core.keyword.builtin.CallTestCaseKeyword$_callTestCase_closure1.doCall(CallTestCaseKeyword.groovy:59)&#xA;&#x9;... 20 more&#xA;"/>
            <system-out>2019-08-23 20:42:10 - [TEST_CASE][ERROR] - Test Cases/INT_env/1_Free_Spin_CALL: Test Cases/INT_env/1_Free_Spin_CALL FAILED.
Reason:
com.kms.katalon.core.exception.StepErrorException: Call Test Case 'Test Cases/INT_env/compare_values/1_freeSpin_verify_value' failed because of error(s)
	at com.kms.katalon.core.keyword.builtin.CallTestCaseKeyword$_callTestCase_closure1.doCall(CallTestCaseKeyword.groovy:66)
	at com.kms.katalon.core.keyword.builtin.CallTestCaseKeyword$_callTestCase_closure1.call(CallTestCaseKeyword.groovy)
	at com.kms.katalon.core.keyword.internal.KeywordMain.runKeyword(KeywordMain.groovy:68)
	at com.kms.katalon.core.keyword.builtin.CallTestCaseKeyword.callTestCase(CallTestCaseKeyword.groovy:81)
	at com.kms.katalon.core.keyword.builtin.CallTestCaseKeyword.execute(CallTestCaseKeyword.groovy:44)
	at com.kms.katalon.core.keyword.internal.KeywordExecutor.executeKeywordForPlatform(KeywordExecutor.groovy:56)
	at com.kms.katalon.core.keyword.BuiltinKeywords.callTestCase(BuiltinKeywords.groovy:350)
	at 1_Free_Spin_CALL.run(1_Free_Spin_CALL:210)
	at com.kms.katalon.core.main.ScriptEngine.run(ScriptEngine.java:194)
	at com.kms.katalon.core.main.ScriptEngine.runScriptAsRawText(ScriptEngine.java:119)
	at com.kms.katalon.core.main.TestCaseExecutor.runScript(TestCaseExecutor.java:337)
	at com.kms.katalon.core.main.TestCaseExecutor.doExecute(TestCaseExecutor.java:328)
	at com.kms.katalon.core.main.TestCaseExecutor.processExecutionPhase(TestCaseExecutor.java:307)
	at com.kms.katalon.core.main.TestCaseExecutor.accessMainPhase(TestCaseExecutor.java:299)
	at com.kms.katalon.core.main.TestCaseExecutor.execute(TestCaseExecutor.java:233)
	at com.kms.katalon.core.main.TestSuiteExecutor.accessTestCaseMainPhase(TestSuiteExecutor.java:150)
	at com.kms.katalon.core.main.TestSuiteExecutor.accessTestSuiteMainPhase(TestSuiteExecutor.java:123)
	at com.kms.katalon.core.main.TestSuiteExecutor.execute(TestSuiteExecutor.java:87)
	at com.kms.katalon.core.main.TestCaseMain.startTestSuite(TestCaseMain.java:157)
	at com.kms.katalon.core.main.TestCaseMain$startTestSuite$0.call(Unknown Source)
	at TempTestSuite1566564127946.run(TempTestSuite1566564127946.groovy:35)
Caused by: groovy.lang.MissingPropertyException: No such property: prize for class: Script1565427951745
	at 1_freeSpin_verify_value.run(1_freeSpin_verify_value:344)
	at com.kms.katalon.core.main.ScriptEngine.run(ScriptEngine.java:194)
	at com.kms.katalon.core.main.ScriptEngine.runScriptAsRawText(ScriptEngine.java:119)
	at com.kms.katalon.core.main.TestCaseExecutor.runScript(TestCaseExecutor.java:337)
	at com.kms.katalon.core.main.TestCaseExecutor.doExecute(TestCaseExecutor.java:328)
	at com.kms.katalon.core.main.TestCaseExecutor.processExecutionPhase(TestCaseExecutor.java:307)
	at com.kms.katalon.core.main.TestCaseExecutor.accessMainPhase(TestCaseExecutor.java:299)
	at com.kms.katalon.core.main.TestCaseExecutor.execute(TestCaseExecutor.java:233)
	at com.kms.katalon.core.main.TestCaseMain.runTestCase(TestCaseMain.java:114)
	at com.kms.katalon.core.keyword.builtin.CallTestCaseKeyword$_callTestCase_closure1.doCall(CallTestCaseKeyword.groovy:59)
	... 20 more


2019-08-23 20:42:11 - [TEST_STEP][PASSED] - NG_top_level = new java.util.ArrayList(): null

2019-08-23 20:42:11 - [TEST_STEP][PASSED] - NG_top_level.add("booster_type"): null

2019-08-23 20:42:11 - [TEST_STEP][PASSED] - NG_top_level.add("currency"): null

2019-08-23 20:42:11 - [TEST_STEP][PASSED] - NG_top_level.add("player_id"): null

2019-08-23 20:42:11 - [TEST_STEP][PASSED] - NG_top_level.add("round_id"): null

2019-08-23 20:42:11 - [TEST_STEP][PASSED] - NG_top_level.add("spin_results"): null

2019-08-23 20:42:11 - [TEST_STEP][PASSED] - NG_spin_result = new java.util.ArrayList(): null

2019-08-23 20:42:11 - [TEST_STEP][PASSED] - NG_spin_result.add("balance"): null

2019-08-23 20:42:11 - [TEST_STEP][PASSED] - NG_spin_result.add("bet_value"): null

2019-08-23 20:42:11 - [TEST_STEP][PASSED] - NG_spin_result.add("features_triggered"): null

2019-08-23 20:42:11 - [TEST_STEP][PASSED] - NG_spin_result.add("line"): null

2019-08-23 20:42:11 - [TEST_STEP][PASSED] - NG_spin_result.add("reel_wins"): null

2019-08-23 20:42:11 - [TEST_STEP][PASSED] - NG_spin_result.add("reels"): null

2019-08-23 20:42:11 - [TEST_STEP][PASSED] - NG_spin_result.add("scatter_win"): null

2019-08-23 20:42:11 - [TEST_STEP][PASSED] - NG_spin_result.add("total_bet"): null

2019-08-23 20:42:11 - [TEST_STEP][PASSED] - NG_spin_result.add("total_win"): null

2019-08-23 20:42:11 - [TEST_STEP][PASSED] - NG_spin_result.add("transaction_id"): null

2019-08-23 20:42:11 - [TEST_STEP][PASSED] - NG_spin_result.add("transaction_time"): null

2019-08-23 20:42:11 - [TEST_STEP][PASSED] - NG_spin_result.add("transaction_type"): null

2019-08-23 20:42:11 - [TEST_STEP][PASSED] - NG_feature_trigger = new java.util.ArrayList(): null

2019-08-23 20:42:11 - [TEST_STEP][PASSED] - NG_feature_trigger.add("complete"): null

2019-08-23 20:42:11 - [TEST_STEP][PASSED] - NG_feature_trigger.add("feature_state"): null

2019-08-23 20:42:11 - [TEST_STEP][PASSED] - NG_feature_trigger.add("subfeatures"): null

2019-08-23 20:42:11 - [TEST_STEP][PASSED] - NG_feature_trigger.add("type"): null

2019-08-23 20:42:11 - [TEST_STEP][PASSED] - NG_feature_state = new java.util.ArrayList(): null

2019-08-23 20:42:11 - [TEST_STEP][PASSED] - NG_feature_state.add("free_spins_left"): null

2019-08-23 20:42:11 - [TEST_STEP][PASSED] - NG_feature_state.add("total_free_spin_count"): null

2019-08-23 20:42:11 - [TEST_STEP][PASSED] - NG_feature_state.add("total_free_spin_win_amount"): null

2019-08-23 20:42:11 - [TEST_STEP][PASSED] - NG_reel = new java.util.ArrayList(): null

2019-08-23 20:42:11 - [TEST_STEP][PASSED] - NG_reel.add("symbols"): null

2019-08-23 20:42:11 - [TEST_STEP][PASSED] - NG_reel_symbol1 = new java.util.ArrayList(): null

2019-08-23 20:42:11 - [TEST_STEP][PASSED] - NG_reel_symbol1.add("symbol"): null

2019-08-23 20:42:11 - [TEST_STEP][PASSED] - NG_reel_symbol2 = new java.util.ArrayList(): null

2019-08-23 20:42:11 - [TEST_STEP][PASSED] - NG_reel_symbol2.add("symbol"): null

2019-08-23 20:42:11 - [TEST_STEP][PASSED] - NG_reel_symbol3 = new java.util.ArrayList(): null

2019-08-23 20:42:11 - [TEST_STEP][PASSED] - NG_reel_symbol3.add("symbol"): null

2019-08-23 20:42:11 - [TEST_STEP][PASSED] - sendRequestAndVerify(findTestObject("INT/Wallet/Get_Session_Token", ["url_krug_gw":url_krug_gw, "partner":Partner, "secret_key":secret_key, "userid":Userid])): Send request and verify the response successfully

2019-08-23 20:42:12 - [MESSAGE][INFO] - HAR: /Users/eiralee/Katalon_Script/SuperWild/Reports/20190823_204157/INT/superWild_1/20190823_204157/requests/main/0.har

2019-08-23 20:42:12 - [TEST_CASE][PASSED] - Start Test Case : Verification: Verification accomplished successfully

2019-08-23 20:42:12 - [TEST_STEP][PASSED] - request = getInstance().getCurrentRequest(): null

2019-08-23 20:42:13 - [TEST_STEP][PASSED] - response = getInstance().getCurrentResponse(): null

2019-08-23 20:42:13 - [TEST_STEP][PASSED] - verifyResponseStatusCode(response, 200): Verify response status code successfully

2019-08-23 20:42:13 - [MESSAGE][PASSED] - Verify response status code successfully

2019-08-23 20:42:13 - [TEST_STEP][PASSED] - getStatusCode()).isEqualTo(200): null

2019-08-23 20:42:13 - [TEST_STEP][PASSED] - getResponseText()).contains("session_token"): null

2019-08-23 20:42:13 - [TEST_STEP][PASSED] - getsession = new groovy.json.JsonSlurper(): null

2019-08-23 20:42:13 - [TEST_STEP][PASSED] - result_getsession = getsession.parseText(response.getResponseBodyContent()): null

2019-08-23 20:42:13 - [TEST_STEP][PASSED] - session_token = session_token: null

2019-08-23 20:42:13 - [TEST_STEP][PASSED] - println("...value extracted is :" + session_token): null

2019-08-23 20:42:13 - [TEST_STEP][PASSED] - session_token = session_token: null

2019-08-23 20:42:15 - [TEST_STEP][PASSED] - println("GlobalVariable is :" + session_token): null

2019-08-23 20:42:15 - [TEST_STEP][PASSED] - internal_balance = internal_balance: null

2019-08-23 20:42:15 - [TEST_STEP][PASSED] - internal_balance = internal_balance: null

2019-08-23 20:42:15 - [MESSAGE][PASSED] - Verify response successfully

2019-08-23 20:42:15 - [MESSAGE][PASSED] - Send request and verify the response successfully

2019-08-23 20:42:15 - [TEST_STEP][PASSED] - M4_login = sendRequestAndVerify(findTestObject("INT/RGS(M4)/M4_Login", ["partner":Partner, "game_code":Game_code, "session_token":session_token])): Send request and verify the response successfully

2019-08-23 20:42:17 - [MESSAGE][INFO] - HAR: /Users/eiralee/Katalon_Script/SuperWild/Reports/20190823_204157/INT/superWild_1/20190823_204157/requests/main/1.har

2019-08-23 20:42:17 - [TEST_CASE][PASSED] - Start Test Case : Verification: Verification accomplished successfully

2019-08-23 20:42:17 - [TEST_STEP][PASSED] - request = getInstance().getCurrentRequest(): null

2019-08-23 20:42:17 - [TEST_STEP][PASSED] - response = getInstance().getCurrentResponse(): null

2019-08-23 20:42:17 - [TEST_STEP][PASSED] - verifyResponseStatusCode(response, 200): Verify response status code successfully

2019-08-23 20:42:17 - [MESSAGE][PASSED] - Verify response status code successfully

2019-08-23 20:42:17 - [TEST_STEP][PASSED] - getStatusCode()).isEqualTo(200): null

2019-08-23 20:42:17 - [TEST_STEP][PASSED] - newline = System.getProperty("line.separator"): null

2019-08-23 20:42:17 - [TEST_STEP][PASSED] - M4_login = new groovy.json.JsonSlurper(): null

2019-08-23 20:42:17 - [TEST_STEP][PASSED] - result_M4_login = M4_login.parseText(response.getResponseBodyContent()): null

2019-08-23 20:42:17 - [TEST_STEP][PASSED] - M4_login_user_id = user_id: null

2019-08-23 20:42:17 - [TEST_STEP][PASSED] - println("playerid is: " + M4_login_user_id): null

2019-08-23 20:42:17 - [TEST_STEP][PASSED] - M4_login_user_id = M4_login_user_id: null

2019-08-23 20:42:17 - [MESSAGE][PASSED] - Verify response successfully

2019-08-23 20:42:17 - [MESSAGE][PASSED] - Send request and verify the response successfully

2019-08-23 20:42:17 - [TEST_STEP][PASSED] - M4_init = sendRequestAndVerify(findTestObject("INT/RGS(M4)/M4_init", ["partner":Partner, "M4_recorder":M4_recorder, "M4_login_user_id":M4_login_user_id])): Send request and verify the response successfully

2019-08-23 20:42:18 - [MESSAGE][INFO] - HAR: /Users/eiralee/Katalon_Script/SuperWild/Reports/20190823_204157/INT/superWild_1/20190823_204157/requests/main/2.har

2019-08-23 20:42:18 - [TEST_CASE][PASSED] - Start Test Case : Verification: Verification accomplished successfully

2019-08-23 20:42:18 - [TEST_STEP][PASSED] - request = getInstance().getCurrentRequest(): null

2019-08-23 20:42:18 - [TEST_STEP][PASSED] - response = getInstance().getCurrentResponse(): null

2019-08-23 20:42:18 - [TEST_STEP][PASSED] - verifyResponseStatusCode(response, 200): Verify response status code successfully

2019-08-23 20:42:18 - [MESSAGE][PASSED] - Verify response status code successfully

2019-08-23 20:42:18 - [TEST_STEP][PASSED] - getStatusCode()).isEqualTo(200): null

2019-08-23 20:42:18 - [TEST_STEP][PASSED] - newline = System.getProperty("line.separator"): null

2019-08-23 20:42:18 - [TEST_STEP][PASSED] - M4_init = new groovy.json.JsonSlurper(): null

2019-08-23 20:42:18 - [TEST_STEP][PASSED] - result_M4_init = M4_init.parseText(response.getResponseBodyContent()): null

2019-08-23 20:42:18 - [TEST_STEP][PASSED] - rgs_session_token = session_token: null

2019-08-23 20:42:18 - [TEST_STEP][PASSED] - rgs_session_token = rgs_session_token: null

2019-08-23 20:42:18 - [TEST_STEP][PASSED] - M4_init_balance = balance: null

2019-08-23 20:42:18 - [TEST_STEP][PASSED] - M4_init_balance = M4_init_balance: null

2019-08-23 20:42:18 - [TEST_STEP][PASSED] - game_code = genesis_id: null

2019-08-23 20:42:18 - [TEST_STEP][PASSED] - game_code = game_code: null

2019-08-23 20:42:18 - [TEST_STEP][PASSED] - M4_free_round = free_round: null

2019-08-23 20:42:18 - [TEST_STEP][PASSED] - M4_free_round = M4_free_round: null

2019-08-23 20:42:18 - [MESSAGE][PASSED] - Verify response successfully

2019-08-23 20:42:18 - [MESSAGE][PASSED] - Send request and verify the response successfully

2019-08-23 20:42:18 - [TEST_STEP][PASSED] - for ([i = 0, i &lt;= 300, (i++)]): null

2019-08-23 20:42:18 - [TEST_STEP][PASSED] - spin_result = sendRequestAndVerify(findTestObject("INT/RGS(M4)/1_M4_spin", ["M4_login_user_id":M4_login_user_id, "rgs_session_token":rgs_session_token, "partner":Partner])): Send request and verify the response successfully

2019-08-23 20:42:19 - [MESSAGE][INFO] - HAR: /Users/eiralee/Katalon_Script/SuperWild/Reports/20190823_204157/INT/superWild_1/20190823_204157/requests/main/3.har

2019-08-23 20:42:19 - [TEST_CASE][PASSED] - Start Test Case : Verification: Verification accomplished successfully

2019-08-23 20:42:19 - [TEST_STEP][PASSED] - request = getInstance().getCurrentRequest(): null

2019-08-23 20:42:19 - [TEST_STEP][PASSED] - response = getInstance().getCurrentResponse(): null

2019-08-23 20:42:19 - [TEST_STEP][PASSED] - verifyResponseStatusCode(response, 200): Verify response status code successfully

2019-08-23 20:42:19 - [MESSAGE][PASSED] - Verify response status code successfully

2019-08-23 20:42:19 - [TEST_STEP][PASSED] - getStatusCode()).isEqualTo(200): null

2019-08-23 20:42:19 - [TEST_STEP][PASSED] - newline = System.getProperty("line.separator"): null

2019-08-23 20:42:19 - [TEST_STEP][PASSED] - M4_spin = new groovy.json.JsonSlurper(): null

2019-08-23 20:42:19 - [TEST_STEP][PASSED] - result_M4_spin = M4_spin.parseText(response.getResponseBodyContent()): null

2019-08-23 20:42:19 - [TEST_STEP][PASSED] - M4_spin_current_balance = current_balance: null

2019-08-23 20:42:19 - [TEST_STEP][PASSED] - M4_spin_current_balance = M4_spin_current_balance: null

2019-08-23 20:42:19 - [TEST_STEP][PASSED] - M4_spin_transaction_id = causality: null

2019-08-23 20:42:19 - [TEST_STEP][PASSED] - M4_spin_transaction_id = M4_spin_transaction_id: null

2019-08-23 20:42:19 - [TEST_STEP][PASSED] - M4_spin_round_id = round_id: null

2019-08-23 20:42:19 - [TEST_STEP][PASSED] - M4_spin_round_id = M4_spin_round_id: null

2019-08-23 20:42:19 - [TEST_STEP][PASSED] - M4_spin_line_wins = line_wins: null

2019-08-23 20:42:19 - [TEST_STEP][PASSED] - M4_spin_line_wins = M4_spin_line_wins: null

2019-08-23 20:42:19 - [TEST_STEP][PASSED] - M4_total_bonus_spins_int = total_bonus_spins: null

2019-08-23 20:42:19 - [TEST_STEP][PASSED] - println("******M4_total_bonus_spins type is:*******" + newline + getClass().getName()): null

2019-08-23 20:42:19 - [TEST_STEP][PASSED] - M4_total_bonus_spins_int = M4_total_bonus_spins_int: null

2019-08-23 20:42:19 - [TEST_STEP][PASSED] - M4_total_bonus_spins = Integer.toString(M4_total_bonus_spins_int): null

2019-08-23 20:42:19 - [TEST_STEP][PASSED] - M4_total_bonus_spins = M4_total_bonus_spins: null

2019-08-23 20:42:19 - [TEST_STEP][PASSED] - println("M4_total_bonus_spins is:" + M4_total_bonus_spins): null

2019-08-23 20:42:19 - [TEST_STEP][PASSED] - M4_spin_bonus_data = bonus_data: null

2019-08-23 20:42:19 - [TEST_STEP][PASSED] - M4_spin_features_triggered = result_M4_spin: null

2019-08-23 20:42:19 - [TEST_STEP][PASSED] - wild = []: null

2019-08-23 20:42:19 - [TEST_STEP][PASSED] - wild[0] = "WILD_Expanding": null

2019-08-23 20:42:19 - [TEST_STEP][PASSED] - wild[1] = "WILD_Normal": null

2019-08-23 20:42:19 - [TEST_STEP][PASSED] - wild[2] = "WILD_Double": null

2019-08-23 20:42:19 - [TEST_STEP][PASSED] - wild[3] = "WILD_ExtraFG": null

2019-08-23 20:42:19 - [TEST_STEP][PASSED] - wild[4] = "WILD_Triple": null

2019-08-23 20:42:19 - [TEST_STEP][PASSED] - wildList = Arrays.asList(wild): null

2019-08-23 20:42:19 - [TEST_STEP][PASSED] - wildList = wildList: null

2019-08-23 20:42:19 - [TEST_STEP][PASSED] - free_spin_reel_counter = []: null

2019-08-23 20:42:19 - [TEST_STEP][PASSED] - free_spin_reel_counter[0] = 0: null

2019-08-23 20:42:19 - [TEST_STEP][PASSED] - free_spin_reel_counter[1] = 0: null

2019-08-23 20:42:19 - [TEST_STEP][PASSED] - free_spin_reel_counter[2] = 0: null

2019-08-23 20:42:19 - [TEST_STEP][PASSED] - M4_spin_reels = reels: null

2019-08-23 20:42:19 - [TEST_STEP][PASSED] - for ([i = 0, i &lt; M4_spin_reels.size(), (i++)]): null

2019-08-23 20:42:19 - [TEST_STEP][PASSED] - symbols = symbols: null

2019-08-23 20:42:19 - [TEST_STEP][PASSED] - for ([j = 0, j &lt; symbols.size(), (j++)]): null

2019-08-23 20:42:19 - [TEST_STEP][PASSED] - symbol = symbol: null

2019-08-23 20:42:19 - [TEST_STEP][PASSED] - println(symbol): null

2019-08-23 20:42:19 - [TEST_STEP][PASSED] - if (i == 2 &amp;&amp; wildList.indexOf(symbol) != -1): null

2019-08-23 20:42:19 - [TEST_STEP][PASSED] - if (i == 3 &amp;&amp; wildList.indexOf(symbol) != -1): null

2019-08-23 20:42:19 - [TEST_STEP][PASSED] - if (i == 4 &amp;&amp; wildList.indexOf(symbol) != -1): null

2019-08-23 20:42:19 - [TEST_STEP][PASSED] - symbol = symbol: null

2019-08-23 20:42:19 - [TEST_STEP][PASSED] - println(symbol): null

2019-08-23 20:42:19 - [TEST_STEP][PASSED] - if (i == 2 &amp;&amp; wildList.indexOf(symbol) != -1): null

2019-08-23 20:42:19 - [TEST_STEP][PASSED] - if (i == 3 &amp;&amp; wildList.indexOf(symbol) != -1): null

2019-08-23 20:42:19 - [TEST_STEP][PASSED] - if (i == 4 &amp;&amp; wildList.indexOf(symbol) != -1): null

2019-08-23 20:42:19 - [TEST_STEP][PASSED] - symbol = symbol: null

2019-08-23 20:42:19 - [TEST_STEP][PASSED] - println(symbol): null

2019-08-23 20:42:19 - [TEST_STEP][PASSED] - if (i == 2 &amp;&amp; wildList.indexOf(symbol) != -1): null

2019-08-23 20:42:19 - [TEST_STEP][PASSED] - if (i == 3 &amp;&amp; wildList.indexOf(symbol) != -1): null

2019-08-23 20:42:19 - [TEST_STEP][PASSED] - if (i == 4 &amp;&amp; wildList.indexOf(symbol) != -1): null

2019-08-23 20:42:19 - [TEST_STEP][PASSED] - symbols = symbols: null

2019-08-23 20:42:19 - [TEST_STEP][PASSED] - for ([j = 0, j &lt; symbols.size(), (j++)]): null

2019-08-23 20:42:19 - [TEST_STEP][PASSED] - symbol = symbol: null

2019-08-23 20:42:19 - [TEST_STEP][PASSED] - println(symbol): null

2019-08-23 20:42:19 - [TEST_STEP][PASSED] - if (i == 2 &amp;&amp; wildList.indexOf(symbol) != -1): null

2019-08-23 20:42:19 - [TEST_STEP][PASSED] - if (i == 3 &amp;&amp; wildList.indexOf(symbol) != -1): null

2019-08-23 20:42:19 - [TEST_STEP][PASSED] - if (i == 4 &amp;&amp; wildList.indexOf(symbol) != -1): null

2019-08-23 20:42:19 - [TEST_STEP][PASSED] - symbol = symbol: null

2019-08-23 20:42:19 - [TEST_STEP][PASSED] - println(symbol): null

2019-08-23 20:42:19 - [TEST_STEP][PASSED] - if (i == 2 &amp;&amp; wildList.indexOf(symbol) != -1): null

2019-08-23 20:42:19 - [TEST_STEP][PASSED] - if (i == 3 &amp;&amp; wildList.indexOf(symbol) != -1): null

2019-08-23 20:42:19 - [TEST_STEP][PASSED] - if (i == 4 &amp;&amp; wildList.indexOf(symbol) != -1): null

2019-08-23 20:42:19 - [TEST_STEP][PASSED] - symbol = symbol: null

2019-08-23 20:42:19 - [TEST_STEP][PASSED] - println(symbol): null

2019-08-23 20:42:19 - [TEST_STEP][PASSED] - if (i == 2 &amp;&amp; wildList.indexOf(symbol) != -1): null

2019-08-23 20:42:19 - [TEST_STEP][PASSED] - if (i == 3 &amp;&amp; wildList.indexOf(symbol) != -1): null

2019-08-23 20:42:19 - [TEST_STEP][PASSED] - if (i == 4 &amp;&amp; wildList.indexOf(symbol) != -1): null

2019-08-23 20:42:19 - [TEST_STEP][PASSED] - symbols = symbols: null

2019-08-23 20:42:19 - [TEST_STEP][PASSED] - for ([j = 0, j &lt; symbols.size(), (j++)]): null

2019-08-23 20:42:19 - [TEST_STEP][PASSED] - symbol = symbol: null

2019-08-23 20:42:19 - [TEST_STEP][PASSED] - println(symbol): null

2019-08-23 20:42:19 - [TEST_STEP][PASSED] - if (i == 2 &amp;&amp; wildList.indexOf(symbol) != -1): null

2019-08-23 20:42:19 - [TEST_STEP][PASSED] - println("wild found on reel 3, adding counter by 1"): null

2019-08-23 20:42:19 - [TEST_STEP][PASSED] - free_spin_reel_counter[0] = free_spin_reel_counter[0] + 1: null

2019-08-23 20:42:19 - [TEST_STEP][PASSED] - if (i == 3 &amp;&amp; wildList.indexOf(symbol) != -1): null

2019-08-23 20:42:19 - [TEST_STEP][PASSED] - if (i == 4 &amp;&amp; wildList.indexOf(symbol) != -1): null

2019-08-23 20:42:19 - [TEST_STEP][PASSED] - symbol = symbol: null

2019-08-23 20:42:19 - [TEST_STEP][PASSED] - println(symbol): null

2019-08-23 20:42:19 - [TEST_STEP][PASSED] - if (i == 2 &amp;&amp; wildList.indexOf(symbol) != -1): null

2019-08-23 20:42:19 - [TEST_STEP][PASSED] - if (i == 3 &amp;&amp; wildList.indexOf(symbol) != -1): null

2019-08-23 20:42:19 - [TEST_STEP][PASSED] - if (i == 4 &amp;&amp; wildList.indexOf(symbol) != -1): null

2019-08-23 20:42:19 - [TEST_STEP][PASSED] - symbol = symbol: null

2019-08-23 20:42:19 - [TEST_STEP][PASSED] - println(symbol): null

2019-08-23 20:42:19 - [TEST_STEP][PASSED] - if (i == 2 &amp;&amp; wildList.indexOf(symbol) != -1): null

2019-08-23 20:42:19 - [TEST_STEP][PASSED] - if (i == 3 &amp;&amp; wildList.indexOf(symbol) != -1): null

2019-08-23 20:42:19 - [TEST_STEP][PASSED] - if (i == 4 &amp;&amp; wildList.indexOf(symbol) != -1): null

2019-08-23 20:42:19 - [TEST_STEP][PASSED] - symbols = symbols: null

2019-08-23 20:42:19 - [TEST_STEP][PASSED] - for ([j = 0, j &lt; symbols.size(), (j++)]): null

2019-08-23 20:42:19 - [TEST_STEP][PASSED] - symbol = symbol: null

2019-08-23 20:42:19 - [TEST_STEP][PASSED] - println(symbol): null

2019-08-23 20:42:19 - [TEST_STEP][PASSED] - if (i == 2 &amp;&amp; wildList.indexOf(symbol) != -1): null

2019-08-23 20:42:19 - [TEST_STEP][PASSED] - if (i == 3 &amp;&amp; wildList.indexOf(symbol) != -1): null

2019-08-23 20:42:19 - [TEST_STEP][PASSED] - if (i == 4 &amp;&amp; wildList.indexOf(symbol) != -1): null

2019-08-23 20:42:19 - [TEST_STEP][PASSED] - symbol = symbol: null

2019-08-23 20:42:19 - [TEST_STEP][PASSED] - println(symbol): null

2019-08-23 20:42:19 - [TEST_STEP][PASSED] - if (i == 2 &amp;&amp; wildList.indexOf(symbol) != -1): null

2019-08-23 20:42:19 - [TEST_STEP][PASSED] - if (i == 3 &amp;&amp; wildList.indexOf(symbol) != -1): null

2019-08-23 20:42:19 - [TEST_STEP][PASSED] - if (i == 4 &amp;&amp; wildList.indexOf(symbol) != -1): null

2019-08-23 20:42:19 - [TEST_STEP][PASSED] - symbol = symbol: null

2019-08-23 20:42:19 - [TEST_STEP][PASSED] - println(symbol): null

2019-08-23 20:42:19 - [TEST_STEP][PASSED] - if (i == 2 &amp;&amp; wildList.indexOf(symbol) != -1): null

2019-08-23 20:42:19 - [TEST_STEP][PASSED] - if (i == 3 &amp;&amp; wildList.indexOf(symbol) != -1): null

2019-08-23 20:42:19 - [TEST_STEP][PASSED] - if (i == 4 &amp;&amp; wildList.indexOf(symbol) != -1): null

2019-08-23 20:42:19 - [TEST_STEP][PASSED] - symbols = symbols: null

2019-08-23 20:42:19 - [TEST_STEP][PASSED] - for ([j = 0, j &lt; symbols.size(), (j++)]): null

2019-08-23 20:42:19 - [TEST_STEP][PASSED] - symbol = symbol: null

2019-08-23 20:42:19 - [TEST_STEP][PASSED] - println(symbol): null

2019-08-23 20:42:19 - [TEST_STEP][PASSED] - if (i == 2 &amp;&amp; wildList.indexOf(symbol) != -1): null

2019-08-23 20:42:19 - [TEST_STEP][PASSED] - if (i == 3 &amp;&amp; wildList.indexOf(symbol) != -1): null

2019-08-23 20:42:19 - [TEST_STEP][PASSED] - if (i == 4 &amp;&amp; wildList.indexOf(symbol) != -1): null

2019-08-23 20:42:19 - [TEST_STEP][PASSED] - symbol = symbol: null

2019-08-23 20:42:19 - [TEST_STEP][PASSED] - println(symbol): null

2019-08-23 20:42:19 - [TEST_STEP][PASSED] - if (i == 2 &amp;&amp; wildList.indexOf(symbol) != -1): null

2019-08-23 20:42:19 - [TEST_STEP][PASSED] - if (i == 3 &amp;&amp; wildList.indexOf(symbol) != -1): null

2019-08-23 20:42:19 - [TEST_STEP][PASSED] - if (i == 4 &amp;&amp; wildList.indexOf(symbol) != -1): null

2019-08-23 20:42:19 - [TEST_STEP][PASSED] - symbol = symbol: null

2019-08-23 20:42:19 - [TEST_STEP][PASSED] - println(symbol): null

2019-08-23 20:42:19 - [TEST_STEP][PASSED] - if (i == 2 &amp;&amp; wildList.indexOf(symbol) != -1): null

2019-08-23 20:42:19 - [TEST_STEP][PASSED] - if (i == 3 &amp;&amp; wildList.indexOf(symbol) != -1): null

2019-08-23 20:42:19 - [TEST_STEP][PASSED] - if (i == 4 &amp;&amp; wildList.indexOf(symbol) != -1): null

2019-08-23 20:42:19 - [TEST_STEP][PASSED] - println("wild found on reel 5, adding counter by 1"): null

2019-08-23 20:42:19 - [TEST_STEP][PASSED] - free_spin_reel_counter[2] = free_spin_reel_counter[2] + 1: null

2019-08-23 20:42:19 - [TEST_STEP][PASSED] - free_spin_reel_counter = free_spin_reel_counter: null

2019-08-23 20:42:19 - [TEST_STEP][PASSED] - println("reel 3 wild found: " + free_spin_reel_counter[0]): null

2019-08-23 20:42:19 - [TEST_STEP][PASSED] - println("reel 4 wild found: " + free_spin_reel_counter[1]): null

2019-08-23 20:42:19 - [TEST_STEP][PASSED] - println("reel 5 wild found: " + free_spin_reel_counter[2]): null

2019-08-23 20:42:19 - [TEST_STEP][PASSED] - M4_spin_reels = M4_spin_reels: null

2019-08-23 20:42:19 - [TEST_STEP][PASSED] - M4_spin_reels_symbols = symbol: null

2019-08-23 20:42:19 - [TEST_STEP][PASSED] - M4_spin_reels_symbols = M4_spin_reels_symbols: null

2019-08-23 20:42:19 - [TEST_STEP][PASSED] - M4_spin_reel_wins = reel_wins: null

2019-08-23 20:42:19 - [TEST_STEP][PASSED] - M4_spin_reel_wins = M4_spin_reel_wins: null

2019-08-23 20:42:19 - [TEST_STEP][PASSED] - println("GlobalVariable.M4_spin_reel_wins is: " + M4_spin_reel_wins): null

2019-08-23 20:42:19 - [TEST_STEP][PASSED] - M4_spin_total_bonus_win_this_round = total_bonus_win_this_round: null

2019-08-23 20:42:19 - [TEST_STEP][PASSED] - M4_spin_total_bonus_win_this_round = M4_spin_total_bonus_win_this_round: null

2019-08-23 20:42:19 - [TEST_STEP][PASSED] - println("GlobalVariable.M4_spin_total_bonus_win_this_round is: " + M4_spin_total_bonus_win_this_round): null

2019-08-23 20:42:19 - [TEST_STEP][PASSED] - M4_spin_bonus_spin_result = spin_result: null

2019-08-23 20:42:19 - [TEST_STEP][PASSED] - M4_spin_bonus_spin_result = M4_spin_bonus_spin_result: null

2019-08-23 20:42:19 - [MESSAGE][PASSED] - Verify response successfully

2019-08-23 20:42:19 - [MESSAGE][PASSED] - Send request and verify the response successfully

2019-08-23 20:42:19 - [TEST_STEP][PASSED] - if (free_spin_reel_counter[0] &gt;= 1 &amp;&amp; free_spin_reel_counter[1] &gt;= 1 &amp;&amp; free_spin_reel_counter[2] &gt;= 1): null

2019-08-23 20:42:19 - [TEST_STEP][PASSED] - spin_result = sendRequestAndVerify(findTestObject("INT/RGS(M4)/1_M4_spin", ["M4_login_user_id":M4_login_user_id, "rgs_session_token":rgs_session_token, "partner":Partner])): Send request and verify the response successfully

2019-08-23 20:42:20 - [MESSAGE][INFO] - HAR: /Users/eiralee/Katalon_Script/SuperWild/Reports/20190823_204157/INT/superWild_1/20190823_204157/requests/main/4.har

2019-08-23 20:42:20 - [TEST_CASE][PASSED] - Start Test Case : Verification: Verification accomplished successfully

2019-08-23 20:42:20 - [TEST_STEP][PASSED] - request = getInstance().getCurrentRequest(): null

2019-08-23 20:42:20 - [TEST_STEP][PASSED] - response = getInstance().getCurrentResponse(): null

2019-08-23 20:42:20 - [TEST_STEP][PASSED] - verifyResponseStatusCode(response, 200): Verify response status code successfully

2019-08-23 20:42:20 - [MESSAGE][PASSED] - Verify response status code successfully

2019-08-23 20:42:20 - [TEST_STEP][PASSED] - getStatusCode()).isEqualTo(200): null

2019-08-23 20:42:20 - [TEST_STEP][PASSED] - newline = System.getProperty("line.separator"): null

2019-08-23 20:42:20 - [TEST_STEP][PASSED] - M4_spin = new groovy.json.JsonSlurper(): null

2019-08-23 20:42:20 - [TEST_STEP][PASSED] - result_M4_spin = M4_spin.parseText(response.getResponseBodyContent()): null

2019-08-23 20:42:20 - [TEST_STEP][PASSED] - M4_spin_current_balance = current_balance: null

2019-08-23 20:42:20 - [TEST_STEP][PASSED] - M4_spin_current_balance = M4_spin_current_balance: null

2019-08-23 20:42:20 - [TEST_STEP][PASSED] - M4_spin_transaction_id = causality: null

2019-08-23 20:42:20 - [TEST_STEP][PASSED] - M4_spin_transaction_id = M4_spin_transaction_id: null

2019-08-23 20:42:20 - [TEST_STEP][PASSED] - M4_spin_round_id = round_id: null

2019-08-23 20:42:20 - [TEST_STEP][PASSED] - M4_spin_round_id = M4_spin_round_id: null

2019-08-23 20:42:20 - [TEST_STEP][PASSED] - M4_spin_line_wins = line_wins: null

2019-08-23 20:42:20 - [TEST_STEP][PASSED] - M4_spin_line_wins = M4_spin_line_wins: null

2019-08-23 20:42:20 - [TEST_STEP][PASSED] - M4_total_bonus_spins_int = total_bonus_spins: null

2019-08-23 20:42:20 - [TEST_STEP][PASSED] - println("******M4_total_bonus_spins type is:*******" + newline + getClass().getName()): null

2019-08-23 20:42:20 - [TEST_STEP][PASSED] - M4_total_bonus_spins_int = M4_total_bonus_spins_int: null

2019-08-23 20:42:20 - [TEST_STEP][PASSED] - M4_total_bonus_spins = Integer.toString(M4_total_bonus_spins_int): null

2019-08-23 20:42:20 - [TEST_STEP][PASSED] - M4_total_bonus_spins = M4_total_bonus_spins: null

2019-08-23 20:42:20 - [TEST_STEP][PASSED] - println("M4_total_bonus_spins is:" + M4_total_bonus_spins): null

2019-08-23 20:42:20 - [TEST_STEP][PASSED] - M4_spin_bonus_data = bonus_data: null

2019-08-23 20:42:20 - [TEST_STEP][PASSED] - M4_spin_features_triggered = result_M4_spin: null

2019-08-23 20:42:20 - [TEST_STEP][PASSED] - wild = []: null

2019-08-23 20:42:20 - [TEST_STEP][PASSED] - wild[0] = "WILD_Expanding": null

2019-08-23 20:42:20 - [TEST_STEP][PASSED] - wild[1] = "WILD_Normal": null

2019-08-23 20:42:20 - [TEST_STEP][PASSED] - wild[2] = "WILD_Double": null

2019-08-23 20:42:20 - [TEST_STEP][PASSED] - wild[3] = "WILD_ExtraFG": null

2019-08-23 20:42:20 - [TEST_STEP][PASSED] - wild[4] = "WILD_Triple": null

2019-08-23 20:42:20 - [TEST_STEP][PASSED] - wildList = Arrays.asList(wild): null

2019-08-23 20:42:20 - [TEST_STEP][PASSED] - wildList = wildList: null

2019-08-23 20:42:20 - [TEST_STEP][PASSED] - free_spin_reel_counter = []: null

2019-08-23 20:42:20 - [TEST_STEP][PASSED] - free_spin_reel_counter[0] = 0: null

2019-08-23 20:42:20 - [TEST_STEP][PASSED] - free_spin_reel_counter[1] = 0: null

2019-08-23 20:42:20 - [TEST_STEP][PASSED] - free_spin_reel_counter[2] = 0: null

2019-08-23 20:42:20 - [TEST_STEP][PASSED] - M4_spin_reels = reels: null

2019-08-23 20:42:20 - [TEST_STEP][PASSED] - for ([i = 0, i &lt; M4_spin_reels.size(), (i++)]): null

2019-08-23 20:42:20 - [TEST_STEP][PASSED] - symbols = symbols: null

2019-08-23 20:42:20 - [TEST_STEP][PASSED] - for ([j = 0, j &lt; symbols.size(), (j++)]): null

2019-08-23 20:42:20 - [TEST_STEP][PASSED] - symbol = symbol: null

2019-08-23 20:42:20 - [TEST_STEP][PASSED] - println(symbol): null

2019-08-23 20:42:20 - [TEST_STEP][PASSED] - if (i == 2 &amp;&amp; wildList.indexOf(symbol) != -1): null

2019-08-23 20:42:20 - [TEST_STEP][PASSED] - if (i == 3 &amp;&amp; wildList.indexOf(symbol) != -1): null

2019-08-23 20:42:20 - [TEST_STEP][PASSED] - if (i == 4 &amp;&amp; wildList.indexOf(symbol) != -1): null

2019-08-23 20:42:20 - [TEST_STEP][PASSED] - symbol = symbol: null

2019-08-23 20:42:20 - [TEST_STEP][PASSED] - println(symbol): null

2019-08-23 20:42:20 - [TEST_STEP][PASSED] - if (i == 2 &amp;&amp; wildList.indexOf(symbol) != -1): null

2019-08-23 20:42:20 - [TEST_STEP][PASSED] - if (i == 3 &amp;&amp; wildList.indexOf(symbol) != -1): null

2019-08-23 20:42:20 - [TEST_STEP][PASSED] - if (i == 4 &amp;&amp; wildList.indexOf(symbol) != -1): null

2019-08-23 20:42:20 - [TEST_STEP][PASSED] - symbol = symbol: null

2019-08-23 20:42:20 - [TEST_STEP][PASSED] - println(symbol): null

2019-08-23 20:42:20 - [TEST_STEP][PASSED] - if (i == 2 &amp;&amp; wildList.indexOf(symbol) != -1): null

2019-08-23 20:42:20 - [TEST_STEP][PASSED] - if (i == 3 &amp;&amp; wildList.indexOf(symbol) != -1): null

2019-08-23 20:42:20 - [TEST_STEP][PASSED] - if (i == 4 &amp;&amp; wildList.indexOf(symbol) != -1): null

2019-08-23 20:42:20 - [TEST_STEP][PASSED] - symbols = symbols: null

2019-08-23 20:42:20 - [TEST_STEP][PASSED] - for ([j = 0, j &lt; symbols.size(), (j++)]): null

2019-08-23 20:42:20 - [TEST_STEP][PASSED] - symbol = symbol: null

2019-08-23 20:42:20 - [TEST_STEP][PASSED] - println(symbol): null

2019-08-23 20:42:20 - [TEST_STEP][PASSED] - if (i == 2 &amp;&amp; wildList.indexOf(symbol) != -1): null

2019-08-23 20:42:20 - [TEST_STEP][PASSED] - if (i == 3 &amp;&amp; wildList.indexOf(symbol) != -1): null

2019-08-23 20:42:20 - [TEST_STEP][PASSED] - if (i == 4 &amp;&amp; wildList.indexOf(symbol) != -1): null

2019-08-23 20:42:20 - [TEST_STEP][PASSED] - symbol = symbol: null

2019-08-23 20:42:20 - [TEST_STEP][PASSED] - println(symbol): null

2019-08-23 20:42:20 - [TEST_STEP][PASSED] - if (i == 2 &amp;&amp; wildList.indexOf(symbol) != -1): null

2019-08-23 20:42:20 - [TEST_STEP][PASSED] - if (i == 3 &amp;&amp; wildList.indexOf(symbol) != -1): null

2019-08-23 20:42:20 - [TEST_STEP][PASSED] - if (i == 4 &amp;&amp; wildList.indexOf(symbol) != -1): null

2019-08-23 20:42:20 - [TEST_STEP][PASSED] - symbol = symbol: null

2019-08-23 20:42:20 - [TEST_STEP][PASSED] - println(symbol): null

2019-08-23 20:42:20 - [TEST_STEP][PASSED] - if (i == 2 &amp;&amp; wildList.indexOf(symbol) != -1): null

2019-08-23 20:42:20 - [TEST_STEP][PASSED] - if (i == 3 &amp;&amp; wildList.indexOf(symbol) != -1): null

2019-08-23 20:42:20 - [TEST_STEP][PASSED] - if (i == 4 &amp;&amp; wildList.indexOf(symbol) != -1): null

2019-08-23 20:42:20 - [TEST_STEP][PASSED] - symbols = symbols: null

2019-08-23 20:42:20 - [TEST_STEP][PASSED] - for ([j = 0, j &lt; symbols.size(), (j++)]): null

2019-08-23 20:42:20 - [TEST_STEP][PASSED] - symbol = symbol: null

2019-08-23 20:42:20 - [TEST_STEP][PASSED] - println(symbol): null

2019-08-23 20:42:20 - [TEST_STEP][PASSED] - if (i == 2 &amp;&amp; wildList.indexOf(symbol) != -1): null

2019-08-23 20:42:20 - [TEST_STEP][PASSED] - if (i == 3 &amp;&amp; wildList.indexOf(symbol) != -1): null

2019-08-23 20:42:20 - [TEST_STEP][PASSED] - if (i == 4 &amp;&amp; wildList.indexOf(symbol) != -1): null

2019-08-23 20:42:20 - [TEST_STEP][PASSED] - symbol = symbol: null

2019-08-23 20:42:20 - [TEST_STEP][PASSED] - println(symbol): null

2019-08-23 20:42:20 - [TEST_STEP][PASSED] - if (i == 2 &amp;&amp; wildList.indexOf(symbol) != -1): null

2019-08-23 20:42:20 - [TEST_STEP][PASSED] - if (i == 3 &amp;&amp; wildList.indexOf(symbol) != -1): null

2019-08-23 20:42:20 - [TEST_STEP][PASSED] - if (i == 4 &amp;&amp; wildList.indexOf(symbol) != -1): null

2019-08-23 20:42:20 - [TEST_STEP][PASSED] - symbol = symbol: null

2019-08-23 20:42:20 - [TEST_STEP][PASSED] - println(symbol): null

2019-08-23 20:42:20 - [TEST_STEP][PASSED] - if (i == 2 &amp;&amp; wildList.indexOf(symbol) != -1): null

2019-08-23 20:42:20 - [TEST_STEP][PASSED] - if (i == 3 &amp;&amp; wildList.indexOf(symbol) != -1): null

2019-08-23 20:42:20 - [TEST_STEP][PASSED] - if (i == 4 &amp;&amp; wildList.indexOf(symbol) != -1): null

2019-08-23 20:42:20 - [TEST_STEP][PASSED] - symbols = symbols: null

2019-08-23 20:42:20 - [TEST_STEP][PASSED] - for ([j = 0, j &lt; symbols.size(), (j++)]): null

2019-08-23 20:42:20 - [TEST_STEP][PASSED] - symbol = symbol: null

2019-08-23 20:42:20 - [TEST_STEP][PASSED] - println(symbol): null

2019-08-23 20:42:20 - [TEST_STEP][PASSED] - if (i == 2 &amp;&amp; wildList.indexOf(symbol) != -1): null

2019-08-23 20:42:20 - [TEST_STEP][PASSED] - if (i == 3 &amp;&amp; wildList.indexOf(symbol) != -1): null

2019-08-23 20:42:20 - [TEST_STEP][PASSED] - if (i == 4 &amp;&amp; wildList.indexOf(symbol) != -1): null

2019-08-23 20:42:20 - [TEST_STEP][PASSED] - symbol = symbol: null

2019-08-23 20:42:20 - [TEST_STEP][PASSED] - println(symbol): null

2019-08-23 20:42:20 - [TEST_STEP][PASSED] - if (i == 2 &amp;&amp; wildList.indexOf(symbol) != -1): null

2019-08-23 20:42:20 - [TEST_STEP][PASSED] - if (i == 3 &amp;&amp; wildList.indexOf(symbol) != -1): null

2019-08-23 20:42:20 - [TEST_STEP][PASSED] - if (i == 4 &amp;&amp; wildList.indexOf(symbol) != -1): null

2019-08-23 20:42:20 - [TEST_STEP][PASSED] - symbol = symbol: null

2019-08-23 20:42:20 - [TEST_STEP][PASSED] - println(symbol): null

2019-08-23 20:42:20 - [TEST_STEP][PASSED] - if (i == 2 &amp;&amp; wildList.indexOf(symbol) != -1): null

2019-08-23 20:42:20 - [TEST_STEP][PASSED] - if (i == 3 &amp;&amp; wildList.indexOf(symbol) != -1): null

2019-08-23 20:42:20 - [TEST_STEP][PASSED] - if (i == 4 &amp;&amp; wildList.indexOf(symbol) != -1): null

2019-08-23 20:42:20 - [TEST_STEP][PASSED] - symbols = symbols: null

2019-08-23 20:42:20 - [TEST_STEP][PASSED] - for ([j = 0, j &lt; symbols.size(), (j++)]): null

2019-08-23 20:42:20 - [TEST_STEP][PASSED] - symbol = symbol: null

2019-08-23 20:42:20 - [TEST_STEP][PASSED] - println(symbol): null

2019-08-23 20:42:20 - [TEST_STEP][PASSED] - if (i == 2 &amp;&amp; wildList.indexOf(symbol) != -1): null

2019-08-23 20:42:20 - [TEST_STEP][PASSED] - if (i == 3 &amp;&amp; wildList.indexOf(symbol) != -1): null

2019-08-23 20:42:20 - [TEST_STEP][PASSED] - if (i == 4 &amp;&amp; wildList.indexOf(symbol) != -1): null

2019-08-23 20:42:20 - [TEST_STEP][PASSED] - symbol = symbol: null

2019-08-23 20:42:20 - [TEST_STEP][PASSED] - println(symbol): null

2019-08-23 20:42:20 - [TEST_STEP][PASSED] - if (i == 2 &amp;&amp; wildList.indexOf(symbol) != -1): null

2019-08-23 20:42:20 - [TEST_STEP][PASSED] - if (i == 3 &amp;&amp; wildList.indexOf(symbol) != -1): null

2019-08-23 20:42:20 - [TEST_STEP][PASSED] - if (i == 4 &amp;&amp; wildList.indexOf(symbol) != -1): null

2019-08-23 20:42:20 - [TEST_STEP][PASSED] - symbol = symbol: null

2019-08-23 20:42:20 - [TEST_STEP][PASSED] - println(symbol): null

2019-08-23 20:42:20 - [TEST_STEP][PASSED] - if (i == 2 &amp;&amp; wildList.indexOf(symbol) != -1): null

2019-08-23 20:42:20 - [TEST_STEP][PASSED] - if (i == 3 &amp;&amp; wildList.indexOf(symbol) != -1): null

2019-08-23 20:42:20 - [TEST_STEP][PASSED] - if (i == 4 &amp;&amp; wildList.indexOf(symbol) != -1): null

2019-08-23 20:42:20 - [TEST_STEP][PASSED] - free_spin_reel_counter = free_spin_reel_counter: null

2019-08-23 20:42:20 - [TEST_STEP][PASSED] - println("reel 3 wild found: " + free_spin_reel_counter[0]): null

2019-08-23 20:42:20 - [TEST_STEP][PASSED] - println("reel 4 wild found: " + free_spin_reel_counter[1]): null

2019-08-23 20:42:20 - [TEST_STEP][PASSED] - println("reel 5 wild found: " + free_spin_reel_counter[2]): null

2019-08-23 20:42:20 - [TEST_STEP][PASSED] - M4_spin_reels = M4_spin_reels: null

2019-08-23 20:42:20 - [TEST_STEP][PASSED] - M4_spin_reels_symbols = symbol: null

2019-08-23 20:42:20 - [TEST_STEP][PASSED] - M4_spin_reels_symbols = M4_spin_reels_symbols: null

2019-08-23 20:42:20 - [TEST_STEP][PASSED] - M4_spin_reel_wins = reel_wins: null

2019-08-23 20:42:20 - [TEST_STEP][PASSED] - M4_spin_reel_wins = M4_spin_reel_wins: null

2019-08-23 20:42:20 - [TEST_STEP][PASSED] - println("GlobalVariable.M4_spin_reel_wins is: " + M4_spin_reel_wins): null

2019-08-23 20:42:20 - [TEST_STEP][PASSED] - M4_spin_total_bonus_win_this_round = total_bonus_win_this_round: null

2019-08-23 20:42:20 - [TEST_STEP][PASSED] - M4_spin_total_bonus_win_this_round = M4_spin_total_bonus_win_this_round: null

2019-08-23 20:42:20 - [TEST_STEP][PASSED] - println("GlobalVariable.M4_spin_total_bonus_win_this_round is: " + M4_spin_total_bonus_win_this_round): null

2019-08-23 20:42:20 - [TEST_STEP][PASSED] - M4_spin_bonus_spin_result = spin_result: null

2019-08-23 20:42:20 - [TEST_STEP][PASSED] - M4_spin_bonus_spin_result = M4_spin_bonus_spin_result: null

2019-08-23 20:42:20 - [MESSAGE][PASSED] - Verify response successfully

2019-08-23 20:42:20 - [MESSAGE][PASSED] - Send request and verify the response successfully

2019-08-23 20:42:20 - [TEST_STEP][PASSED] - if (free_spin_reel_counter[0] &gt;= 1 &amp;&amp; free_spin_reel_counter[1] &gt;= 1 &amp;&amp; free_spin_reel_counter[2] &gt;= 1): null

2019-08-23 20:42:20 - [TEST_STEP][PASSED] - spin_result = sendRequestAndVerify(findTestObject("INT/RGS(M4)/1_M4_spin", ["M4_login_user_id":M4_login_user_id, "rgs_session_token":rgs_session_token, "partner":Partner])): Send request and verify the response successfully

2019-08-23 20:42:22 - [MESSAGE][INFO] - HAR: /Users/eiralee/Katalon_Script/SuperWild/Reports/20190823_204157/INT/superWild_1/20190823_204157/requests/main/5.har

2019-08-23 20:42:22 - [TEST_CASE][PASSED] - Start Test Case : Verification: Verification accomplished successfully

2019-08-23 20:42:22 - [TEST_STEP][PASSED] - request = getInstance().getCurrentRequest(): null

2019-08-23 20:42:22 - [TEST_STEP][PASSED] - response = getInstance().getCurrentResponse(): null

2019-08-23 20:42:22 - [TEST_STEP][PASSED] - verifyResponseStatusCode(response, 200): Verify response status code successfully

2019-08-23 20:42:22 - [MESSAGE][PASSED] - Verify response status code successfully

2019-08-23 20:42:22 - [TEST_STEP][PASSED] - getStatusCode()).isEqualTo(200): null

2019-08-23 20:42:22 - [TEST_STEP][PASSED] - newline = System.getProperty("line.separator"): null

2019-08-23 20:42:22 - [TEST_STEP][PASSED] - M4_spin = new groovy.json.JsonSlurper(): null

2019-08-23 20:42:22 - [TEST_STEP][PASSED] - result_M4_spin = M4_spin.parseText(response.getResponseBodyContent()): null

2019-08-23 20:42:22 - [TEST_STEP][PASSED] - M4_spin_current_balance = current_balance: null

2019-08-23 20:42:22 - [TEST_STEP][PASSED] - M4_spin_current_balance = M4_spin_current_balance: null

2019-08-23 20:42:22 - [TEST_STEP][PASSED] - M4_spin_transaction_id = causality: null

2019-08-23 20:42:22 - [TEST_STEP][PASSED] - M4_spin_transaction_id = M4_spin_transaction_id: null

2019-08-23 20:42:22 - [TEST_STEP][PASSED] - M4_spin_round_id = round_id: null

2019-08-23 20:42:22 - [TEST_STEP][PASSED] - M4_spin_round_id = M4_spin_round_id: null

2019-08-23 20:42:22 - [TEST_STEP][PASSED] - M4_spin_line_wins = line_wins: null

2019-08-23 20:42:22 - [TEST_STEP][PASSED] - M4_spin_line_wins = M4_spin_line_wins: null

2019-08-23 20:42:22 - [TEST_STEP][PASSED] - M4_total_bonus_spins_int = total_bonus_spins: null

2019-08-23 20:42:22 - [TEST_STEP][PASSED] - println("******M4_total_bonus_spins type is:*******" + newline + getClass().getName()): null

2019-08-23 20:42:22 - [TEST_STEP][PASSED] - M4_total_bonus_spins_int = M4_total_bonus_spins_int: null

2019-08-23 20:42:22 - [TEST_STEP][PASSED] - M4_total_bonus_spins = Integer.toString(M4_total_bonus_spins_int): null

2019-08-23 20:42:22 - [TEST_STEP][PASSED] - M4_total_bonus_spins = M4_total_bonus_spins: null

2019-08-23 20:42:22 - [TEST_STEP][PASSED] - println("M4_total_bonus_spins is:" + M4_total_bonus_spins): null

2019-08-23 20:42:22 - [TEST_STEP][PASSED] - M4_spin_bonus_data = bonus_data: null

2019-08-23 20:42:22 - [TEST_STEP][PASSED] - M4_spin_features_triggered = result_M4_spin: null

2019-08-23 20:42:22 - [TEST_STEP][PASSED] - wild = []: null

2019-08-23 20:42:22 - [TEST_STEP][PASSED] - wild[0] = "WILD_Expanding": null

2019-08-23 20:42:22 - [TEST_STEP][PASSED] - wild[1] = "WILD_Normal": null

2019-08-23 20:42:22 - [TEST_STEP][PASSED] - wild[2] = "WILD_Double": null

2019-08-23 20:42:22 - [TEST_STEP][PASSED] - wild[3] = "WILD_ExtraFG": null

2019-08-23 20:42:22 - [TEST_STEP][PASSED] - wild[4] = "WILD_Triple": null

2019-08-23 20:42:22 - [TEST_STEP][PASSED] - wildList = Arrays.asList(wild): null

2019-08-23 20:42:22 - [TEST_STEP][PASSED] - wildList = wildList: null

2019-08-23 20:42:22 - [TEST_STEP][PASSED] - free_spin_reel_counter = []: null

2019-08-23 20:42:22 - [TEST_STEP][PASSED] - free_spin_reel_counter[0] = 0: null

2019-08-23 20:42:22 - [TEST_STEP][PASSED] - free_spin_reel_counter[1] = 0: null

2019-08-23 20:42:22 - [TEST_STEP][PASSED] - free_spin_reel_counter[2] = 0: null

2019-08-23 20:42:22 - [TEST_STEP][PASSED] - M4_spin_reels = reels: null

2019-08-23 20:42:22 - [TEST_STEP][PASSED] - for ([i = 0, i &lt; M4_spin_reels.size(), (i++)]): null

2019-08-23 20:42:22 - [TEST_STEP][PASSED] - symbols = symbols: null

2019-08-23 20:42:22 - [TEST_STEP][PASSED] - for ([j = 0, j &lt; symbols.size(), (j++)]): null

2019-08-23 20:42:22 - [TEST_STEP][PASSED] - symbol = symbol: null

2019-08-23 20:42:22 - [TEST_STEP][PASSED] - println(symbol): null

2019-08-23 20:42:22 - [TEST_STEP][PASSED] - if (i == 2 &amp;&amp; wildList.indexOf(symbol) != -1): null

2019-08-23 20:42:22 - [TEST_STEP][PASSED] - if (i == 3 &amp;&amp; wildList.indexOf(symbol) != -1): null

2019-08-23 20:42:22 - [TEST_STEP][PASSED] - if (i == 4 &amp;&amp; wildList.indexOf(symbol) != -1): null

2019-08-23 20:42:22 - [TEST_STEP][PASSED] - symbol = symbol: null

2019-08-23 20:42:22 - [TEST_STEP][PASSED] - println(symbol): null

2019-08-23 20:42:22 - [TEST_STEP][PASSED] - if (i == 2 &amp;&amp; wildList.indexOf(symbol) != -1): null

2019-08-23 20:42:22 - [TEST_STEP][PASSED] - if (i == 3 &amp;&amp; wildList.indexOf(symbol) != -1): null

2019-08-23 20:42:22 - [TEST_STEP][PASSED] - if (i == 4 &amp;&amp; wildList.indexOf(symbol) != -1): null

2019-08-23 20:42:22 - [TEST_STEP][PASSED] - symbol = symbol: null

2019-08-23 20:42:22 - [TEST_STEP][PASSED] - println(symbol): null

2019-08-23 20:42:22 - [TEST_STEP][PASSED] - if (i == 2 &amp;&amp; wildList.indexOf(symbol) != -1): null

2019-08-23 20:42:22 - [TEST_STEP][PASSED] - if (i == 3 &amp;&amp; wildList.indexOf(symbol) != -1): null

2019-08-23 20:42:22 - [TEST_STEP][PASSED] - if (i == 4 &amp;&amp; wildList.indexOf(symbol) != -1): null

2019-08-23 20:42:22 - [TEST_STEP][PASSED] - symbols = symbols: null

2019-08-23 20:42:22 - [TEST_STEP][PASSED] - for ([j = 0, j &lt; symbols.size(), (j++)]): null

2019-08-23 20:42:22 - [TEST_STEP][PASSED] - symbol = symbol: null

2019-08-23 20:42:22 - [TEST_STEP][PASSED] - println(symbol): null

2019-08-23 20:42:22 - [TEST_STEP][PASSED] - if (i == 2 &amp;&amp; wildList.indexOf(symbol) != -1): null

2019-08-23 20:42:22 - [TEST_STEP][PASSED] - if (i == 3 &amp;&amp; wildList.indexOf(symbol) != -1): null

2019-08-23 20:42:22 - [TEST_STEP][PASSED] - if (i == 4 &amp;&amp; wildList.indexOf(symbol) != -1): null

2019-08-23 20:42:22 - [TEST_STEP][PASSED] - symbol = symbol: null

2019-08-23 20:42:22 - [TEST_STEP][PASSED] - println(symbol): null

2019-08-23 20:42:22 - [TEST_STEP][PASSED] - if (i == 2 &amp;&amp; wildList.indexOf(symbol) != -1): null

2019-08-23 20:42:22 - [TEST_STEP][PASSED] - if (i == 3 &amp;&amp; wildList.indexOf(symbol) != -1): null

2019-08-23 20:42:22 - [TEST_STEP][PASSED] - if (i == 4 &amp;&amp; wildList.indexOf(symbol) != -1): null

2019-08-23 20:42:22 - [TEST_STEP][PASSED] - symbol = symbol: null

2019-08-23 20:42:22 - [TEST_STEP][PASSED] - println(symbol): null

2019-08-23 20:42:22 - [TEST_STEP][PASSED] - if (i == 2 &amp;&amp; wildList.indexOf(symbol) != -1): null

2019-08-23 20:42:22 - [TEST_STEP][PASSED] - if (i == 3 &amp;&amp; wildList.indexOf(symbol) != -1): null

2019-08-23 20:42:22 - [TEST_STEP][PASSED] - if (i == 4 &amp;&amp; wildList.indexOf(symbol) != -1): null

2019-08-23 20:42:22 - [TEST_STEP][PASSED] - symbols = symbols: null

2019-08-23 20:42:22 - [TEST_STEP][PASSED] - for ([j = 0, j &lt; symbols.size(), (j++)]): null

2019-08-23 20:42:22 - [TEST_STEP][PASSED] - symbol = symbol: null

2019-08-23 20:42:22 - [TEST_STEP][PASSED] - println(symbol): null

2019-08-23 20:42:22 - [TEST_STEP][PASSED] - if (i == 2 &amp;&amp; wildList.indexOf(symbol) != -1): null

2019-08-23 20:42:22 - [TEST_STEP][PASSED] - if (i == 3 &amp;&amp; wildList.indexOf(symbol) != -1): null

2019-08-23 20:42:22 - [TEST_STEP][PASSED] - if (i == 4 &amp;&amp; wildList.indexOf(symbol) != -1): null

2019-08-23 20:42:22 - [TEST_STEP][PASSED] - symbol = symbol: null

2019-08-23 20:42:22 - [TEST_STEP][PASSED] - println(symbol): null

2019-08-23 20:42:22 - [TEST_STEP][PASSED] - if (i == 2 &amp;&amp; wildList.indexOf(symbol) != -1): null

2019-08-23 20:42:22 - [TEST_STEP][PASSED] - if (i == 3 &amp;&amp; wildList.indexOf(symbol) != -1): null

2019-08-23 20:42:22 - [TEST_STEP][PASSED] - if (i == 4 &amp;&amp; wildList.indexOf(symbol) != -1): null

2019-08-23 20:42:22 - [TEST_STEP][PASSED] - symbol = symbol: null

2019-08-23 20:42:22 - [TEST_STEP][PASSED] - println(symbol): null

2019-08-23 20:42:22 - [TEST_STEP][PASSED] - if (i == 2 &amp;&amp; wildList.indexOf(symbol) != -1): null

2019-08-23 20:42:22 - [TEST_STEP][PASSED] - if (i == 3 &amp;&amp; wildList.indexOf(symbol) != -1): null

2019-08-23 20:42:22 - [TEST_STEP][PASSED] - if (i == 4 &amp;&amp; wildList.indexOf(symbol) != -1): null

2019-08-23 20:42:22 - [TEST_STEP][PASSED] - symbols = symbols: null

2019-08-23 20:42:22 - [TEST_STEP][PASSED] - for ([j = 0, j &lt; symbols.size(), (j++)]): null

2019-08-23 20:42:22 - [TEST_STEP][PASSED] - symbol = symbol: null

2019-08-23 20:42:22 - [TEST_STEP][PASSED] - println(symbol): null

2019-08-23 20:42:22 - [TEST_STEP][PASSED] - if (i == 2 &amp;&amp; wildList.indexOf(symbol) != -1): null

2019-08-23 20:42:22 - [TEST_STEP][PASSED] - if (i == 3 &amp;&amp; wildList.indexOf(symbol) != -1): null

2019-08-23 20:42:22 - [TEST_STEP][PASSED] - if (i == 4 &amp;&amp; wildList.indexOf(symbol) != -1): null

2019-08-23 20:42:22 - [TEST_STEP][PASSED] - symbol = symbol: null

2019-08-23 20:42:22 - [TEST_STEP][PASSED] - println(symbol): null

2019-08-23 20:42:22 - [TEST_STEP][PASSED] - if (i == 2 &amp;&amp; wildList.indexOf(symbol) != -1): null

2019-08-23 20:42:22 - [TEST_STEP][PASSED] - if (i == 3 &amp;&amp; wildList.indexOf(symbol) != -1): null

2019-08-23 20:42:22 - [TEST_STEP][PASSED] - println("wild found on reel 4, adding counter by 1"): null

2019-08-23 20:42:22 - [TEST_STEP][PASSED] - free_spin_reel_counter[1] = free_spin_reel_counter[1] + 1: null

2019-08-23 20:42:22 - [TEST_STEP][PASSED] - if (i == 4 &amp;&amp; wildList.indexOf(symbol) != -1): null

2019-08-23 20:42:22 - [TEST_STEP][PASSED] - symbol = symbol: null

2019-08-23 20:42:22 - [TEST_STEP][PASSED] - println(symbol): null

2019-08-23 20:42:22 - [TEST_STEP][PASSED] - if (i == 2 &amp;&amp; wildList.indexOf(symbol) != -1): null

2019-08-23 20:42:22 - [TEST_STEP][PASSED] - if (i == 3 &amp;&amp; wildList.indexOf(symbol) != -1): null

2019-08-23 20:42:22 - [TEST_STEP][PASSED] - if (i == 4 &amp;&amp; wildList.indexOf(symbol) != -1): null

2019-08-23 20:42:22 - [TEST_STEP][PASSED] - symbols = symbols: null

2019-08-23 20:42:22 - [TEST_STEP][PASSED] - for ([j = 0, j &lt; symbols.size(), (j++)]): null

2019-08-23 20:42:22 - [TEST_STEP][PASSED] - symbol = symbol: null

2019-08-23 20:42:22 - [TEST_STEP][PASSED] - println(symbol): null

2019-08-23 20:42:22 - [TEST_STEP][PASSED] - if (i == 2 &amp;&amp; wildList.indexOf(symbol) != -1): null

2019-08-23 20:42:22 - [TEST_STEP][PASSED] - if (i == 3 &amp;&amp; wildList.indexOf(symbol) != -1): null

2019-08-23 20:42:22 - [TEST_STEP][PASSED] - if (i == 4 &amp;&amp; wildList.indexOf(symbol) != -1): null

2019-08-23 20:42:22 - [TEST_STEP][PASSED] - symbol = symbol: null

2019-08-23 20:42:22 - [TEST_STEP][PASSED] - println(symbol): null

2019-08-23 20:42:22 - [TEST_STEP][PASSED] - if (i == 2 &amp;&amp; wildList.indexOf(symbol) != -1): null

2019-08-23 20:42:22 - [TEST_STEP][PASSED] - if (i == 3 &amp;&amp; wildList.indexOf(symbol) != -1): null

2019-08-23 20:42:22 - [TEST_STEP][PASSED] - if (i == 4 &amp;&amp; wildList.indexOf(symbol) != -1): null

2019-08-23 20:42:22 - [TEST_STEP][PASSED] - symbol = symbol: null

2019-08-23 20:42:22 - [TEST_STEP][PASSED] - println(symbol): null

2019-08-23 20:42:22 - [TEST_STEP][PASSED] - if (i == 2 &amp;&amp; wildList.indexOf(symbol) != -1): null

2019-08-23 20:42:22 - [TEST_STEP][PASSED] - if (i == 3 &amp;&amp; wildList.indexOf(symbol) != -1): null

2019-08-23 20:42:22 - [TEST_STEP][PASSED] - if (i == 4 &amp;&amp; wildList.indexOf(symbol) != -1): null

2019-08-23 20:42:22 - [TEST_STEP][PASSED] - free_spin_reel_counter = free_spin_reel_counter: null

2019-08-23 20:42:22 - [TEST_STEP][PASSED] - println("reel 3 wild found: " + free_spin_reel_counter[0]): null

2019-08-23 20:42:22 - [TEST_STEP][PASSED] - println("reel 4 wild found: " + free_spin_reel_counter[1]): null

2019-08-23 20:42:22 - [TEST_STEP][PASSED] - println("reel 5 wild found: " + free_spin_reel_counter[2]): null

2019-08-23 20:42:22 - [TEST_STEP][PASSED] - M4_spin_reels = M4_spin_reels: null

2019-08-23 20:42:22 - [TEST_STEP][PASSED] - M4_spin_reels_symbols = symbol: null

2019-08-23 20:42:22 - [TEST_STEP][PASSED] - M4_spin_reels_symbols = M4_spin_reels_symbols: null

2019-08-23 20:42:22 - [TEST_STEP][PASSED] - M4_spin_reel_wins = reel_wins: null

2019-08-23 20:42:22 - [TEST_STEP][PASSED] - M4_spin_reel_wins = M4_spin_reel_wins: null

2019-08-23 20:42:22 - [TEST_STEP][PASSED] - println("GlobalVariable.M4_spin_reel_wins is: " + M4_spin_reel_wins): null

2019-08-23 20:42:22 - [TEST_STEP][PASSED] - M4_spin_total_bonus_win_this_round = total_bonus_win_this_round: null

2019-08-23 20:42:22 - [TEST_STEP][PASSED] - M4_spin_total_bonus_win_this_round = M4_spin_total_bonus_win_this_round: null

2019-08-23 20:42:22 - [TEST_STEP][PASSED] - println("GlobalVariable.M4_spin_total_bonus_win_this_round is: " + M4_spin_total_bonus_win_this_round): null

2019-08-23 20:42:22 - [TEST_STEP][PASSED] - M4_spin_bonus_spin_result = spin_result: null

2019-08-23 20:42:22 - [TEST_STEP][PASSED] - M4_spin_bonus_spin_result = M4_spin_bonus_spin_result: null

2019-08-23 20:42:22 - [MESSAGE][PASSED] - Verify response successfully

2019-08-23 20:42:22 - [MESSAGE][PASSED] - Send request and verify the response successfully

2019-08-23 20:42:22 - [TEST_STEP][PASSED] - if (free_spin_reel_counter[0] &gt;= 1 &amp;&amp; free_spin_reel_counter[1] &gt;= 1 &amp;&amp; free_spin_reel_counter[2] &gt;= 1): null

2019-08-23 20:42:22 - [TEST_STEP][PASSED] - spin_result = sendRequestAndVerify(findTestObject("INT/RGS(M4)/1_M4_spin", ["M4_login_user_id":M4_login_user_id, "rgs_session_token":rgs_session_token, "partner":Partner])): Send request and verify the response successfully

2019-08-23 20:42:24 - [MESSAGE][INFO] - HAR: /Users/eiralee/Katalon_Script/SuperWild/Reports/20190823_204157/INT/superWild_1/20190823_204157/requests/main/6.har

2019-08-23 20:42:24 - [TEST_CASE][PASSED] - Start Test Case : Verification: Verification accomplished successfully

2019-08-23 20:42:24 - [TEST_STEP][PASSED] - request = getInstance().getCurrentRequest(): null

2019-08-23 20:42:24 - [TEST_STEP][PASSED] - response = getInstance().getCurrentResponse(): null

2019-08-23 20:42:24 - [TEST_STEP][PASSED] - verifyResponseStatusCode(response, 200): Verify response status code successfully

2019-08-23 20:42:24 - [MESSAGE][PASSED] - Verify response status code successfully

2019-08-23 20:42:24 - [TEST_STEP][PASSED] - getStatusCode()).isEqualTo(200): null

2019-08-23 20:42:24 - [TEST_STEP][PASSED] - newline = System.getProperty("line.separator"): null

2019-08-23 20:42:24 - [TEST_STEP][PASSED] - M4_spin = new groovy.json.JsonSlurper(): null

2019-08-23 20:42:24 - [TEST_STEP][PASSED] - result_M4_spin = M4_spin.parseText(response.getResponseBodyContent()): null

2019-08-23 20:42:24 - [TEST_STEP][PASSED] - M4_spin_current_balance = current_balance: null

2019-08-23 20:42:24 - [TEST_STEP][PASSED] - M4_spin_current_balance = M4_spin_current_balance: null

2019-08-23 20:42:24 - [TEST_STEP][PASSED] - M4_spin_transaction_id = causality: null

2019-08-23 20:42:24 - [TEST_STEP][PASSED] - M4_spin_transaction_id = M4_spin_transaction_id: null

2019-08-23 20:42:24 - [TEST_STEP][PASSED] - M4_spin_round_id = round_id: null

2019-08-23 20:42:24 - [TEST_STEP][PASSED] - M4_spin_round_id = M4_spin_round_id: null

2019-08-23 20:42:24 - [TEST_STEP][PASSED] - M4_spin_line_wins = line_wins: null

2019-08-23 20:42:24 - [TEST_STEP][PASSED] - M4_spin_line_wins = M4_spin_line_wins: null

2019-08-23 20:42:24 - [TEST_STEP][PASSED] - M4_total_bonus_spins_int = total_bonus_spins: null

2019-08-23 20:42:24 - [TEST_STEP][PASSED] - println("******M4_total_bonus_spins type is:*******" + newline + getClass().getName()): null

2019-08-23 20:42:24 - [TEST_STEP][PASSED] - M4_total_bonus_spins_int = M4_total_bonus_spins_int: null

2019-08-23 20:42:24 - [TEST_STEP][PASSED] - M4_total_bonus_spins = Integer.toString(M4_total_bonus_spins_int): null

2019-08-23 20:42:24 - [TEST_STEP][PASSED] - M4_total_bonus_spins = M4_total_bonus_spins: null

2019-08-23 20:42:24 - [TEST_STEP][PASSED] - println("M4_total_bonus_spins is:" + M4_total_bonus_spins): null

2019-08-23 20:42:24 - [TEST_STEP][PASSED] - M4_spin_bonus_data = bonus_data: null

2019-08-23 20:42:24 - [TEST_STEP][PASSED] - M4_spin_features_triggered = result_M4_spin: null

2019-08-23 20:42:24 - [TEST_STEP][PASSED] - wild = []: null

2019-08-23 20:42:24 - [TEST_STEP][PASSED] - wild[0] = "WILD_Expanding": null

2019-08-23 20:42:24 - [TEST_STEP][PASSED] - wild[1] = "WILD_Normal": null

2019-08-23 20:42:24 - [TEST_STEP][PASSED] - wild[2] = "WILD_Double": null

2019-08-23 20:42:24 - [TEST_STEP][PASSED] - wild[3] = "WILD_ExtraFG": null

2019-08-23 20:42:24 - [TEST_STEP][PASSED] - wild[4] = "WILD_Triple": null

2019-08-23 20:42:24 - [TEST_STEP][PASSED] - wildList = Arrays.asList(wild): null

2019-08-23 20:42:24 - [TEST_STEP][PASSED] - wildList = wildList: null

2019-08-23 20:42:24 - [TEST_STEP][PASSED] - free_spin_reel_counter = []: null

2019-08-23 20:42:24 - [TEST_STEP][PASSED] - free_spin_reel_counter[0] = 0: null

2019-08-23 20:42:24 - [TEST_STEP][PASSED] - free_spin_reel_counter[1] = 0: null

2019-08-23 20:42:24 - [TEST_STEP][PASSED] - free_spin_reel_counter[2] = 0: null

2019-08-23 20:42:24 - [TEST_STEP][PASSED] - M4_spin_reels = reels: null

2019-08-23 20:42:24 - [TEST_STEP][PASSED] - for ([i = 0, i &lt; M4_spin_reels.size(), (i++)]): null

2019-08-23 20:42:24 - [TEST_STEP][PASSED] - symbols = symbols: null

2019-08-23 20:42:24 - [TEST_STEP][PASSED] - for ([j = 0, j &lt; symbols.size(), (j++)]): null

2019-08-23 20:42:24 - [TEST_STEP][PASSED] - symbol = symbol: null

2019-08-23 20:42:24 - [TEST_STEP][PASSED] - println(symbol): null

2019-08-23 20:42:24 - [TEST_STEP][PASSED] - if (i == 2 &amp;&amp; wildList.indexOf(symbol) != -1): null

2019-08-23 20:42:24 - [TEST_STEP][PASSED] - if (i == 3 &amp;&amp; wildList.indexOf(symbol) != -1): null

2019-08-23 20:42:24 - [TEST_STEP][PASSED] - if (i == 4 &amp;&amp; wildList.indexOf(symbol) != -1): null

2019-08-23 20:42:24 - [TEST_STEP][PASSED] - symbol = symbol: null

2019-08-23 20:42:24 - [TEST_STEP][PASSED] - println(symbol): null

2019-08-23 20:42:24 - [TEST_STEP][PASSED] - if (i == 2 &amp;&amp; wildList.indexOf(symbol) != -1): null

2019-08-23 20:42:24 - [TEST_STEP][PASSED] - if (i == 3 &amp;&amp; wildList.indexOf(symbol) != -1): null

2019-08-23 20:42:24 - [TEST_STEP][PASSED] - if (i == 4 &amp;&amp; wildList.indexOf(symbol) != -1): null

2019-08-23 20:42:24 - [TEST_STEP][PASSED] - symbol = symbol: null

2019-08-23 20:42:24 - [TEST_STEP][PASSED] - println(symbol): null

2019-08-23 20:42:24 - [TEST_STEP][PASSED] - if (i == 2 &amp;&amp; wildList.indexOf(symbol) != -1): null

2019-08-23 20:42:24 - [TEST_STEP][PASSED] - if (i == 3 &amp;&amp; wildList.indexOf(symbol) != -1): null

2019-08-23 20:42:24 - [TEST_STEP][PASSED] - if (i == 4 &amp;&amp; wildList.indexOf(symbol) != -1): null

2019-08-23 20:42:24 - [TEST_STEP][PASSED] - symbols = symbols: null

2019-08-23 20:42:24 - [TEST_STEP][PASSED] - for ([j = 0, j &lt; symbols.size(), (j++)]): null

2019-08-23 20:42:24 - [TEST_STEP][PASSED] - symbol = symbol: null

2019-08-23 20:42:24 - [TEST_STEP][PASSED] - println(symbol): null

2019-08-23 20:42:24 - [TEST_STEP][PASSED] - if (i == 2 &amp;&amp; wildList.indexOf(symbol) != -1): null

2019-08-23 20:42:24 - [TEST_STEP][PASSED] - if (i == 3 &amp;&amp; wildList.indexOf(symbol) != -1): null

2019-08-23 20:42:24 - [TEST_STEP][PASSED] - if (i == 4 &amp;&amp; wildList.indexOf(symbol) != -1): null

2019-08-23 20:42:24 - [TEST_STEP][PASSED] - symbol = symbol: null

2019-08-23 20:42:24 - [TEST_STEP][PASSED] - println(symbol): null

2019-08-23 20:42:24 - [TEST_STEP][PASSED] - if (i == 2 &amp;&amp; wildList.indexOf(symbol) != -1): null

2019-08-23 20:42:24 - [TEST_STEP][PASSED] - if (i == 3 &amp;&amp; wildList.indexOf(symbol) != -1): null

2019-08-23 20:42:24 - [TEST_STEP][PASSED] - if (i == 4 &amp;&amp; wildList.indexOf(symbol) != -1): null

2019-08-23 20:42:24 - [TEST_STEP][PASSED] - symbol = symbol: null

2019-08-23 20:42:24 - [TEST_STEP][PASSED] - println(symbol): null

2019-08-23 20:42:24 - [TEST_STEP][PASSED] - if (i == 2 &amp;&amp; wildList.indexOf(symbol) != -1): null

2019-08-23 20:42:24 - [TEST_STEP][PASSED] - if (i == 3 &amp;&amp; wildList.indexOf(symbol) != -1): null

2019-08-23 20:42:24 - [TEST_STEP][PASSED] - if (i == 4 &amp;&amp; wildList.indexOf(symbol) != -1): null

2019-08-23 20:42:24 - [TEST_STEP][PASSED] - symbols = symbols: null

2019-08-23 20:42:24 - [TEST_STEP][PASSED] - for ([j = 0, j &lt; symbols.size(), (j++)]): null

2019-08-23 20:42:24 - [TEST_STEP][PASSED] - symbol = symbol: null

2019-08-23 20:42:24 - [TEST_STEP][PASSED] - println(symbol): null

2019-08-23 20:42:24 - [TEST_STEP][PASSED] - if (i == 2 &amp;&amp; wildList.indexOf(symbol) != -1): null

2019-08-23 20:42:24 - [TEST_STEP][PASSED] - println("wild found on reel 3, adding counter by 1"): null

2019-08-23 20:42:24 - [TEST_STEP][PASSED] - free_spin_reel_counter[0] = free_spin_reel_counter[0] + 1: null

2019-08-23 20:42:24 - [TEST_STEP][PASSED] - if (i == 3 &amp;&amp; wildList.indexOf(symbol) != -1): null

2019-08-23 20:42:24 - [TEST_STEP][PASSED] - if (i == 4 &amp;&amp; wildList.indexOf(symbol) != -1): null

2019-08-23 20:42:24 - [TEST_STEP][PASSED] - symbol = symbol: null

2019-08-23 20:42:24 - [TEST_STEP][PASSED] - println(symbol): null

2019-08-23 20:42:24 - [TEST_STEP][PASSED] - if (i == 2 &amp;&amp; wildList.indexOf(symbol) != -1): null

2019-08-23 20:42:24 - [TEST_STEP][PASSED] - if (i == 3 &amp;&amp; wildList.indexOf(symbol) != -1): null

2019-08-23 20:42:24 - [TEST_STEP][PASSED] - if (i == 4 &amp;&amp; wildList.indexOf(symbol) != -1): null

2019-08-23 20:42:24 - [TEST_STEP][PASSED] - symbol = symbol: null

2019-08-23 20:42:24 - [TEST_STEP][PASSED] - println(symbol): null

2019-08-23 20:42:24 - [TEST_STEP][PASSED] - if (i == 2 &amp;&amp; wildList.indexOf(symbol) != -1): null

2019-08-23 20:42:24 - [TEST_STEP][PASSED] - if (i == 3 &amp;&amp; wildList.indexOf(symbol) != -1): null

2019-08-23 20:42:24 - [TEST_STEP][PASSED] - if (i == 4 &amp;&amp; wildList.indexOf(symbol) != -1): null

2019-08-23 20:42:24 - [TEST_STEP][PASSED] - symbols = symbols: null

2019-08-23 20:42:24 - [TEST_STEP][PASSED] - for ([j = 0, j &lt; symbols.size(), (j++)]): null

2019-08-23 20:42:24 - [TEST_STEP][PASSED] - symbol = symbol: null

2019-08-23 20:42:24 - [TEST_STEP][PASSED] - println(symbol): null

2019-08-23 20:42:24 - [TEST_STEP][PASSED] - if (i == 2 &amp;&amp; wildList.indexOf(symbol) != -1): null

2019-08-23 20:42:24 - [TEST_STEP][PASSED] - if (i == 3 &amp;&amp; wildList.indexOf(symbol) != -1): null

2019-08-23 20:42:24 - [TEST_STEP][PASSED] - if (i == 4 &amp;&amp; wildList.indexOf(symbol) != -1): null

2019-08-23 20:42:24 - [TEST_STEP][PASSED] - symbol = symbol: null

2019-08-23 20:42:24 - [TEST_STEP][PASSED] - println(symbol): null

2019-08-23 20:42:24 - [TEST_STEP][PASSED] - if (i == 2 &amp;&amp; wildList.indexOf(symbol) != -1): null

2019-08-23 20:42:24 - [TEST_STEP][PASSED] - if (i == 3 &amp;&amp; wildList.indexOf(symbol) != -1): null

2019-08-23 20:42:24 - [TEST_STEP][PASSED] - if (i == 4 &amp;&amp; wildList.indexOf(symbol) != -1): null

2019-08-23 20:42:24 - [TEST_STEP][PASSED] - symbol = symbol: null

2019-08-23 20:42:24 - [TEST_STEP][PASSED] - println(symbol): null

2019-08-23 20:42:24 - [TEST_STEP][PASSED] - if (i == 2 &amp;&amp; wildList.indexOf(symbol) != -1): null

2019-08-23 20:42:24 - [TEST_STEP][PASSED] - if (i == 3 &amp;&amp; wildList.indexOf(symbol) != -1): null

2019-08-23 20:42:24 - [TEST_STEP][PASSED] - if (i == 4 &amp;&amp; wildList.indexOf(symbol) != -1): null

2019-08-23 20:42:24 - [TEST_STEP][PASSED] - symbols = symbols: null

2019-08-23 20:42:24 - [TEST_STEP][PASSED] - for ([j = 0, j &lt; symbols.size(), (j++)]): null

2019-08-23 20:42:24 - [TEST_STEP][PASSED] - symbol = symbol: null

2019-08-23 20:42:24 - [TEST_STEP][PASSED] - println(symbol): null

2019-08-23 20:42:24 - [TEST_STEP][PASSED] - if (i == 2 &amp;&amp; wildList.indexOf(symbol) != -1): null

2019-08-23 20:42:24 - [TEST_STEP][PASSED] - if (i == 3 &amp;&amp; wildList.indexOf(symbol) != -1): null

2019-08-23 20:42:24 - [TEST_STEP][PASSED] - if (i == 4 &amp;&amp; wildList.indexOf(symbol) != -1): null

2019-08-23 20:42:24 - [TEST_STEP][PASSED] - symbol = symbol: null

2019-08-23 20:42:24 - [TEST_STEP][PASSED] - println(symbol): null

2019-08-23 20:42:24 - [TEST_STEP][PASSED] - if (i == 2 &amp;&amp; wildList.indexOf(symbol) != -1): null

2019-08-23 20:42:24 - [TEST_STEP][PASSED] - if (i == 3 &amp;&amp; wildList.indexOf(symbol) != -1): null

2019-08-23 20:42:24 - [TEST_STEP][PASSED] - if (i == 4 &amp;&amp; wildList.indexOf(symbol) != -1): null

2019-08-23 20:42:24 - [TEST_STEP][PASSED] - symbol = symbol: null

2019-08-23 20:42:24 - [TEST_STEP][PASSED] - println(symbol): null

2019-08-23 20:42:24 - [TEST_STEP][PASSED] - if (i == 2 &amp;&amp; wildList.indexOf(symbol) != -1): null

2019-08-23 20:42:24 - [TEST_STEP][PASSED] - if (i == 3 &amp;&amp; wildList.indexOf(symbol) != -1): null

2019-08-23 20:42:24 - [TEST_STEP][PASSED] - if (i == 4 &amp;&amp; wildList.indexOf(symbol) != -1): null

2019-08-23 20:42:24 - [TEST_STEP][PASSED] - println("wild found on reel 5, adding counter by 1"): null

2019-08-23 20:42:24 - [TEST_STEP][PASSED] - free_spin_reel_counter[2] = free_spin_reel_counter[2] + 1: null

2019-08-23 20:42:24 - [TEST_STEP][PASSED] - free_spin_reel_counter = free_spin_reel_counter: null

2019-08-23 20:42:24 - [TEST_STEP][PASSED] - println("reel 3 wild found: " + free_spin_reel_counter[0]): null

2019-08-23 20:42:24 - [TEST_STEP][PASSED] - println("reel 4 wild found: " + free_spin_reel_counter[1]): null

2019-08-23 20:42:24 - [TEST_STEP][PASSED] - println("reel 5 wild found: " + free_spin_reel_counter[2]): null

2019-08-23 20:42:24 - [TEST_STEP][PASSED] - M4_spin_reels = M4_spin_reels: null

2019-08-23 20:42:24 - [TEST_STEP][PASSED] - M4_spin_reels_symbols = symbol: null

2019-08-23 20:42:24 - [TEST_STEP][PASSED] - M4_spin_reels_symbols = M4_spin_reels_symbols: null

2019-08-23 20:42:24 - [TEST_STEP][PASSED] - M4_spin_reel_wins = reel_wins: null

2019-08-23 20:42:24 - [TEST_STEP][PASSED] - M4_spin_reel_wins = M4_spin_reel_wins: null

2019-08-23 20:42:24 - [TEST_STEP][PASSED] - println("GlobalVariable.M4_spin_reel_wins is: " + M4_spin_reel_wins): null

2019-08-23 20:42:24 - [TEST_STEP][PASSED] - M4_spin_total_bonus_win_this_round = total_bonus_win_this_round: null

2019-08-23 20:42:24 - [TEST_STEP][PASSED] - M4_spin_total_bonus_win_this_round = M4_spin_total_bonus_win_this_round: null

2019-08-23 20:42:24 - [TEST_STEP][PASSED] - println("GlobalVariable.M4_spin_total_bonus_win_this_round is: " + M4_spin_total_bonus_win_this_round): null

2019-08-23 20:42:24 - [TEST_STEP][PASSED] - M4_spin_bonus_spin_result = spin_result: null

2019-08-23 20:42:24 - [TEST_STEP][PASSED] - M4_spin_bonus_spin_result = M4_spin_bonus_spin_result: null

2019-08-23 20:42:24 - [MESSAGE][PASSED] - Verify response successfully

2019-08-23 20:42:24 - [MESSAGE][PASSED] - Send request and verify the response successfully

2019-08-23 20:42:24 - [TEST_STEP][PASSED] - if (free_spin_reel_counter[0] &gt;= 1 &amp;&amp; free_spin_reel_counter[1] &gt;= 1 &amp;&amp; free_spin_reel_counter[2] &gt;= 1): null

2019-08-23 20:42:24 - [TEST_STEP][PASSED] - spin_result = sendRequestAndVerify(findTestObject("INT/RGS(M4)/1_M4_spin", ["M4_login_user_id":M4_login_user_id, "rgs_session_token":rgs_session_token, "partner":Partner])): Send request and verify the response successfully

2019-08-23 20:42:30 - [MESSAGE][INFO] - HAR: /Users/eiralee/Katalon_Script/SuperWild/Reports/20190823_204157/INT/superWild_1/20190823_204157/requests/main/7.har

2019-08-23 20:42:30 - [TEST_CASE][PASSED] - Start Test Case : Verification: Verification accomplished successfully

2019-08-23 20:42:30 - [TEST_STEP][PASSED] - request = getInstance().getCurrentRequest(): null

2019-08-23 20:42:30 - [TEST_STEP][PASSED] - response = getInstance().getCurrentResponse(): null

2019-08-23 20:42:30 - [TEST_STEP][PASSED] - verifyResponseStatusCode(response, 200): Verify response status code successfully

2019-08-23 20:42:30 - [MESSAGE][PASSED] - Verify response status code successfully

2019-08-23 20:42:30 - [TEST_STEP][PASSED] - getStatusCode()).isEqualTo(200): null

2019-08-23 20:42:30 - [TEST_STEP][PASSED] - newline = System.getProperty("line.separator"): null

2019-08-23 20:42:30 - [TEST_STEP][PASSED] - M4_spin = new groovy.json.JsonSlurper(): null

2019-08-23 20:42:30 - [TEST_STEP][PASSED] - result_M4_spin = M4_spin.parseText(response.getResponseBodyContent()): null

2019-08-23 20:42:30 - [TEST_STEP][PASSED] - M4_spin_current_balance = current_balance: null

2019-08-23 20:42:30 - [TEST_STEP][PASSED] - M4_spin_current_balance = M4_spin_current_balance: null

2019-08-23 20:42:30 - [TEST_STEP][PASSED] - M4_spin_transaction_id = causality: null

2019-08-23 20:42:30 - [TEST_STEP][PASSED] - M4_spin_transaction_id = M4_spin_transaction_id: null

2019-08-23 20:42:30 - [TEST_STEP][PASSED] - M4_spin_round_id = round_id: null

2019-08-23 20:42:30 - [TEST_STEP][PASSED] - M4_spin_round_id = M4_spin_round_id: null

2019-08-23 20:42:30 - [TEST_STEP][PASSED] - M4_spin_line_wins = line_wins: null

2019-08-23 20:42:30 - [TEST_STEP][PASSED] - M4_spin_line_wins = M4_spin_line_wins: null

2019-08-23 20:42:30 - [TEST_STEP][PASSED] - M4_total_bonus_spins_int = total_bonus_spins: null

2019-08-23 20:42:30 - [TEST_STEP][PASSED] - println("******M4_total_bonus_spins type is:*******" + newline + getClass().getName()): null

2019-08-23 20:42:30 - [TEST_STEP][PASSED] - M4_total_bonus_spins_int = M4_total_bonus_spins_int: null

2019-08-23 20:42:30 - [TEST_STEP][PASSED] - M4_total_bonus_spins = Integer.toString(M4_total_bonus_spins_int): null

2019-08-23 20:42:30 - [TEST_STEP][PASSED] - M4_total_bonus_spins = M4_total_bonus_spins: null

2019-08-23 20:42:30 - [TEST_STEP][PASSED] - println("M4_total_bonus_spins is:" + M4_total_bonus_spins): null

2019-08-23 20:42:30 - [TEST_STEP][PASSED] - M4_spin_bonus_data = bonus_data: null

2019-08-23 20:42:30 - [TEST_STEP][PASSED] - M4_spin_features_triggered = result_M4_spin: null

2019-08-23 20:42:30 - [TEST_STEP][PASSED] - wild = []: null

2019-08-23 20:42:30 - [TEST_STEP][PASSED] - wild[0] = "WILD_Expanding": null

2019-08-23 20:42:30 - [TEST_STEP][PASSED] - wild[1] = "WILD_Normal": null

2019-08-23 20:42:30 - [TEST_STEP][PASSED] - wild[2] = "WILD_Double": null

2019-08-23 20:42:30 - [TEST_STEP][PASSED] - wild[3] = "WILD_ExtraFG": null

2019-08-23 20:42:30 - [TEST_STEP][PASSED] - wild[4] = "WILD_Triple": null

2019-08-23 20:42:30 - [TEST_STEP][PASSED] - wildList = Arrays.asList(wild): null

2019-08-23 20:42:30 - [TEST_STEP][PASSED] - wildList = wildList: null

2019-08-23 20:42:30 - [TEST_STEP][PASSED] - free_spin_reel_counter = []: null

2019-08-23 20:42:30 - [TEST_STEP][PASSED] - free_spin_reel_counter[0] = 0: null

2019-08-23 20:42:30 - [TEST_STEP][PASSED] - free_spin_reel_counter[1] = 0: null

2019-08-23 20:42:30 - [TEST_STEP][PASSED] - free_spin_reel_counter[2] = 0: null

2019-08-23 20:42:30 - [TEST_STEP][PASSED] - M4_spin_reels = reels: null

2019-08-23 20:42:30 - [TEST_STEP][PASSED] - for ([i = 0, i &lt; M4_spin_reels.size(), (i++)]): null

2019-08-23 20:42:30 - [TEST_STEP][PASSED] - symbols = symbols: null

2019-08-23 20:42:30 - [TEST_STEP][PASSED] - for ([j = 0, j &lt; symbols.size(), (j++)]): null

2019-08-23 20:42:30 - [TEST_STEP][PASSED] - symbol = symbol: null

2019-08-23 20:42:30 - [TEST_STEP][PASSED] - println(symbol): null

2019-08-23 20:42:30 - [TEST_STEP][PASSED] - if (i == 2 &amp;&amp; wildList.indexOf(symbol) != -1): null

2019-08-23 20:42:30 - [TEST_STEP][PASSED] - if (i == 3 &amp;&amp; wildList.indexOf(symbol) != -1): null

2019-08-23 20:42:30 - [TEST_STEP][PASSED] - if (i == 4 &amp;&amp; wildList.indexOf(symbol) != -1): null

2019-08-23 20:42:30 - [TEST_STEP][PASSED] - symbol = symbol: null

2019-08-23 20:42:30 - [TEST_STEP][PASSED] - println(symbol): null

2019-08-23 20:42:30 - [TEST_STEP][PASSED] - if (i == 2 &amp;&amp; wildList.indexOf(symbol) != -1): null

2019-08-23 20:42:30 - [TEST_STEP][PASSED] - if (i == 3 &amp;&amp; wildList.indexOf(symbol) != -1): null

2019-08-23 20:42:30 - [TEST_STEP][PASSED] - if (i == 4 &amp;&amp; wildList.indexOf(symbol) != -1): null

2019-08-23 20:42:30 - [TEST_STEP][PASSED] - symbol = symbol: null

2019-08-23 20:42:30 - [TEST_STEP][PASSED] - println(symbol): null

2019-08-23 20:42:30 - [TEST_STEP][PASSED] - if (i == 2 &amp;&amp; wildList.indexOf(symbol) != -1): null

2019-08-23 20:42:30 - [TEST_STEP][PASSED] - if (i == 3 &amp;&amp; wildList.indexOf(symbol) != -1): null

2019-08-23 20:42:30 - [TEST_STEP][PASSED] - if (i == 4 &amp;&amp; wildList.indexOf(symbol) != -1): null

2019-08-23 20:42:30 - [TEST_STEP][PASSED] - symbols = symbols: null

2019-08-23 20:42:30 - [TEST_STEP][PASSED] - for ([j = 0, j &lt; symbols.size(), (j++)]): null

2019-08-23 20:42:30 - [TEST_STEP][PASSED] - symbol = symbol: null

2019-08-23 20:42:30 - [TEST_STEP][PASSED] - println(symbol): null

2019-08-23 20:42:30 - [TEST_STEP][PASSED] - if (i == 2 &amp;&amp; wildList.indexOf(symbol) != -1): null

2019-08-23 20:42:30 - [TEST_STEP][PASSED] - if (i == 3 &amp;&amp; wildList.indexOf(symbol) != -1): null

2019-08-23 20:42:30 - [TEST_STEP][PASSED] - if (i == 4 &amp;&amp; wildList.indexOf(symbol) != -1): null

2019-08-23 20:42:30 - [TEST_STEP][PASSED] - symbol = symbol: null

2019-08-23 20:42:30 - [TEST_STEP][PASSED] - println(symbol): null

2019-08-23 20:42:30 - [TEST_STEP][PASSED] - if (i == 2 &amp;&amp; wildList.indexOf(symbol) != -1): null

2019-08-23 20:42:30 - [TEST_STEP][PASSED] - if (i == 3 &amp;&amp; wildList.indexOf(symbol) != -1): null

2019-08-23 20:42:30 - [TEST_STEP][PASSED] - if (i == 4 &amp;&amp; wildList.indexOf(symbol) != -1): null

2019-08-23 20:42:30 - [TEST_STEP][PASSED] - symbol = symbol: null

2019-08-23 20:42:30 - [TEST_STEP][PASSED] - println(symbol): null

2019-08-23 20:42:30 - [TEST_STEP][PASSED] - if (i == 2 &amp;&amp; wildList.indexOf(symbol) != -1): null

2019-08-23 20:42:30 - [TEST_STEP][PASSED] - if (i == 3 &amp;&amp; wildList.indexOf(symbol) != -1): null

2019-08-23 20:42:30 - [TEST_STEP][PASSED] - if (i == 4 &amp;&amp; wildList.indexOf(symbol) != -1): null

2019-08-23 20:42:30 - [TEST_STEP][PASSED] - symbols = symbols: null

2019-08-23 20:42:30 - [TEST_STEP][PASSED] - for ([j = 0, j &lt; symbols.size(), (j++)]): null

2019-08-23 20:42:30 - [TEST_STEP][PASSED] - symbol = symbol: null

2019-08-23 20:42:30 - [TEST_STEP][PASSED] - println(symbol): null

2019-08-23 20:42:30 - [TEST_STEP][PASSED] - if (i == 2 &amp;&amp; wildList.indexOf(symbol) != -1): null

2019-08-23 20:42:30 - [TEST_STEP][PASSED] - if (i == 3 &amp;&amp; wildList.indexOf(symbol) != -1): null

2019-08-23 20:42:30 - [TEST_STEP][PASSED] - if (i == 4 &amp;&amp; wildList.indexOf(symbol) != -1): null

2019-08-23 20:42:30 - [TEST_STEP][PASSED] - symbol = symbol: null

2019-08-23 20:42:30 - [TEST_STEP][PASSED] - println(symbol): null

2019-08-23 20:42:30 - [TEST_STEP][PASSED] - if (i == 2 &amp;&amp; wildList.indexOf(symbol) != -1): null

2019-08-23 20:42:30 - [TEST_STEP][PASSED] - if (i == 3 &amp;&amp; wildList.indexOf(symbol) != -1): null

2019-08-23 20:42:30 - [TEST_STEP][PASSED] - if (i == 4 &amp;&amp; wildList.indexOf(symbol) != -1): null

2019-08-23 20:42:30 - [TEST_STEP][PASSED] - symbol = symbol: null

2019-08-23 20:42:30 - [TEST_STEP][PASSED] - println(symbol): null

[...]

2019-08-23 20:43:35 - [TEST_STEP][PASSED] - F_reels02 = symbol: null

2019-08-23 20:43:35 - [TEST_STEP][PASSED] - F_reels03 = symbol: null

2019-08-23 20:43:35 - [TEST_STEP][PASSED] - F_reels11 = symbol: null

2019-08-23 20:43:35 - [TEST_STEP][PASSED] - F_reels12 = symbol: null

2019-08-23 20:43:35 - [TEST_STEP][PASSED] - F_reels13 = symbol: null

2019-08-23 20:43:35 - [TEST_STEP][PASSED] - F_reels21 = symbol: null

2019-08-23 20:43:35 - [TEST_STEP][PASSED] - F_reels22 = symbol: null

2019-08-23 20:43:35 - [TEST_STEP][PASSED] - F_reels23 = symbol: null

2019-08-23 20:43:35 - [TEST_STEP][PASSED] - F_reels31 = symbol: null

2019-08-23 20:43:35 - [TEST_STEP][PASSED] - F_reels32 = symbol: null

2019-08-23 20:43:35 - [TEST_STEP][PASSED] - F_reels33 = symbol: null

2019-08-23 20:43:35 - [TEST_STEP][PASSED] - F_reels41 = symbol: null

2019-08-23 20:43:35 - [TEST_STEP][PASSED] - F_reels42 = symbol: null

2019-08-23 20:43:35 - [TEST_STEP][PASSED] - F_reels43 = symbol: null

2019-08-23 20:43:35 - [TEST_STEP][PASSED] - wildList = wildList: null

2019-08-23 20:43:35 - [TEST_STEP][PASSED] - free_spin_reels = reels: null

2019-08-23 20:43:35 - [TEST_STEP][PASSED] - for ([i = 0, i &lt; free_spin_reels.size(), (i++)]): null

2019-08-23 20:43:35 - [TEST_STEP][PASSED] - symbols = symbols: null

2019-08-23 20:43:35 - [TEST_STEP][PASSED] - if (i == 2 || i == 3 || i == 4): null

2019-08-23 20:43:35 - [TEST_STEP][PASSED] - symbols = symbols: null

2019-08-23 20:43:35 - [TEST_STEP][PASSED] - if (i == 2 || i == 3 || i == 4): null

2019-08-23 20:43:35 - [TEST_STEP][PASSED] - symbols = symbols: null

2019-08-23 20:43:35 - [TEST_STEP][PASSED] - if (i == 2 || i == 3 || i == 4): null

2019-08-23 20:43:35 - [TEST_STEP][PASSED] - for ([j = 0, j &lt; symbols.size(), (j++)]): null

2019-08-23 20:43:35 - [TEST_STEP][PASSED] - symbol = symbol: null

2019-08-23 20:43:35 - [TEST_STEP][PASSED] - println(symbol): null

2019-08-23 20:43:35 - [TEST_STEP][PASSED] - println(i): null

2019-08-23 20:43:35 - [TEST_STEP][PASSED] - if (i == 2): null

2019-08-23 20:43:35 - [TEST_STEP][PASSED] - if (j == 0 &amp;&amp; wildList.indexOf(symbol) != -1): null

2019-08-23 20:43:35 - [TEST_STEP][PASSED] - if (j == 1 &amp;&amp; wildList.indexOf(symbol) != -1): null

2019-08-23 20:43:35 - [TEST_STEP][PASSED] - if (j == 2 &amp;&amp; wildList.indexOf(symbol) != -1): null

2019-08-23 20:43:35 - [TEST_STEP][PASSED] - if (i == 3): null

2019-08-23 20:43:35 - [TEST_STEP][PASSED] - if (i == 4 &amp;&amp; wildList.indexOf(symbol) != -1): null

2019-08-23 20:43:35 - [TEST_STEP][PASSED] - symbol = symbol: null

2019-08-23 20:43:35 - [TEST_STEP][PASSED] - println(symbol): null

2019-08-23 20:43:35 - [TEST_STEP][PASSED] - println(i): null

2019-08-23 20:43:35 - [TEST_STEP][PASSED] - if (i == 2): null

2019-08-23 20:43:35 - [TEST_STEP][PASSED] - if (j == 0 &amp;&amp; wildList.indexOf(symbol) != -1): null

2019-08-23 20:43:35 - [TEST_STEP][PASSED] - if (j == 1 &amp;&amp; wildList.indexOf(symbol) != -1): null

2019-08-23 20:43:35 - [TEST_STEP][PASSED] - if (j == 2 &amp;&amp; wildList.indexOf(symbol) != -1): null

2019-08-23 20:43:35 - [TEST_STEP][PASSED] - if (i == 3): null

2019-08-23 20:43:35 - [TEST_STEP][PASSED] - if (i == 4 &amp;&amp; wildList.indexOf(symbol) != -1): null

2019-08-23 20:43:35 - [TEST_STEP][PASSED] - symbol = symbol: null

2019-08-23 20:43:35 - [TEST_STEP][PASSED] - println(symbol): null

2019-08-23 20:43:35 - [TEST_STEP][PASSED] - println(i): null

2019-08-23 20:43:35 - [TEST_STEP][PASSED] - if (i == 2): null

2019-08-23 20:43:35 - [TEST_STEP][PASSED] - if (j == 0 &amp;&amp; wildList.indexOf(symbol) != -1): null

2019-08-23 20:43:35 - [TEST_STEP][PASSED] - if (j == 1 &amp;&amp; wildList.indexOf(symbol) != -1): null

2019-08-23 20:43:35 - [TEST_STEP][PASSED] - if (j == 2 &amp;&amp; wildList.indexOf(symbol) != -1): null

2019-08-23 20:43:35 - [TEST_STEP][PASSED] - if (i == 3): null

2019-08-23 20:43:35 - [TEST_STEP][PASSED] - if (i == 4 &amp;&amp; wildList.indexOf(symbol) != -1): null

2019-08-23 20:43:35 - [TEST_STEP][PASSED] - symbols = symbols: null

2019-08-23 20:43:35 - [TEST_STEP][PASSED] - if (i == 2 || i == 3 || i == 4): null

2019-08-23 20:43:35 - [TEST_STEP][PASSED] - for ([j = 0, j &lt; symbols.size(), (j++)]): null

2019-08-23 20:43:35 - [TEST_STEP][PASSED] - symbol = symbol: null

2019-08-23 20:43:35 - [TEST_STEP][PASSED] - println(symbol): null

2019-08-23 20:43:35 - [TEST_STEP][PASSED] - println(i): null

2019-08-23 20:43:35 - [TEST_STEP][PASSED] - if (i == 2): null

2019-08-23 20:43:35 - [TEST_STEP][PASSED] - if (i == 3): null

2019-08-23 20:43:35 - [TEST_STEP][PASSED] - if (j == 0 &amp;&amp; wildList.indexOf(symbol) != -1): null

2019-08-23 20:43:35 - [TEST_STEP][PASSED] - if (j == 1 &amp;&amp; wildList.indexOf(symbol) != -1): null

2019-08-23 20:43:35 - [TEST_STEP][PASSED] - if (j == 2 &amp;&amp; wildList.indexOf(symbol) != -1): null

2019-08-23 20:43:35 - [TEST_STEP][PASSED] - if (i == 4 &amp;&amp; wildList.indexOf(symbol) != -1): null

2019-08-23 20:43:35 - [TEST_STEP][PASSED] - symbol = symbol: null

2019-08-23 20:43:35 - [TEST_STEP][PASSED] - println(symbol): null

2019-08-23 20:43:35 - [TEST_STEP][PASSED] - println(i): null

2019-08-23 20:43:35 - [TEST_STEP][PASSED] - if (i == 2): null

2019-08-23 20:43:35 - [TEST_STEP][PASSED] - if (i == 3): null

2019-08-23 20:43:35 - [TEST_STEP][PASSED] - if (j == 0 &amp;&amp; wildList.indexOf(symbol) != -1): null

2019-08-23 20:43:35 - [TEST_STEP][PASSED] - if (j == 1 &amp;&amp; wildList.indexOf(symbol) != -1): null

2019-08-23 20:43:35 - [TEST_STEP][PASSED] - if (j == 2 &amp;&amp; wildList.indexOf(symbol) != -1): null

2019-08-23 20:43:35 - [TEST_STEP][PASSED] - if (i == 4 &amp;&amp; wildList.indexOf(symbol) != -1): null

2019-08-23 20:43:35 - [TEST_STEP][PASSED] - symbol = symbol: null

2019-08-23 20:43:35 - [TEST_STEP][PASSED] - println(symbol): null

2019-08-23 20:43:35 - [TEST_STEP][PASSED] - println(i): null

2019-08-23 20:43:35 - [TEST_STEP][PASSED] - if (i == 2): null

2019-08-23 20:43:35 - [TEST_STEP][PASSED] - if (i == 3): null

2019-08-23 20:43:35 - [TEST_STEP][PASSED] - if (j == 0 &amp;&amp; wildList.indexOf(symbol) != -1): null

2019-08-23 20:43:35 - [TEST_STEP][PASSED] - if (j == 1 &amp;&amp; wildList.indexOf(symbol) != -1): null

2019-08-23 20:43:35 - [TEST_STEP][PASSED] - if (j == 2 &amp;&amp; wildList.indexOf(symbol) != -1): null

2019-08-23 20:43:35 - [TEST_STEP][PASSED] - if (i == 4 &amp;&amp; wildList.indexOf(symbol) != -1): null

2019-08-23 20:43:35 - [TEST_STEP][PASSED] - symbols = symbols: null

2019-08-23 20:43:35 - [TEST_STEP][PASSED] - if (i == 2 || i == 3 || i == 4): null

2019-08-23 20:43:35 - [TEST_STEP][PASSED] - for ([j = 0, j &lt; symbols.size(), (j++)]): null

2019-08-23 20:43:35 - [TEST_STEP][PASSED] - symbol = symbol: null

2019-08-23 20:43:35 - [TEST_STEP][PASSED] - println(symbol): null

2019-08-23 20:43:35 - [TEST_STEP][PASSED] - println(i): null

2019-08-23 20:43:35 - [TEST_STEP][PASSED] - if (i == 2): null

2019-08-23 20:43:35 - [TEST_STEP][PASSED] - if (i == 3): null

2019-08-23 20:43:35 - [TEST_STEP][PASSED] - if (i == 4 &amp;&amp; wildList.indexOf(symbol) != -1): null

2019-08-23 20:43:35 - [TEST_STEP][PASSED] - symbol = symbol: null

2019-08-23 20:43:35 - [TEST_STEP][PASSED] - println(symbol): null

2019-08-23 20:43:35 - [TEST_STEP][PASSED] - println(i): null

2019-08-23 20:43:35 - [TEST_STEP][PASSED] - if (i == 2): null

2019-08-23 20:43:35 - [TEST_STEP][PASSED] - if (i == 3): null

2019-08-23 20:43:35 - [TEST_STEP][PASSED] - if (i == 4 &amp;&amp; wildList.indexOf(symbol) != -1): null

2019-08-23 20:43:35 - [TEST_STEP][PASSED] - symbol = symbol: null

2019-08-23 20:43:35 - [TEST_STEP][PASSED] - println(symbol): null

2019-08-23 20:43:35 - [TEST_STEP][PASSED] - println(i): null

2019-08-23 20:43:35 - [TEST_STEP][PASSED] - if (i == 2): null

2019-08-23 20:43:35 - [TEST_STEP][PASSED] - if (i == 3): null

2019-08-23 20:43:35 - [TEST_STEP][PASSED] - if (i == 4 &amp;&amp; wildList.indexOf(symbol) != -1): null

2019-08-23 20:43:35 - [TEST_STEP][PASSED] - M4_history_reels = M4_history_reels: null

2019-08-23 20:43:35 - [TEST_STEP][PASSED] - M4reels01 = symbol: null

2019-08-23 20:43:35 - [TEST_STEP][PASSED] - println(M4reels01): null

2019-08-23 20:43:35 - [TEST_STEP][PASSED] - M4reels02 = symbol: null

2019-08-23 20:43:35 - [TEST_STEP][PASSED] - M4reels03 = symbol: null

2019-08-23 20:43:35 - [TEST_STEP][PASSED] - M4reels11 = symbol: null

2019-08-23 20:43:35 - [TEST_STEP][PASSED] - M4reels12 = symbol: null

2019-08-23 20:43:35 - [TEST_STEP][PASSED] - M4reels13 = symbol: null

2019-08-23 20:43:35 - [TEST_STEP][PASSED] - M4reels21 = symbol: null

2019-08-23 20:43:35 - [TEST_STEP][PASSED] - M4reels22 = symbol: null

2019-08-23 20:43:35 - [TEST_STEP][PASSED] - M4reels23 = symbol: null

2019-08-23 20:43:35 - [TEST_STEP][PASSED] - M4reels31 = symbol: null

2019-08-23 20:43:35 - [TEST_STEP][PASSED] - M4reels32 = symbol: null

2019-08-23 20:43:35 - [TEST_STEP][PASSED] - M4reels33 = symbol: null

2019-08-23 20:43:35 - [TEST_STEP][PASSED] - M4reels41 = symbol: null

2019-08-23 20:43:35 - [TEST_STEP][PASSED] - M4reels42 = symbol: null

2019-08-23 20:43:35 - [TEST_STEP][PASSED] - M4reels43 = symbol: null

2019-08-23 20:43:35 - [TEST_STEP][PASSED] - F_M4reels01 = symbol: null

2019-08-23 20:43:35 - [TEST_STEP][PASSED] - println(F_M4reels01): null

2019-08-23 20:43:35 - [TEST_STEP][PASSED] - F_M4reels02 = symbol: null

2019-08-23 20:43:35 - [TEST_STEP][PASSED] - F_M4reels03 = symbol: null

2019-08-23 20:43:35 - [TEST_STEP][PASSED] - F_M4reels11 = symbol: null

2019-08-23 20:43:35 - [TEST_STEP][PASSED] - F_M4reels12 = symbol: null

2019-08-23 20:43:35 - [TEST_STEP][PASSED] - F_M4reels13 = symbol: null

2019-08-23 20:43:35 - [TEST_STEP][PASSED] - F_M4reels21 = symbol: null

2019-08-23 20:43:35 - [TEST_STEP][PASSED] - F_M4reels22 = symbol: null

2019-08-23 20:43:35 - [TEST_STEP][PASSED] - F_M4reels23 = symbol: null

2019-08-23 20:43:35 - [TEST_STEP][PASSED] - F_M4reels31 = symbol: null

2019-08-23 20:43:35 - [TEST_STEP][PASSED] - F_M4reels32 = symbol: null

2019-08-23 20:43:35 - [TEST_STEP][PASSED] - F_M4reels33 = symbol: null

2019-08-23 20:43:35 - [TEST_STEP][PASSED] - F_M4reels41 = symbol: null

2019-08-23 20:43:35 - [TEST_STEP][PASSED] - F_M4reels42 = symbol: null

2019-08-23 20:43:35 - [TEST_STEP][PASSED] - F_M4reels43 = symbol: null

2019-08-23 20:43:35 - [TEST_STEP][PASSED] - M4_history_balance = M4_history_balance: null

2019-08-23 20:43:35 - [TEST_STEP][PASSED] - M4_history_balance_result = new java.lang.Long(M4_history_balance): null

2019-08-23 20:43:35 - [TEST_STEP][PASSED] - M4_bonus_total_win = 0: null

2019-08-23 20:43:35 - [TEST_STEP][PASSED] - for ([i = 0, i &lt; spin_data.size(), (i++)]): null

2019-08-23 20:43:35 - [TEST_STEP][PASSED] - line_wins = line_wins: null

2019-08-23 20:43:35 - [TEST_STEP][PASSED] - for ([j = 0, j &lt; line_wins.size(), (j++)]): null

2019-08-23 20:43:35 - [TEST_STEP][PASSED] - if (line_wins.size() != 0): null

2019-08-23 20:43:35 - [TEST_STEP][PASSED] - line_wins = line_wins: null

2019-08-23 20:43:35 - [TEST_STEP][PASSED] - for ([j = 0, j &lt; line_wins.size(), (j++)]): null

2019-08-23 20:43:35 - [TEST_STEP][PASSED] - if (line_wins.size() != 0): null

2019-08-23 20:43:35 - [TEST_STEP][PASSED] - line_wins = line_wins: null

2019-08-23 20:43:35 - [TEST_STEP][PASSED] - for ([j = 0, j &lt; line_wins.size(), (j++)]): null

2019-08-23 20:43:35 - [TEST_STEP][PASSED] - if (line_wins.size() != 0): null

2019-08-23 20:43:35 - [TEST_STEP][PASSED] - line_wins = line_wins: null

2019-08-23 20:43:35 - [TEST_STEP][PASSED] - for ([j = 0, j &lt; line_wins.size(), (j++)]): null

2019-08-23 20:43:35 - [TEST_STEP][PASSED] - if (line_wins.size() != 0): null

2019-08-23 20:43:35 - [TEST_STEP][PASSED] - line_wins = line_wins: null

2019-08-23 20:43:35 - [TEST_STEP][PASSED] - for ([j = 0, j &lt; line_wins.size(), (j++)]): null

2019-08-23 20:43:35 - [TEST_STEP][PASSED] - if (line_wins.size() != 0): null

2019-08-23 20:43:35 - [TEST_STEP][PASSED] - line_wins = line_wins: null

2019-08-23 20:43:35 - [TEST_STEP][PASSED] - for ([j = 0, j &lt; line_wins.size(), (j++)]): null

2019-08-23 20:43:35 - [TEST_STEP][PASSED] - if (line_wins.size() != 0): null

2019-08-23 20:43:35 - [TEST_STEP][PASSED] - line_wins = line_wins: null

2019-08-23 20:43:35 - [TEST_STEP][PASSED] - for ([j = 0, j &lt; line_wins.size(), (j++)]): null

2019-08-23 20:43:35 - [TEST_STEP][PASSED] - if (line_wins.size() != 0): null

2019-08-23 20:43:35 - [TEST_STEP][PASSED] - line_wins = line_wins: null

2019-08-23 20:43:35 - [TEST_STEP][PASSED] - for ([j = 0, j &lt; line_wins.size(), (j++)]): null

2019-08-23 20:43:35 - [TEST_STEP][PASSED] - if (line_wins.size() != 0): null

2019-08-23 20:43:35 - [TEST_STEP][PASSED] - line_wins = line_wins: null

2019-08-23 20:43:35 - [TEST_STEP][PASSED] - for ([j = 0, j &lt; line_wins.size(), (j++)]): null

2019-08-23 20:43:35 - [TEST_STEP][PASSED] - if (line_wins.size() != 0): null

2019-08-23 20:43:35 - [TEST_STEP][PASSED] - line_wins = line_wins: null

2019-08-23 20:43:35 - [TEST_STEP][PASSED] - for ([j = 0, j &lt; line_wins.size(), (j++)]): null

2019-08-23 20:43:35 - [TEST_STEP][PASSED] - prize = prize: null

2019-08-23 20:43:35 - [TEST_STEP][PASSED] - if (line_wins.size() != 0): null

2019-08-23 20:43:35 - [TEST_STEP][PASSED] - M4_bonus_total_win = M4_bonus_total_win + prize: null

2019-08-23 20:43:49 - [MESSAGE][FAILED] - Unable to call Test Case 'Test Cases/INT_env/compare_values/1_freeSpin_verify_value' (Root cause: com.kms.katalon.core.exception.StepErrorException: Call Test Case 'Test Cases/INT_env/compare_values/1_freeSpin_verify_value' failed because of error(s)
	at com.kms.katalon.core.keyword.builtin.CallTestCaseKeyword$_callTestCase_closure1.doCall(CallTestCaseKeyword.groovy:66)
	at com.kms.katalon.core.keyword.builtin.CallTestCaseKeyword$_callTestCase_closure1.call(CallTestCaseKeyword.groovy)
	at com.kms.katalon.core.keyword.internal.KeywordMain.runKeyword(KeywordMain.groovy:68)
	at com.kms.katalon.core.keyword.builtin.CallTestCaseKeyword.callTestCase(CallTestCaseKeyword.groovy:81)
	at com.kms.katalon.core.keyword.builtin.CallTestCaseKeyword.execute(CallTestCaseKeyword.groovy:44)
	at com.kms.katalon.core.keyword.internal.KeywordExecutor.executeKeywordForPlatform(KeywordExecutor.groovy:56)
	at com.kms.katalon.core.keyword.BuiltinKeywords.callTestCase(BuiltinKeywords.groovy:350)
	at 1_Free_Spin_CALL.run(1_Free_Spin_CALL:210)
	at com.kms.katalon.core.main.ScriptEngine.run(ScriptEngine.java:194)
	at com.kms.katalon.core.main.ScriptEngine.runScriptAsRawText(ScriptEngine.java:119)
	at com.kms.katalon.core.main.TestCaseExecutor.runScript(TestCaseExecutor.java:337)
	at com.kms.katalon.core.main.TestCaseExecutor.doExecute(TestCaseExecutor.java:328)
	at com.kms.katalon.core.main.TestCaseExecutor.processExecutionPhase(TestCaseExecutor.java:307)
	at com.kms.katalon.core.main.TestCaseExecutor.accessMainPhase(TestCaseExecutor.java:299)
	at com.kms.katalon.core.main.TestCaseExecutor.execute(TestCaseExecutor.java:233)
	at com.kms.katalon.core.main.TestSuiteExecutor.accessTestCaseMainPhase(TestSuiteExecutor.java:150)
	at com.kms.katalon.core.main.TestSuiteExecutor.accessTestSuiteMainPhase(TestSuiteExecutor.java:123)
	at com.kms.katalon.core.main.TestSuiteExecutor.execute(TestSuiteExecutor.java:87)
	at com.kms.katalon.core.main.TestCaseMain.startTestSuite(TestCaseMain.java:157)
	at com.kms.katalon.core.main.TestCaseMain$startTestSuite$0.call(Unknown Source)
	at TempTestSuite1566564127946.run(TempTestSuite1566564127946.groovy:35)
Caused by: groovy.lang.MissingPropertyException: No such property: prize for class: Script1565427951745
	at 1_freeSpin_verify_value.run(1_freeSpin_verify_value:344)
	at com.kms.katalon.core.main.ScriptEngine.run(ScriptEngine.java:194)
	at com.kms.katalon.core.main.ScriptEngine.runScriptAsRawText(ScriptEngine.java:119)
	at com.kms.katalon.core.main.TestCaseExecutor.runScript(TestCaseExecutor.java:337)
	at com.kms.katalon.core.main.TestCaseExecutor.doExecute(TestCaseExecutor.java:328)
	at com.kms.katalon.core.main.TestCaseExecutor.processExecutionPhase(TestCaseExecutor.java:307)
	at com.kms.katalon.core.main.TestCaseExecutor.accessMainPhase(TestCaseExecutor.java:299)
	at com.kms.katalon.core.main.TestCaseExecutor.execute(TestCaseExecutor.java:233)
	at com.kms.katalon.core.main.TestCaseMain.runTestCase(TestCaseMain.java:114)
	at com.kms.katalon.core.keyword.builtin.CallTestCaseKeyword$_callTestCase_closure1.doCall(CallTestCaseKeyword.groovy:59)
	... 20 more
)</system-out>
            <system-err>2019-08-23 20:42:10 - [TEST_CASE][ERROR] - Test Cases/INT_env/1_Free_Spin_CALL: Test Cases/INT_env/1_Free_Spin_CALL FAILED.
Reason:
com.kms.katalon.core.exception.StepErrorException: Call Test Case 'Test Cases/INT_env/compare_values/1_freeSpin_verify_value' failed because of error(s)
	at com.kms.katalon.core.keyword.builtin.CallTestCaseKeyword$_callTestCase_closure1.doCall(CallTestCaseKeyword.groovy:66)
	at com.kms.katalon.core.keyword.builtin.CallTestCaseKeyword$_callTestCase_closure1.call(CallTestCaseKeyword.groovy)
	at com.kms.katalon.core.keyword.internal.KeywordMain.runKeyword(KeywordMain.groovy:68)
	at com.kms.katalon.core.keyword.builtin.CallTestCaseKeyword.callTestCase(CallTestCaseKeyword.groovy:81)
	at com.kms.katalon.core.keyword.builtin.CallTestCaseKeyword.execute(CallTestCaseKeyword.groovy:44)
	at com.kms.katalon.core.keyword.internal.KeywordExecutor.executeKeywordForPlatform(KeywordExecutor.groovy:56)
	at com.kms.katalon.core.keyword.BuiltinKeywords.callTestCase(BuiltinKeywords.groovy:350)
	at 1_Free_Spin_CALL.run(1_Free_Spin_CALL:210)
	at com.kms.katalon.core.main.ScriptEngine.run(ScriptEngine.java:194)
	at com.kms.katalon.core.main.ScriptEngine.runScriptAsRawText(ScriptEngine.java:119)
	at com.kms.katalon.core.main.TestCaseExecutor.runScript(TestCaseExecutor.java:337)
	at com.kms.katalon.core.main.TestCaseExecutor.doExecute(TestCaseExecutor.java:328)
	at com.kms.katalon.core.main.TestCaseExecutor.processExecutionPhase(TestCaseExecutor.java:307)
	at com.kms.katalon.core.main.TestCaseExecutor.accessMainPhase(TestCaseExecutor.java:299)
	at com.kms.katalon.core.main.TestCaseExecutor.execute(TestCaseExecutor.java:233)
	at com.kms.katalon.core.main.TestSuiteExecutor.accessTestCaseMainPhase(TestSuiteExecutor.java:150)
	at com.kms.katalon.core.main.TestSuiteExecutor.accessTestSuiteMainPhase(TestSuiteExecutor.java:123)
	at com.kms.katalon.core.main.TestSuiteExecutor.execute(TestSuiteExecutor.java:87)
	at com.kms.katalon.core.main.TestCaseMain.startTestSuite(TestCaseMain.java:157)
	at com.kms.katalon.core.main.TestCaseMain$startTestSuite$0.call(Unknown Source)
	at TempTestSuite1566564127946.run(TempTestSuite1566564127946.groovy:35)
Caused by: groovy.lang.MissingPropertyException: No such property: prize for class: Script1565427951745
	at 1_freeSpin_verify_value.run(1_freeSpin_verify_value:344)
	at com.kms.katalon.core.main.ScriptEngine.run(ScriptEngine.java:194)
	at com.kms.katalon.core.main.ScriptEngine.runScriptAsRawText(ScriptEngine.java:119)
	at com.kms.katalon.core.main.TestCaseExecutor.runScript(TestCaseExecutor.java:337)
	at com.kms.katalon.core.main.TestCaseExecutor.doExecute(TestCaseExecutor.java:328)
	at com.kms.katalon.core.main.TestCaseExecutor.processExecutionPhase(TestCaseExecutor.java:307)
	at com.kms.katalon.core.main.TestCaseExecutor.accessMainPhase(TestCaseExecutor.java:299)
	at com.kms.katalon.core.main.TestCaseExecutor.execute(TestCaseExecutor.java:233)
	at com.kms.katalon.core.main.TestCaseMain.runTestCase(TestCaseMain.java:114)
	at com.kms.katalon.core.keyword.builtin.CallTestCaseKeyword$_callTestCase_closure1.doCall(CallTestCaseKeyword.groovy:59)
	... 20 more</system-err>
        </testcase>
        <system-out>2019-08-23 20:42:09 - [TEST_SUITE][INCOMPLETE] - superWild_1: null</system-out>
        <system-err>2019-08-23 20:42:09 - [TEST_SUITE][INCOMPLETE] - superWild_1: null</system-err>
    </testsuite>
</testsuites>
