<?xml version="1.0" encoding="UTF-8" standalone="yes"?>
<testsuites name="3_ExtraFG" time="66" tests="1" failures="0" errors="0">
    <testsuite name="3_ExtraFG" tests="1" failures="0" errors="0" time="66" timestamp="2019-08-15 16:11:39" hostname="eiralee - 172.16.60.194" id="Test Suites/STG/3_ExtraFG">
        <properties>
            <property name="deviceName" value=""/>
            <property name="devicePlatform" value=""/>
            <property name="logFolder" value="/Users/eiralee/Katalon_Script/SuperWild/Reports/STG/3_ExtraFG/20190815_161123"/>
            <property name="logFiles" value="/Users/eiralee/Katalon_Script/SuperWild/Reports/STG/3_ExtraFG/20190815_161123/execution0.log"/>
            <property name="attachments" value=""/>
            <property name="hostName" value="eiralee - 172.16.60.194"/>
            <property name="hostAddress" value="172.16.60.194"/>
            <property name="os" value="Mac OS X 64bit"/>
            <property name="katalonVersion" value="6.2.0.1"/>
        </properties>
        <testcase name="Test Cases/STG_env/3_ExtraFG_CALL" classname="Test Cases/STG_env/3_ExtraFG_CALL" status="PASSED">
            <system-out>2019-08-15 16:11:39 - [TEST_CASE][PASSED] - Test Cases/STG_env/3_ExtraFG_CALL: Test Cases/STG_env/3_ExtraFG_CALL

2019-08-15 16:11:40 - [TEST_STEP][PASSED] - ExtraFG = new java.util.ArrayList(): null

2019-08-15 16:11:40 - [TEST_STEP][PASSED] - ExtraFG.add("free_spins_left"): null

2019-08-15 16:11:40 - [TEST_STEP][PASSED] - ExtraFG.add("free_spins_added"): null

2019-08-15 16:11:40 - [TEST_STEP][PASSED] - sendRequestAndVerify(findTestObject("STG/Wallet/Get_Session_Token", ["url_krug_gw":url_krug_gw, "partner":Partner, "secret_key":secret_key, "userid":Userid])): Send request and verify the response successfully

2019-08-15 16:11:41 - [TEST_CASE][PASSED] - Start Test Case : Verification: Verification accomplished successfully

2019-08-15 16:11:41 - [TEST_STEP][PASSED] - request = getInstance().getCurrentRequest(): null

2019-08-15 16:11:41 - [TEST_STEP][PASSED] - response = getInstance().getCurrentResponse(): null

2019-08-15 16:11:41 - [TEST_STEP][PASSED] - verifyResponseStatusCode(response, 200): Verify response status code successfully

2019-08-15 16:11:41 - [MESSAGE][PASSED] - Verify response status code successfully

2019-08-15 16:11:41 - [TEST_STEP][PASSED] - getStatusCode()).isEqualTo(200): null

2019-08-15 16:11:41 - [TEST_STEP][PASSED] - getResponseText()).contains("session_token"): null

2019-08-15 16:11:41 - [TEST_STEP][PASSED] - getsession = new groovy.json.JsonSlurper(): null

2019-08-15 16:11:41 - [TEST_STEP][PASSED] - result_getsession = getsession.parseText(response.getResponseBodyContent()): null

2019-08-15 16:11:41 - [TEST_STEP][PASSED] - session_token = session_token: null

2019-08-15 16:11:41 - [TEST_STEP][PASSED] - println("...value extracted is :" + session_token): null

2019-08-15 16:11:41 - [TEST_STEP][PASSED] - session_token = session_token: null

2019-08-15 16:11:43 - [TEST_STEP][PASSED] - println("GlobalVariable is :" + session_token): null

2019-08-15 16:11:43 - [TEST_STEP][PASSED] - internal_balance = internal_balance: null

2019-08-15 16:11:43 - [TEST_STEP][PASSED] - internal_balance = internal_balance: null

2019-08-15 16:11:43 - [MESSAGE][PASSED] - Verify response successfully

2019-08-15 16:11:43 - [MESSAGE][PASSED] - Send request and verify the response successfully

2019-08-15 16:11:43 - [TEST_STEP][PASSED] - M4_login = sendRequestAndVerify(findTestObject("STG/RGS(M4)/M4_Login", ["partner":Partner, "game_code":Game_code, "session_token":session_token])): Send request and verify the response successfully

2019-08-15 16:11:43 - [TEST_CASE][PASSED] - Start Test Case : Verification: Verification accomplished successfully

2019-08-15 16:11:44 - [TEST_STEP][PASSED] - request = getInstance().getCurrentRequest(): null

2019-08-15 16:11:44 - [TEST_STEP][PASSED] - response = getInstance().getCurrentResponse(): null

2019-08-15 16:11:44 - [TEST_STEP][PASSED] - verifyResponseStatusCode(response, 200): Verify response status code successfully

2019-08-15 16:11:44 - [MESSAGE][PASSED] - Verify response status code successfully

2019-08-15 16:11:44 - [TEST_STEP][PASSED] - getStatusCode()).isEqualTo(200): null

2019-08-15 16:11:44 - [TEST_STEP][PASSED] - newline = System.getProperty("line.separator"): null

2019-08-15 16:11:44 - [TEST_STEP][PASSED] - M4_login = new groovy.json.JsonSlurper(): null

2019-08-15 16:11:44 - [TEST_STEP][PASSED] - result_M4_login = M4_login.parseText(response.getResponseBodyContent()): null

2019-08-15 16:11:44 - [TEST_STEP][PASSED] - M4_login_user_id = user_id: null

2019-08-15 16:11:44 - [TEST_STEP][PASSED] - println("playerid is: " + M4_login_user_id): null

2019-08-15 16:11:44 - [TEST_STEP][PASSED] - M4_login_user_id = M4_login_user_id: null

2019-08-15 16:11:44 - [MESSAGE][PASSED] - Verify response successfully

2019-08-15 16:11:44 - [MESSAGE][PASSED] - Send request and verify the response successfully

2019-08-15 16:11:44 - [TEST_STEP][PASSED] - M4_login_user_id = M4_login_user_id: null

2019-08-15 16:11:44 - [TEST_STEP][PASSED] - M4_init = sendRequestAndVerify(findTestObject("STG/RGS(M4)/M4_init", ["partner":Partner, "M4_recorder":M4_recorder, "M4_login_user_id":M4_login_user_id])): Send request and verify the response successfully

2019-08-15 16:11:44 - [TEST_CASE][PASSED] - Start Test Case : Verification: Verification accomplished successfully

2019-08-15 16:11:44 - [TEST_STEP][PASSED] - request = getInstance().getCurrentRequest(): null

2019-08-15 16:11:44 - [TEST_STEP][PASSED] - response = getInstance().getCurrentResponse(): null

2019-08-15 16:11:44 - [TEST_STEP][PASSED] - verifyResponseStatusCode(response, 200): Verify response status code successfully

2019-08-15 16:11:44 - [MESSAGE][PASSED] - Verify response status code successfully

2019-08-15 16:11:44 - [TEST_STEP][PASSED] - getStatusCode()).isEqualTo(200): null

2019-08-15 16:11:44 - [TEST_STEP][PASSED] - newline = System.getProperty("line.separator"): null

2019-08-15 16:11:44 - [TEST_STEP][PASSED] - M4_init = new groovy.json.JsonSlurper(): null

2019-08-15 16:11:44 - [TEST_STEP][PASSED] - result_M4_init = M4_init.parseText(response.getResponseBodyContent()): null

2019-08-15 16:11:44 - [TEST_STEP][PASSED] - rgs_session_token = session_token: null

2019-08-15 16:11:44 - [TEST_STEP][PASSED] - rgs_session_token = rgs_session_token: null

2019-08-15 16:11:44 - [TEST_STEP][PASSED] - M4_init_balance = balance: null

2019-08-15 16:11:44 - [TEST_STEP][PASSED] - M4_init_balance = M4_init_balance: null

2019-08-15 16:11:44 - [TEST_STEP][PASSED] - game_code = genesis_id: null

2019-08-15 16:11:44 - [TEST_STEP][PASSED] - game_code = game_code: null

2019-08-15 16:11:44 - [TEST_STEP][PASSED] - M4_free_round = free_round: null

2019-08-15 16:11:44 - [TEST_STEP][PASSED] - M4_free_round = M4_free_round: null

2019-08-15 16:11:44 - [MESSAGE][PASSED] - Verify response successfully

2019-08-15 16:11:44 - [MESSAGE][PASSED] - Send request and verify the response successfully

2019-08-15 16:11:44 - [TEST_STEP][PASSED] - rgs_session_token = rgs_session_token: null

2019-08-15 16:11:44 - [TEST_STEP][PASSED] - for ([i = 0, i &lt;= 500, (i++)]): null

2019-08-15 16:11:44 - [TEST_STEP][PASSED] - free_spin_reel_counter = free_spin_reel_counter: null

2019-08-15 16:11:44 - [TEST_STEP][PASSED] - M4_spin_reels_symbols = M4_spin_reels_symbols: null

2019-08-15 16:11:44 - [TEST_STEP][PASSED] - M4_total_bonus_spins = M4_total_bonus_spins: null

2019-08-15 16:11:44 - [TEST_STEP][PASSED] - spin_result = sendRequestAndVerify(findTestObject("STG/RGS(M4)/1_M4_spin", ["M4_login_user_id":M4_login_user_id, "rgs_session_token":rgs_session_token, "partner":Partner])): Send request and verify the response successfully

2019-08-15 16:11:44 - [TEST_CASE][PASSED] - Start Test Case : Verification: Verification accomplished successfully

2019-08-15 16:11:44 - [TEST_STEP][PASSED] - request = getInstance().getCurrentRequest(): null

2019-08-15 16:11:44 - [TEST_STEP][PASSED] - response = getInstance().getCurrentResponse(): null

2019-08-15 16:11:44 - [TEST_STEP][PASSED] - verifyResponseStatusCode(response, 200): Verify response status code successfully

2019-08-15 16:11:44 - [MESSAGE][PASSED] - Verify response status code successfully

2019-08-15 16:11:44 - [TEST_STEP][PASSED] - getStatusCode()).isEqualTo(200): null

2019-08-15 16:11:44 - [TEST_STEP][PASSED] - newline = System.getProperty("line.separator"): null

2019-08-15 16:11:44 - [TEST_STEP][PASSED] - M4_spin = new groovy.json.JsonSlurper(): null

2019-08-15 16:11:44 - [TEST_STEP][PASSED] - result_M4_spin = M4_spin.parseText(response.getResponseBodyContent()): null

2019-08-15 16:11:44 - [TEST_STEP][PASSED] - M4_spin_current_balance = current_balance: null

2019-08-15 16:11:44 - [TEST_STEP][PASSED] - M4_spin_current_balance = M4_spin_current_balance: null

2019-08-15 16:11:44 - [TEST_STEP][PASSED] - M4_spin_transaction_id = causality: null

2019-08-15 16:11:44 - [TEST_STEP][PASSED] - M4_spin_transaction_id = M4_spin_transaction_id: null

2019-08-15 16:11:44 - [TEST_STEP][PASSED] - M4_spin_round_id = round_id: null

2019-08-15 16:11:44 - [TEST_STEP][PASSED] - M4_spin_round_id = M4_spin_round_id: null

2019-08-15 16:11:44 - [TEST_STEP][PASSED] - M4_spin_line_wins = line_wins: null

2019-08-15 16:11:44 - [TEST_STEP][PASSED] - M4_spin_line_wins = M4_spin_line_wins: null

2019-08-15 16:11:44 - [TEST_STEP][PASSED] - M4_total_bonus_spins_int = total_bonus_spins: null

2019-08-15 16:11:44 - [TEST_STEP][PASSED] - println("******M4_total_bonus_spins type is:*******" + newline + getClass().getName()): null

2019-08-15 16:11:44 - [TEST_STEP][PASSED] - M4_total_bonus_spins_int = M4_total_bonus_spins_int: null

2019-08-15 16:11:44 - [TEST_STEP][PASSED] - M4_total_bonus_spins = Integer.toString(M4_total_bonus_spins_int): null

2019-08-15 16:11:44 - [TEST_STEP][PASSED] - M4_total_bonus_spins = M4_total_bonus_spins: null

2019-08-15 16:11:44 - [TEST_STEP][PASSED] - println("M4_total_bonus_spins is:" + M4_total_bonus_spins): null

2019-08-15 16:11:44 - [TEST_STEP][PASSED] - M4_spin_bonus_data = bonus_data: null

2019-08-15 16:11:44 - [TEST_STEP][PASSED] - M4_spin_features_triggered = result_M4_spin: null

2019-08-15 16:11:44 - [TEST_STEP][PASSED] - wild = []: null

2019-08-15 16:11:44 - [TEST_STEP][PASSED] - wild[0] = "WILD_Expanding": null

2019-08-15 16:11:44 - [TEST_STEP][PASSED] - wild[1] = "WILD_Normal": null

2019-08-15 16:11:44 - [TEST_STEP][PASSED] - wild[2] = "WILD_Double": null

2019-08-15 16:11:44 - [TEST_STEP][PASSED] - wild[3] = "WILD_ExtraFG": null

2019-08-15 16:11:44 - [TEST_STEP][PASSED] - wild[4] = "WILD_Triple": null

2019-08-15 16:11:44 - [TEST_STEP][PASSED] - wildList = Arrays.asList(wild): null

2019-08-15 16:11:44 - [TEST_STEP][PASSED] - wildList = wildList: null

2019-08-15 16:11:44 - [TEST_STEP][PASSED] - free_spin_reel_counter = []: null

2019-08-15 16:11:44 - [TEST_STEP][PASSED] - free_spin_reel_counter[0] = 0: null

2019-08-15 16:11:44 - [TEST_STEP][PASSED] - free_spin_reel_counter[1] = 0: null

2019-08-15 16:11:44 - [TEST_STEP][PASSED] - free_spin_reel_counter[2] = 0: null

2019-08-15 16:11:44 - [TEST_STEP][PASSED] - M4_spin_reels = reels: null

2019-08-15 16:11:44 - [TEST_STEP][PASSED] - for ([i = 0, i &lt; M4_spin_reels.size(), (i++)]): null

2019-08-15 16:11:44 - [TEST_STEP][PASSED] - symbols = symbols: null

2019-08-15 16:11:44 - [TEST_STEP][PASSED] - for ([j = 0, j &lt; symbols.size(), (j++)]): null

2019-08-15 16:11:44 - [TEST_STEP][PASSED] - symbol = symbol: null

2019-08-15 16:11:44 - [TEST_STEP][PASSED] - println(symbol): null

2019-08-15 16:11:44 - [TEST_STEP][PASSED] - if (i == 2 &amp;&amp; wildList.indexOf(symbol) != -1): null

2019-08-15 16:11:44 - [TEST_STEP][PASSED] - if (i == 3 &amp;&amp; wildList.indexOf(symbol) != -1): null

2019-08-15 16:11:44 - [TEST_STEP][PASSED] - if (i == 4 &amp;&amp; wildList.indexOf(symbol) != -1): null

2019-08-15 16:11:44 - [TEST_STEP][PASSED] - symbol = symbol: null

2019-08-15 16:11:44 - [TEST_STEP][PASSED] - println(symbol): null

2019-08-15 16:11:44 - [TEST_STEP][PASSED] - if (i == 2 &amp;&amp; wildList.indexOf(symbol) != -1): null

2019-08-15 16:11:44 - [TEST_STEP][PASSED] - if (i == 3 &amp;&amp; wildList.indexOf(symbol) != -1): null

2019-08-15 16:11:44 - [TEST_STEP][PASSED] - if (i == 4 &amp;&amp; wildList.indexOf(symbol) != -1): null

2019-08-15 16:11:44 - [TEST_STEP][PASSED] - symbol = symbol: null

2019-08-15 16:11:44 - [TEST_STEP][PASSED] - println(symbol): null

2019-08-15 16:11:44 - [TEST_STEP][PASSED] - if (i == 2 &amp;&amp; wildList.indexOf(symbol) != -1): null

2019-08-15 16:11:44 - [TEST_STEP][PASSED] - if (i == 3 &amp;&amp; wildList.indexOf(symbol) != -1): null

2019-08-15 16:11:44 - [TEST_STEP][PASSED] - if (i == 4 &amp;&amp; wildList.indexOf(symbol) != -1): null

2019-08-15 16:11:44 - [TEST_STEP][PASSED] - symbols = symbols: null

2019-08-15 16:11:44 - [TEST_STEP][PASSED] - for ([j = 0, j &lt; symbols.size(), (j++)]): null

2019-08-15 16:11:44 - [TEST_STEP][PASSED] - symbol = symbol: null

2019-08-15 16:11:44 - [TEST_STEP][PASSED] - println(symbol): null

2019-08-15 16:11:44 - [TEST_STEP][PASSED] - if (i == 2 &amp;&amp; wildList.indexOf(symbol) != -1): null

2019-08-15 16:11:44 - [TEST_STEP][PASSED] - if (i == 3 &amp;&amp; wildList.indexOf(symbol) != -1): null

2019-08-15 16:11:44 - [TEST_STEP][PASSED] - if (i == 4 &amp;&amp; wildList.indexOf(symbol) != -1): null

2019-08-15 16:11:44 - [TEST_STEP][PASSED] - symbol = symbol: null

2019-08-15 16:11:44 - [TEST_STEP][PASSED] - println(symbol): null

2019-08-15 16:11:44 - [TEST_STEP][PASSED] - if (i == 2 &amp;&amp; wildList.indexOf(symbol) != -1): null

2019-08-15 16:11:44 - [TEST_STEP][PASSED] - if (i == 3 &amp;&amp; wildList.indexOf(symbol) != -1): null

2019-08-15 16:11:44 - [TEST_STEP][PASSED] - if (i == 4 &amp;&amp; wildList.indexOf(symbol) != -1): null

2019-08-15 16:11:44 - [TEST_STEP][PASSED] - symbol = symbol: null

2019-08-15 16:11:44 - [TEST_STEP][PASSED] - println(symbol): null

2019-08-15 16:11:44 - [TEST_STEP][PASSED] - if (i == 2 &amp;&amp; wildList.indexOf(symbol) != -1): null

2019-08-15 16:11:44 - [TEST_STEP][PASSED] - if (i == 3 &amp;&amp; wildList.indexOf(symbol) != -1): null

2019-08-15 16:11:44 - [TEST_STEP][PASSED] - if (i == 4 &amp;&amp; wildList.indexOf(symbol) != -1): null

2019-08-15 16:11:44 - [TEST_STEP][PASSED] - symbols = symbols: null

2019-08-15 16:11:44 - [TEST_STEP][PASSED] - for ([j = 0, j &lt; symbols.size(), (j++)]): null

2019-08-15 16:11:44 - [TEST_STEP][PASSED] - symbol = symbol: null

2019-08-15 16:11:44 - [TEST_STEP][PASSED] - println(symbol): null

2019-08-15 16:11:44 - [TEST_STEP][PASSED] - if (i == 2 &amp;&amp; wildList.indexOf(symbol) != -1): null

2019-08-15 16:11:44 - [TEST_STEP][PASSED] - if (i == 3 &amp;&amp; wildList.indexOf(symbol) != -1): null

2019-08-15 16:11:44 - [TEST_STEP][PASSED] - if (i == 4 &amp;&amp; wildList.indexOf(symbol) != -1): null

2019-08-15 16:11:44 - [TEST_STEP][PASSED] - symbol = symbol: null

2019-08-15 16:11:44 - [TEST_STEP][PASSED] - println(symbol): null

2019-08-15 16:11:44 - [TEST_STEP][PASSED] - if (i == 2 &amp;&amp; wildList.indexOf(symbol) != -1): null

2019-08-15 16:11:44 - [TEST_STEP][PASSED] - if (i == 3 &amp;&amp; wildList.indexOf(symbol) != -1): null

2019-08-15 16:11:44 - [TEST_STEP][PASSED] - if (i == 4 &amp;&amp; wildList.indexOf(symbol) != -1): null

2019-08-15 16:11:44 - [TEST_STEP][PASSED] - symbol = symbol: null

2019-08-15 16:11:44 - [TEST_STEP][PASSED] - println(symbol): null

2019-08-15 16:11:44 - [TEST_STEP][PASSED] - if (i == 2 &amp;&amp; wildList.indexOf(symbol) != -1): null

2019-08-15 16:11:44 - [TEST_STEP][PASSED] - if (i == 3 &amp;&amp; wildList.indexOf(symbol) != -1): null

2019-08-15 16:11:44 - [TEST_STEP][PASSED] - if (i == 4 &amp;&amp; wildList.indexOf(symbol) != -1): null

2019-08-15 16:11:44 - [TEST_STEP][PASSED] - symbols = symbols: null

2019-08-15 16:11:44 - [TEST_STEP][PASSED] - for ([j = 0, j &lt; symbols.size(), (j++)]): null

2019-08-15 16:11:44 - [TEST_STEP][PASSED] - symbol = symbol: null

2019-08-15 16:11:44 - [TEST_STEP][PASSED] - println(symbol): null

2019-08-15 16:11:44 - [TEST_STEP][PASSED] - if (i == 2 &amp;&amp; wildList.indexOf(symbol) != -1): null

2019-08-15 16:11:44 - [TEST_STEP][PASSED] - if (i == 3 &amp;&amp; wildList.indexOf(symbol) != -1): null

2019-08-15 16:11:44 - [TEST_STEP][PASSED] - if (i == 4 &amp;&amp; wildList.indexOf(symbol) != -1): null

2019-08-15 16:11:44 - [TEST_STEP][PASSED] - symbol = symbol: null

2019-08-15 16:11:44 - [TEST_STEP][PASSED] - println(symbol): null

2019-08-15 16:11:44 - [TEST_STEP][PASSED] - if (i == 2 &amp;&amp; wildList.indexOf(symbol) != -1): null

2019-08-15 16:11:44 - [TEST_STEP][PASSED] - if (i == 3 &amp;&amp; wildList.indexOf(symbol) != -1): null

2019-08-15 16:11:44 - [TEST_STEP][PASSED] - if (i == 4 &amp;&amp; wildList.indexOf(symbol) != -1): null

2019-08-15 16:11:44 - [TEST_STEP][PASSED] - symbol = symbol: null

2019-08-15 16:11:44 - [TEST_STEP][PASSED] - println(symbol): null

2019-08-15 16:11:44 - [TEST_STEP][PASSED] - if (i == 2 &amp;&amp; wildList.indexOf(symbol) != -1): null

2019-08-15 16:11:44 - [TEST_STEP][PASSED] - if (i == 3 &amp;&amp; wildList.indexOf(symbol) != -1): null

2019-08-15 16:11:44 - [TEST_STEP][PASSED] - if (i == 4 &amp;&amp; wildList.indexOf(symbol) != -1): null

2019-08-15 16:11:44 - [TEST_STEP][PASSED] - symbols = symbols: null

2019-08-15 16:11:44 - [TEST_STEP][PASSED] - for ([j = 0, j &lt; symbols.size(), (j++)]): null

2019-08-15 16:11:44 - [TEST_STEP][PASSED] - symbol = symbol: null

2019-08-15 16:11:44 - [TEST_STEP][PASSED] - println(symbol): null

2019-08-15 16:11:44 - [TEST_STEP][PASSED] - if (i == 2 &amp;&amp; wildList.indexOf(symbol) != -1): null

2019-08-15 16:11:44 - [TEST_STEP][PASSED] - if (i == 3 &amp;&amp; wildList.indexOf(symbol) != -1): null

2019-08-15 16:11:44 - [TEST_STEP][PASSED] - if (i == 4 &amp;&amp; wildList.indexOf(symbol) != -1): null

2019-08-15 16:11:44 - [TEST_STEP][PASSED] - symbol = symbol: null

2019-08-15 16:11:44 - [TEST_STEP][PASSED] - println(symbol): null

2019-08-15 16:11:44 - [TEST_STEP][PASSED] - if (i == 2 &amp;&amp; wildList.indexOf(symbol) != -1): null

2019-08-15 16:11:44 - [TEST_STEP][PASSED] - if (i == 3 &amp;&amp; wildList.indexOf(symbol) != -1): null

2019-08-15 16:11:44 - [TEST_STEP][PASSED] - if (i == 4 &amp;&amp; wildList.indexOf(symbol) != -1): null

2019-08-15 16:11:44 - [TEST_STEP][PASSED] - symbol = symbol: null

2019-08-15 16:11:44 - [TEST_STEP][PASSED] - println(symbol): null

2019-08-15 16:11:44 - [TEST_STEP][PASSED] - if (i == 2 &amp;&amp; wildList.indexOf(symbol) != -1): null

2019-08-15 16:11:44 - [TEST_STEP][PASSED] - if (i == 3 &amp;&amp; wildList.indexOf(symbol) != -1): null

2019-08-15 16:11:44 - [TEST_STEP][PASSED] - if (i == 4 &amp;&amp; wildList.indexOf(symbol) != -1): null

2019-08-15 16:11:44 - [TEST_STEP][PASSED] - free_spin_reel_counter = free_spin_reel_counter: null

2019-08-15 16:11:44 - [TEST_STEP][PASSED] - println("reel 3 wild found: " + free_spin_reel_counter[0]): null

2019-08-15 16:11:44 - [TEST_STEP][PASSED] - println("reel 4 wild found: " + free_spin_reel_counter[1]): null

2019-08-15 16:11:44 - [TEST_STEP][PASSED] - println("reel 5 wild found: " + free_spin_reel_counter[2]): null

2019-08-15 16:11:44 - [TEST_STEP][PASSED] - M4_spin_reels = M4_spin_reels: null

2019-08-15 16:11:44 - [TEST_STEP][PASSED] - M4_spin_reels_symbols = symbol: null

2019-08-15 16:11:44 - [TEST_STEP][PASSED] - M4_spin_reels_symbols = M4_spin_reels_symbols: null

2019-08-15 16:11:44 - [TEST_STEP][PASSED] - M4_spin_reel_wins = reel_wins: null

2019-08-15 16:11:44 - [TEST_STEP][PASSED] - M4_spin_reel_wins = M4_spin_reel_wins: null

2019-08-15 16:11:44 - [TEST_STEP][PASSED] - println("GlobalVariable.M4_spin_reel_wins is: " + M4_spin_reel_wins): null

2019-08-15 16:11:44 - [TEST_STEP][PASSED] - M4_spin_total_bonus_win_this_round = total_bonus_win_this_round: null

2019-08-15 16:11:44 - [TEST_STEP][PASSED] - M4_spin_total_bonus_win_this_round = M4_spin_total_bonus_win_this_round: null

2019-08-15 16:11:44 - [TEST_STEP][PASSED] - println("GlobalVariable.M4_spin_total_bonus_win_this_round is: " + M4_spin_total_bonus_win_this_round): null

2019-08-15 16:11:44 - [MESSAGE][PASSED] - Verify response successfully

2019-08-15 16:11:44 - [MESSAGE][PASSED] - Send request and verify the response successfully

2019-08-15 16:11:44 - [TEST_STEP][PASSED] - if (M4_total_bonus_spins_int != 0 &amp;&amp; M4_spin_reels_symbols[2].contains("WILD_ExtraFG") || M4_spin_reels_symbols[3].contains("WILD_ExtraFG")): null

2019-08-15 16:11:44 - [TEST_STEP][PASSED] - free_spin_reel_counter = free_spin_reel_counter: null

2019-08-15 16:11:44 - [TEST_STEP][PASSED] - M4_spin_reels_symbols = M4_spin_reels_symbols: null

2019-08-15 16:11:44 - [TEST_STEP][PASSED] - M4_total_bonus_spins = M4_total_bonus_spins: null

2019-08-15 16:11:44 - [TEST_STEP][PASSED] - spin_result = sendRequestAndVerify(findTestObject("STG/RGS(M4)/1_M4_spin", ["M4_login_user_id":M4_login_user_id, "rgs_session_token":rgs_session_token, "partner":Partner])): Send request and verify the response successfully

2019-08-15 16:11:45 - [TEST_CASE][PASSED] - Start Test Case : Verification: Verification accomplished successfully

2019-08-15 16:11:45 - [TEST_STEP][PASSED] - request = getInstance().getCurrentRequest(): null

2019-08-15 16:11:45 - [TEST_STEP][PASSED] - response = getInstance().getCurrentResponse(): null

2019-08-15 16:11:45 - [TEST_STEP][PASSED] - verifyResponseStatusCode(response, 200): Verify response status code successfully

2019-08-15 16:11:45 - [MESSAGE][PASSED] - Verify response status code successfully

2019-08-15 16:11:45 - [TEST_STEP][PASSED] - getStatusCode()).isEqualTo(200): null

2019-08-15 16:11:45 - [TEST_STEP][PASSED] - newline = System.getProperty("line.separator"): null

2019-08-15 16:11:45 - [TEST_STEP][PASSED] - M4_spin = new groovy.json.JsonSlurper(): null

2019-08-15 16:11:45 - [TEST_STEP][PASSED] - result_M4_spin = M4_spin.parseText(response.getResponseBodyContent()): null

2019-08-15 16:11:45 - [TEST_STEP][PASSED] - M4_spin_current_balance = current_balance: null

2019-08-15 16:11:45 - [TEST_STEP][PASSED] - M4_spin_current_balance = M4_spin_current_balance: null

2019-08-15 16:11:45 - [TEST_STEP][PASSED] - M4_spin_transaction_id = causality: null

2019-08-15 16:11:45 - [TEST_STEP][PASSED] - M4_spin_transaction_id = M4_spin_transaction_id: null

2019-08-15 16:11:45 - [TEST_STEP][PASSED] - M4_spin_round_id = round_id: null

2019-08-15 16:11:45 - [TEST_STEP][PASSED] - M4_spin_round_id = M4_spin_round_id: null

2019-08-15 16:11:45 - [TEST_STEP][PASSED] - M4_spin_line_wins = line_wins: null

2019-08-15 16:11:45 - [TEST_STEP][PASSED] - M4_spin_line_wins = M4_spin_line_wins: null

2019-08-15 16:11:45 - [TEST_STEP][PASSED] - M4_total_bonus_spins_int = total_bonus_spins: null

2019-08-15 16:11:45 - [TEST_STEP][PASSED] - println("******M4_total_bonus_spins type is:*******" + newline + getClass().getName()): null

2019-08-15 16:11:45 - [TEST_STEP][PASSED] - M4_total_bonus_spins_int = M4_total_bonus_spins_int: null

2019-08-15 16:11:45 - [TEST_STEP][PASSED] - M4_total_bonus_spins = Integer.toString(M4_total_bonus_spins_int): null

2019-08-15 16:11:45 - [TEST_STEP][PASSED] - M4_total_bonus_spins = M4_total_bonus_spins: null

2019-08-15 16:11:45 - [TEST_STEP][PASSED] - println("M4_total_bonus_spins is:" + M4_total_bonus_spins): null

2019-08-15 16:11:45 - [TEST_STEP][PASSED] - M4_spin_bonus_data = bonus_data: null

2019-08-15 16:11:45 - [TEST_STEP][PASSED] - M4_spin_features_triggered = result_M4_spin: null

2019-08-15 16:11:45 - [TEST_STEP][PASSED] - wild = []: null

2019-08-15 16:11:45 - [TEST_STEP][PASSED] - wild[0] = "WILD_Expanding": null

2019-08-15 16:11:45 - [TEST_STEP][PASSED] - wild[1] = "WILD_Normal": null

2019-08-15 16:11:45 - [TEST_STEP][PASSED] - wild[2] = "WILD_Double": null

2019-08-15 16:11:45 - [TEST_STEP][PASSED] - wild[3] = "WILD_ExtraFG": null

2019-08-15 16:11:45 - [TEST_STEP][PASSED] - wild[4] = "WILD_Triple": null

2019-08-15 16:11:45 - [TEST_STEP][PASSED] - wildList = Arrays.asList(wild): null

2019-08-15 16:11:45 - [TEST_STEP][PASSED] - wildList = wildList: null

2019-08-15 16:11:45 - [TEST_STEP][PASSED] - free_spin_reel_counter = []: null

2019-08-15 16:11:45 - [TEST_STEP][PASSED] - free_spin_reel_counter[0] = 0: null

2019-08-15 16:11:45 - [TEST_STEP][PASSED] - free_spin_reel_counter[1] = 0: null

2019-08-15 16:11:45 - [TEST_STEP][PASSED] - free_spin_reel_counter[2] = 0: null

2019-08-15 16:11:45 - [TEST_STEP][PASSED] - M4_spin_reels = reels: null

2019-08-15 16:11:45 - [TEST_STEP][PASSED] - for ([i = 0, i &lt; M4_spin_reels.size(), (i++)]): null

2019-08-15 16:11:45 - [TEST_STEP][PASSED] - symbols = symbols: null

2019-08-15 16:11:45 - [TEST_STEP][PASSED] - for ([j = 0, j &lt; symbols.size(), (j++)]): null

2019-08-15 16:11:45 - [TEST_STEP][PASSED] - symbol = symbol: null

2019-08-15 16:11:45 - [TEST_STEP][PASSED] - println(symbol): null

2019-08-15 16:11:45 - [TEST_STEP][PASSED] - if (i == 2 &amp;&amp; wildList.indexOf(symbol) != -1): null

2019-08-15 16:11:45 - [TEST_STEP][PASSED] - if (i == 3 &amp;&amp; wildList.indexOf(symbol) != -1): null

2019-08-15 16:11:45 - [TEST_STEP][PASSED] - if (i == 4 &amp;&amp; wildList.indexOf(symbol) != -1): null

2019-08-15 16:11:45 - [TEST_STEP][PASSED] - symbol = symbol: null

2019-08-15 16:11:45 - [TEST_STEP][PASSED] - println(symbol): null

2019-08-15 16:11:45 - [TEST_STEP][PASSED] - if (i == 2 &amp;&amp; wildList.indexOf(symbol) != -1): null

2019-08-15 16:11:45 - [TEST_STEP][PASSED] - if (i == 3 &amp;&amp; wildList.indexOf(symbol) != -1): null

2019-08-15 16:11:45 - [TEST_STEP][PASSED] - if (i == 4 &amp;&amp; wildList.indexOf(symbol) != -1): null

2019-08-15 16:11:45 - [TEST_STEP][PASSED] - symbol = symbol: null

2019-08-15 16:11:45 - [TEST_STEP][PASSED] - println(symbol): null

2019-08-15 16:11:45 - [TEST_STEP][PASSED] - if (i == 2 &amp;&amp; wildList.indexOf(symbol) != -1): null

2019-08-15 16:11:45 - [TEST_STEP][PASSED] - if (i == 3 &amp;&amp; wildList.indexOf(symbol) != -1): null

2019-08-15 16:11:45 - [TEST_STEP][PASSED] - if (i == 4 &amp;&amp; wildList.indexOf(symbol) != -1): null

2019-08-15 16:11:45 - [TEST_STEP][PASSED] - symbols = symbols: null

2019-08-15 16:11:45 - [TEST_STEP][PASSED] - for ([j = 0, j &lt; symbols.size(), (j++)]): null

2019-08-15 16:11:45 - [TEST_STEP][PASSED] - symbol = symbol: null

2019-08-15 16:11:45 - [TEST_STEP][PASSED] - println(symbol): null

2019-08-15 16:11:45 - [TEST_STEP][PASSED] - if (i == 2 &amp;&amp; wildList.indexOf(symbol) != -1): null

2019-08-15 16:11:45 - [TEST_STEP][PASSED] - if (i == 3 &amp;&amp; wildList.indexOf(symbol) != -1): null

2019-08-15 16:11:45 - [TEST_STEP][PASSED] - if (i == 4 &amp;&amp; wildList.indexOf(symbol) != -1): null

2019-08-15 16:11:45 - [TEST_STEP][PASSED] - symbol = symbol: null

2019-08-15 16:11:45 - [TEST_STEP][PASSED] - println(symbol): null

2019-08-15 16:11:45 - [TEST_STEP][PASSED] - if (i == 2 &amp;&amp; wildList.indexOf(symbol) != -1): null

2019-08-15 16:11:45 - [TEST_STEP][PASSED] - if (i == 3 &amp;&amp; wildList.indexOf(symbol) != -1): null

2019-08-15 16:11:45 - [TEST_STEP][PASSED] - if (i == 4 &amp;&amp; wildList.indexOf(symbol) != -1): null

2019-08-15 16:11:45 - [TEST_STEP][PASSED] - symbol = symbol: null

2019-08-15 16:11:45 - [TEST_STEP][PASSED] - println(symbol): null

2019-08-15 16:11:45 - [TEST_STEP][PASSED] - if (i == 2 &amp;&amp; wildList.indexOf(symbol) != -1): null

2019-08-15 16:11:45 - [TEST_STEP][PASSED] - if (i == 3 &amp;&amp; wildList.indexOf(symbol) != -1): null

2019-08-15 16:11:45 - [TEST_STEP][PASSED] - if (i == 4 &amp;&amp; wildList.indexOf(symbol) != -1): null

2019-08-15 16:11:45 - [TEST_STEP][PASSED] - symbols = symbols: null

2019-08-15 16:11:45 - [TEST_STEP][PASSED] - for ([j = 0, j &lt; symbols.size(), (j++)]): null

2019-08-15 16:11:45 - [TEST_STEP][PASSED] - symbol = symbol: null

2019-08-15 16:11:45 - [TEST_STEP][PASSED] - println(symbol): null

2019-08-15 16:11:45 - [TEST_STEP][PASSED] - if (i == 2 &amp;&amp; wildList.indexOf(symbol) != -1): null

2019-08-15 16:11:45 - [TEST_STEP][PASSED] - if (i == 3 &amp;&amp; wildList.indexOf(symbol) != -1): null

2019-08-15 16:11:45 - [TEST_STEP][PASSED] - if (i == 4 &amp;&amp; wildList.indexOf(symbol) != -1): null

2019-08-15 16:11:45 - [TEST_STEP][PASSED] - symbol = symbol: null

2019-08-15 16:11:45 - [TEST_STEP][PASSED] - println(symbol): null

2019-08-15 16:11:45 - [TEST_STEP][PASSED] - if (i == 2 &amp;&amp; wildList.indexOf(symbol) != -1): null

2019-08-15 16:11:45 - [TEST_STEP][PASSED] - println("wild found on reel 3, adding counter by 1"): null

2019-08-15 16:11:45 - [TEST_STEP][PASSED] - free_spin_reel_counter[0] = free_spin_reel_counter[0] + 1: null

2019-08-15 16:11:45 - [TEST_STEP][PASSED] - if (i == 3 &amp;&amp; wildList.indexOf(symbol) != -1): null

2019-08-15 16:11:45 - [TEST_STEP][PASSED] - if (i == 4 &amp;&amp; wildList.indexOf(symbol) != -1): null

2019-08-15 16:11:45 - [TEST_STEP][PASSED] - symbol = symbol: null

2019-08-15 16:11:45 - [TEST_STEP][PASSED] - println(symbol): null

2019-08-15 16:11:45 - [TEST_STEP][PASSED] - if (i == 2 &amp;&amp; wildList.indexOf(symbol) != -1): null

2019-08-15 16:11:45 - [TEST_STEP][PASSED] - if (i == 3 &amp;&amp; wildList.indexOf(symbol) != -1): null

2019-08-15 16:11:45 - [TEST_STEP][PASSED] - if (i == 4 &amp;&amp; wildList.indexOf(symbol) != -1): null

2019-08-15 16:11:45 - [TEST_STEP][PASSED] - symbols = symbols: null

2019-08-15 16:11:45 - [TEST_STEP][PASSED] - for ([j = 0, j &lt; symbols.size(), (j++)]): null

2019-08-15 16:11:45 - [TEST_STEP][PASSED] - symbol = symbol: null

2019-08-15 16:11:45 - [TEST_STEP][PASSED] - println(symbol): null

2019-08-15 16:11:45 - [TEST_STEP][PASSED] - if (i == 2 &amp;&amp; wildList.indexOf(symbol) != -1): null

2019-08-15 16:11:45 - [TEST_STEP][PASSED] - if (i == 3 &amp;&amp; wildList.indexOf(symbol) != -1): null

2019-08-15 16:11:45 - [TEST_STEP][PASSED] - if (i == 4 &amp;&amp; wildList.indexOf(symbol) != -1): null

2019-08-15 16:11:45 - [TEST_STEP][PASSED] - symbol = symbol: null

2019-08-15 16:11:45 - [TEST_STEP][PASSED] - println(symbol): null

2019-08-15 16:11:45 - [TEST_STEP][PASSED] - if (i == 2 &amp;&amp; wildList.indexOf(symbol) != -1): null

2019-08-15 16:11:45 - [TEST_STEP][PASSED] - if (i == 3 &amp;&amp; wildList.indexOf(symbol) != -1): null

2019-08-15 16:11:45 - [TEST_STEP][PASSED] - if (i == 4 &amp;&amp; wildList.indexOf(symbol) != -1): null

2019-08-15 16:11:45 - [TEST_STEP][PASSED] - symbol = symbol: null

2019-08-15 16:11:45 - [TEST_STEP][PASSED] - println(symbol): null

2019-08-15 16:11:45 - [TEST_STEP][PASSED] - if (i == 2 &amp;&amp; wildList.indexOf(symbol) != -1): null

2019-08-15 16:11:45 - [TEST_STEP][PASSED] - if (i == 3 &amp;&amp; wildList.indexOf(symbol) != -1): null

2019-08-15 16:11:45 - [TEST_STEP][PASSED] - if (i == 4 &amp;&amp; wildList.indexOf(symbol) != -1): null

2019-08-15 16:11:45 - [TEST_STEP][PASSED] - symbols = symbols: null

2019-08-15 16:11:45 - [TEST_STEP][PASSED] - for ([j = 0, j &lt; symbols.size(), (j++)]): null

2019-08-15 16:11:45 - [TEST_STEP][PASSED] - symbol = symbol: null

2019-08-15 16:11:45 - [TEST_STEP][PASSED] - println(symbol): null

2019-08-15 16:11:45 - [TEST_STEP][PASSED] - if (i == 2 &amp;&amp; wildList.indexOf(symbol) != -1): null

2019-08-15 16:11:45 - [TEST_STEP][PASSED] - if (i == 3 &amp;&amp; wildList.indexOf(symbol) != -1): null

2019-08-15 16:11:45 - [TEST_STEP][PASSED] - if (i == 4 &amp;&amp; wildList.indexOf(symbol) != -1): null

2019-08-15 16:11:45 - [TEST_STEP][PASSED] - symbol = symbol: null

2019-08-15 16:11:45 - [TEST_STEP][PASSED] - println(symbol): null

2019-08-15 16:11:45 - [TEST_STEP][PASSED] - if (i == 2 &amp;&amp; wildList.indexOf(symbol) != -1): null

2019-08-15 16:11:45 - [TEST_STEP][PASSED] - if (i == 3 &amp;&amp; wildList.indexOf(symbol) != -1): null

2019-08-15 16:11:45 - [TEST_STEP][PASSED] - if (i == 4 &amp;&amp; wildList.indexOf(symbol) != -1): null

2019-08-15 16:11:45 - [TEST_STEP][PASSED] - symbol = symbol: null

2019-08-15 16:11:45 - [TEST_STEP][PASSED] - println(symbol): null

2019-08-15 16:11:45 - [TEST_STEP][PASSED] - if (i == 2 &amp;&amp; wildList.indexOf(symbol) != -1): null

2019-08-15 16:11:45 - [TEST_STEP][PASSED] - if (i == 3 &amp;&amp; wildList.indexOf(symbol) != -1): null

2019-08-15 16:11:45 - [TEST_STEP][PASSED] - if (i == 4 &amp;&amp; wildList.indexOf(symbol) != -1): null

2019-08-15 16:11:45 - [TEST_STEP][PASSED] - free_spin_reel_counter = free_spin_reel_counter: null

2019-08-15 16:11:45 - [TEST_STEP][PASSED] - println("reel 3 wild found: " + free_spin_reel_counter[0]): null

2019-08-15 16:11:45 - [TEST_STEP][PASSED] - println("reel 4 wild found: " + free_spin_reel_counter[1]): null

2019-08-15 16:11:45 - [TEST_STEP][PASSED] - println("reel 5 wild found: " + free_spin_reel_counter[2]): null

2019-08-15 16:11:45 - [TEST_STEP][PASSED] - M4_spin_reels = M4_spin_reels: null

2019-08-15 16:11:45 - [TEST_STEP][PASSED] - M4_spin_reels_symbols = symbol: null

2019-08-15 16:11:45 - [TEST_STEP][PASSED] - M4_spin_reels_symbols = M4_spin_reels_symbols: null

2019-08-15 16:11:45 - [TEST_STEP][PASSED] - M4_spin_reel_wins = reel_wins: null

2019-08-15 16:11:45 - [TEST_STEP][PASSED] - M4_spin_reel_wins = M4_spin_reel_wins: null

2019-08-15 16:11:45 - [TEST_STEP][PASSED] - println("GlobalVariable.M4_spin_reel_wins is: " + M4_spin_reel_wins): null

2019-08-15 16:11:45 - [TEST_STEP][PASSED] - M4_spin_total_bonus_win_this_round = total_bonus_win_this_round: null

2019-08-15 16:11:45 - [TEST_STEP][PASSED] - M4_spin_total_bonus_win_this_round = M4_spin_total_bonus_win_this_round: null

2019-08-15 16:11:45 - [TEST_STEP][PASSED] - println("GlobalVariable.M4_spin_total_bonus_win_this_round is: " + M4_spin_total_bonus_win_this_round): null

2019-08-15 16:11:45 - [MESSAGE][PASSED] - Verify response successfully

2019-08-15 16:11:45 - [MESSAGE][PASSED] - Send request and verify the response successfully

2019-08-15 16:11:45 - [TEST_STEP][PASSED] - if (M4_total_bonus_spins_int != 0 &amp;&amp; M4_spin_reels_symbols[2].contains("WILD_ExtraFG") || M4_spin_reels_symbols[3].contains("WILD_ExtraFG")): null

2019-08-15 16:11:45 - [TEST_STEP][PASSED] - free_spin_reel_counter = free_spin_reel_counter: null

2019-08-15 16:11:45 - [TEST_STEP][PASSED] - M4_spin_reels_symbols = M4_spin_reels_symbols: null

2019-08-15 16:11:45 - [TEST_STEP][PASSED] - M4_total_bonus_spins = M4_total_bonus_spins: null

2019-08-15 16:11:45 - [TEST_STEP][PASSED] - spin_result = sendRequestAndVerify(findTestObject("STG/RGS(M4)/1_M4_spin", ["M4_login_user_id":M4_login_user_id, "rgs_session_token":rgs_session_token, "partner":Partner])): Send request and verify the response successfully

2019-08-15 16:11:45 - [TEST_CASE][PASSED] - Start Test Case : Verification: Verification accomplished successfully

2019-08-15 16:11:45 - [TEST_STEP][PASSED] - request = getInstance().getCurrentRequest(): null

2019-08-15 16:11:45 - [TEST_STEP][PASSED] - response = getInstance().getCurrentResponse(): null

2019-08-15 16:11:45 - [TEST_STEP][PASSED] - verifyResponseStatusCode(response, 200): Verify response status code successfully

2019-08-15 16:11:45 - [MESSAGE][PASSED] - Verify response status code successfully

2019-08-15 16:11:45 - [TEST_STEP][PASSED] - getStatusCode()).isEqualTo(200): null

2019-08-15 16:11:45 - [TEST_STEP][PASSED] - newline = System.getProperty("line.separator"): null

2019-08-15 16:11:45 - [TEST_STEP][PASSED] - M4_spin = new groovy.json.JsonSlurper(): null

2019-08-15 16:11:45 - [TEST_STEP][PASSED] - result_M4_spin = M4_spin.parseText(response.getResponseBodyContent()): null

2019-08-15 16:11:45 - [TEST_STEP][PASSED] - M4_spin_current_balance = current_balance: null

2019-08-15 16:11:45 - [TEST_STEP][PASSED] - M4_spin_current_balance = M4_spin_current_balance: null

2019-08-15 16:11:45 - [TEST_STEP][PASSED] - M4_spin_transaction_id = causality: null

2019-08-15 16:11:45 - [TEST_STEP][PASSED] - M4_spin_transaction_id = M4_spin_transaction_id: null

2019-08-15 16:11:45 - [TEST_STEP][PASSED] - M4_spin_round_id = round_id: null

2019-08-15 16:11:45 - [TEST_STEP][PASSED] - M4_spin_round_id = M4_spin_round_id: null

2019-08-15 16:11:45 - [TEST_STEP][PASSED] - M4_spin_line_wins = line_wins: null

2019-08-15 16:11:45 - [TEST_STEP][PASSED] - M4_spin_line_wins = M4_spin_line_wins: null

2019-08-15 16:11:45 - [TEST_STEP][PASSED] - M4_total_bonus_spins_int = total_bonus_spins: null

2019-08-15 16:11:45 - [TEST_STEP][PASSED] - println("******M4_total_bonus_spins type is:*******" + newline + getClass().getName()): null

2019-08-15 16:11:45 - [TEST_STEP][PASSED] - M4_total_bonus_spins_int = M4_total_bonus_spins_int: null

2019-08-15 16:11:45 - [TEST_STEP][PASSED] - M4_total_bonus_spins = Integer.toString(M4_total_bonus_spins_int): null

2019-08-15 16:11:45 - [TEST_STEP][PASSED] - M4_total_bonus_spins = M4_total_bonus_spins: null

2019-08-15 16:11:45 - [TEST_STEP][PASSED] - println("M4_total_bonus_spins is:" + M4_total_bonus_spins): null

2019-08-15 16:11:45 - [TEST_STEP][PASSED] - M4_spin_bonus_data = bonus_data: null

2019-08-15 16:11:45 - [TEST_STEP][PASSED] - M4_spin_features_triggered = result_M4_spin: null

2019-08-15 16:11:45 - [TEST_STEP][PASSED] - wild = []: null

2019-08-15 16:11:45 - [TEST_STEP][PASSED] - wild[0] = "WILD_Expanding": null

2019-08-15 16:11:45 - [TEST_STEP][PASSED] - wild[1] = "WILD_Normal": null

2019-08-15 16:11:45 - [TEST_STEP][PASSED] - wild[2] = "WILD_Double": null

2019-08-15 16:11:45 - [TEST_STEP][PASSED] - wild[3] = "WILD_ExtraFG": null

2019-08-15 16:11:45 - [TEST_STEP][PASSED] - wild[4] = "WILD_Triple": null

2019-08-15 16:11:45 - [TEST_STEP][PASSED] - wildList = Arrays.asList(wild): null

2019-08-15 16:11:45 - [TEST_STEP][PASSED] - wildList = wildList: null

2019-08-15 16:11:45 - [TEST_STEP][PASSED] - free_spin_reel_counter = []: null

2019-08-15 16:11:45 - [TEST_STEP][PASSED] - free_spin_reel_counter[0] = 0: null

2019-08-15 16:11:45 - [TEST_STEP][PASSED] - free_spin_reel_counter[1] = 0: null

2019-08-15 16:11:45 - [TEST_STEP][PASSED] - free_spin_reel_counter[2] = 0: null

2019-08-15 16:11:45 - [TEST_STEP][PASSED] - M4_spin_reels = reels: null

2019-08-15 16:11:45 - [TEST_STEP][PASSED] - for ([i = 0, i &lt; M4_spin_reels.size(), (i++)]): null

2019-08-15 16:11:45 - [TEST_STEP][PASSED] - symbols = symbols: null

2019-08-15 16:11:45 - [TEST_STEP][PASSED] - for ([j = 0, j &lt; symbols.size(), (j++)]): null

2019-08-15 16:11:45 - [TEST_STEP][PASSED] - symbol = symbol: null

2019-08-15 16:11:45 - [TEST_STEP][PASSED] - println(symbol): null

2019-08-15 16:11:45 - [TEST_STEP][PASSED] - if (i == 2 &amp;&amp; wildList.indexOf(symbol) != -1): null

2019-08-15 16:11:45 - [TEST_STEP][PASSED] - if (i == 3 &amp;&amp; wildList.indexOf(symbol) != -1): null

2019-08-15 16:11:45 - [TEST_STEP][PASSED] - if (i == 4 &amp;&amp; wildList.indexOf(symbol) != -1): null

2019-08-15 16:11:45 - [TEST_STEP][PASSED] - symbol = symbol: null

2019-08-15 16:11:45 - [TEST_STEP][PASSED] - println(symbol): null

2019-08-15 16:11:45 - [TEST_STEP][PASSED] - if (i == 2 &amp;&amp; wildList.indexOf(symbol) != -1): null

2019-08-15 16:11:45 - [TEST_STEP][PASSED] - if (i == 3 &amp;&amp; wildList.indexOf(symbol) != -1): null

2019-08-15 16:11:45 - [TEST_STEP][PASSED] - if (i == 4 &amp;&amp; wildList.indexOf(symbol) != -1): null

2019-08-15 16:11:45 - [TEST_STEP][PASSED] - symbol = symbol: null

2019-08-15 16:11:45 - [TEST_STEP][PASSED] - println(symbol): null

2019-08-15 16:11:45 - [TEST_STEP][PASSED] - if (i == 2 &amp;&amp; wildList.indexOf(symbol) != -1): null

2019-08-15 16:11:45 - [TEST_STEP][PASSED] - if (i == 3 &amp;&amp; wildList.indexOf(symbol) != -1): null

2019-08-15 16:11:45 - [TEST_STEP][PASSED] - if (i == 4 &amp;&amp; wildList.indexOf(symbol) != -1): null

2019-08-15 16:11:45 - [TEST_STEP][PASSED] - symbols = symbols: null

2019-08-15 16:11:45 - [TEST_STEP][PASSED] - for ([j = 0, j &lt; symbols.size(), (j++)]): null

2019-08-15 16:11:45 - [TEST_STEP][PASSED] - symbol = symbol: null

2019-08-15 16:11:45 - [TEST_STEP][PASSED] - println(symbol): null

2019-08-15 16:11:45 - [TEST_STEP][PASSED] - if (i == 2 &amp;&amp; wildList.indexOf(symbol) != -1): null

2019-08-15 16:11:45 - [TEST_STEP][PASSED] - if (i == 3 &amp;&amp; wildList.indexOf(symbol) != -1): null

2019-08-15 16:11:45 - [TEST_STEP][PASSED] - if (i == 4 &amp;&amp; wildList.indexOf(symbol) != -1): null

2019-08-15 16:11:45 - [TEST_STEP][PASSED] - symbol = symbol: null

2019-08-15 16:11:45 - [TEST_STEP][PASSED] - println(symbol): null

2019-08-15 16:11:45 - [TEST_STEP][PASSED] - if (i == 2 &amp;&amp; wildList.indexOf(symbol) != -1): null

2019-08-15 16:11:45 - [TEST_STEP][PASSED] - if (i == 3 &amp;&amp; wildList.indexOf(symbol) != -1): null

2019-08-15 16:11:45 - [TEST_STEP][PASSED] - if (i == 4 &amp;&amp; wildList.indexOf(symbol) != -1): null

2019-08-15 16:11:45 - [TEST_STEP][PASSED] - symbol = symbol: null

2019-08-15 16:11:45 - [TEST_STEP][PASSED] - println(symbol): null

2019-08-15 16:11:45 - [TEST_STEP][PASSED] - if (i == 2 &amp;&amp; wildList.indexOf(symbol) != -1): null

2019-08-15 16:11:45 - [TEST_STEP][PASSED] - if (i == 3 &amp;&amp; wildList.indexOf(symbol) != -1): null

2019-08-15 16:11:45 - [TEST_STEP][PASSED] - if (i == 4 &amp;&amp; wildList.indexOf(symbol) != -1): null

2019-08-15 16:11:45 - [TEST_STEP][PASSED] - symbols = symbols: null

2019-08-15 16:11:45 - [TEST_STEP][PASSED] - for ([j = 0, j &lt; symbols.size(), (j++)]): null

2019-08-15 16:11:45 - [TEST_STEP][PASSED] - symbol = symbol: null

2019-08-15 16:11:45 - [TEST_STEP][PASSED] - println(symbol): null

2019-08-15 16:11:45 - [TEST_STEP][PASSED] - if (i == 2 &amp;&amp; wildList.indexOf(symbol) != -1): null

2019-08-15 16:11:45 - [TEST_STEP][PASSED] - if (i == 3 &amp;&amp; wildList.indexOf(symbol) != -1): null

2019-08-15 16:11:45 - [TEST_STEP][PASSED] - if (i == 4 &amp;&amp; wildList.indexOf(symbol) != -1): null

2019-08-15 16:11:45 - [TEST_STEP][PASSED] - symbol = symbol: null

2019-08-15 16:11:45 - [TEST_STEP][PASSED] - println(symbol): null

2019-08-15 16:11:45 - [TEST_STEP][PASSED] - if (i == 2 &amp;&amp; wildList.indexOf(symbol) != -1): null

2019-08-15 16:11:45 - [TEST_STEP][PASSED] - if (i == 3 &amp;&amp; wildList.indexOf(symbol) != -1): null

2019-08-15 16:11:45 - [TEST_STEP][PASSED] - if (i == 4 &amp;&amp; wildList.indexOf(symbol) != -1): null

2019-08-15 16:11:45 - [TEST_STEP][PASSED] - symbol = symbol: null

2019-08-15 16:11:45 - [TEST_STEP][PASSED] - println(symbol): null

2019-08-15 16:11:45 - [TEST_STEP][PASSED] - if (i == 2 &amp;&amp; wildList.indexOf(symbol) != -1): null

2019-08-15 16:11:45 - [TEST_STEP][PASSED] - if (i == 3 &amp;&amp; wildList.indexOf(symbol) != -1): null

2019-08-15 16:11:45 - [TEST_STEP][PASSED] - if (i == 4 &amp;&amp; wildList.indexOf(symbol) != -1): null

2019-08-15 16:11:45 - [TEST_STEP][PASSED] - symbols = symbols: null

2019-08-15 16:11:45 - [TEST_STEP][PASSED] - for ([j = 0, j &lt; symbols.size(), (j++)]): null

2019-08-15 16:11:45 - [TEST_STEP][PASSED] - symbol = symbol: null

2019-08-15 16:11:45 - [TEST_STEP][PASSED] - println(symbol): null

2019-08-15 16:11:45 - [TEST_STEP][PASSED] - if (i == 2 &amp;&amp; wildList.indexOf(symbol) != -1): null

2019-08-15 16:11:45 - [TEST_STEP][PASSED] - if (i == 3 &amp;&amp; wildList.indexOf(symbol) != -1): null

2019-08-15 16:11:45 - [TEST_STEP][PASSED] - if (i == 4 &amp;&amp; wildList.indexOf(symbol) != -1): null

2019-08-15 16:11:45 - [TEST_STEP][PASSED] - symbol = symbol: null

2019-08-15 16:11:45 - [TEST_STEP][PASSED] - println(symbol): null

2019-08-15 16:11:45 - [TEST_STEP][PASSED] - if (i == 2 &amp;&amp; wildList.indexOf(symbol) != -1): null

2019-08-15 16:11:45 - [TEST_STEP][PASSED] - if (i == 3 &amp;&amp; wildList.indexOf(symbol) != -1): null

2019-08-15 16:11:45 - [TEST_STEP][PASSED] - if (i == 4 &amp;&amp; wildList.indexOf(symbol) != -1): null

2019-08-15 16:11:45 - [TEST_STEP][PASSED] - symbol = symbol: null

2019-08-15 16:11:45 - [TEST_STEP][PASSED] - println(symbol): null

2019-08-15 16:11:45 - [TEST_STEP][PASSED] - if (i == 2 &amp;&amp; wildList.indexOf(symbol) != -1): null

2019-08-15 16:11:45 - [TEST_STEP][PASSED] - if (i == 3 &amp;&amp; wildList.indexOf(symbol) != -1): null

2019-08-15 16:11:45 - [TEST_STEP][PASSED] - if (i == 4 &amp;&amp; wildList.indexOf(symbol) != -1): null

2019-08-15 16:11:45 - [TEST_STEP][PASSED] - symbols = symbols: null

2019-08-15 16:11:45 - [TEST_STEP][PASSED] - for ([j = 0, j &lt; symbols.size(), (j++)]): null

2019-08-15 16:11:45 - [TEST_STEP][PASSED] - symbol = symbol: null

2019-08-15 16:11:45 - [TEST_STEP][PASSED] - println(symbol): null

2019-08-15 16:11:45 - [TEST_STEP][PASSED] - if (i == 2 &amp;&amp; wildList.indexOf(symbol) != -1): null

2019-08-15 16:11:45 - [TEST_STEP][PASSED] - if (i == 3 &amp;&amp; wildList.indexOf(symbol) != -1): null

2019-08-15 16:11:45 - [TEST_STEP][PASSED] - if (i == 4 &amp;&amp; wildList.indexOf(symbol) != -1): null

2019-08-15 16:11:45 - [TEST_STEP][PASSED] - symbol = symbol: null

2019-08-15 16:11:45 - [TEST_STEP][PASSED] - println(symbol): null

2019-08-15 16:11:45 - [TEST_STEP][PASSED] - if (i == 2 &amp;&amp; wildList.indexOf(symbol) != -1): null

2019-08-15 16:11:45 - [TEST_STEP][PASSED] - if (i == 3 &amp;&amp; wildList.indexOf(symbol) != -1): null

2019-08-15 16:11:45 - [TEST_STEP][PASSED] - if (i == 4 &amp;&amp; wildList.indexOf(symbol) != -1): null

2019-08-15 16:11:45 - [TEST_STEP][PASSED] - symbol = symbol: null

2019-08-15 16:11:45 - [TEST_STEP][PASSED] - println(symbol): null

2019-08-15 16:11:45 - [TEST_STEP][PASSED] - if (i == 2 &amp;&amp; wildList.indexOf(symbol) != -1): null

2019-08-15 16:11:45 - [TEST_STEP][PASSED] - if (i == 3 &amp;&amp; wildList.indexOf(symbol) != -1): null

2019-08-15 16:11:45 - [TEST_STEP][PASSED] - if (i == 4 &amp;&amp; wildList.indexOf(symbol) != -1): null

2019-08-15 16:11:45 - [TEST_STEP][PASSED] - println("wild found on reel 5, adding counter by 1"): null

2019-08-15 16:11:45 - [TEST_STEP][PASSED] - free_spin_reel_counter[2] = free_spin_reel_counter[2] + 1: null

2019-08-15 16:11:45 - [TEST_STEP][PASSED] - free_spin_reel_counter = free_spin_reel_counter: null

2019-08-15 16:11:45 - [TEST_STEP][PASSED] - println("reel 3 wild found: " + free_spin_reel_counter[0]): null

2019-08-15 16:11:45 - [TEST_STEP][PASSED] - println("reel 4 wild found: " + free_spin_reel_counter[1]): null

2019-08-15 16:11:45 - [TEST_STEP][PASSED] - println("reel 5 wild found: " + free_spin_reel_counter[2]): null

2019-08-15 16:11:45 - [TEST_STEP][PASSED] - M4_spin_reels = M4_spin_reels: null

2019-08-15 16:11:45 - [TEST_STEP][PASSED] - M4_spin_reels_symbols = symbol: null

2019-08-15 16:11:45 - [TEST_STEP][PASSED] - M4_spin_reels_symbols = M4_spin_reels_symbols: null

2019-08-15 16:11:45 - [TEST_STEP][PASSED] - M4_spin_reel_wins = reel_wins: null

2019-08-15 16:11:45 - [TEST_STEP][PASSED] - M4_spin_reel_wins = M4_spin_reel_wins: null

2019-08-15 16:11:45 - [TEST_STEP][PASSED] - println("GlobalVariable.M4_spin_reel_wins is: " + M4_spin_reel_wins): null

2019-08-15 16:11:45 - [TEST_STEP][PASSED] - M4_spin_total_bonus_win_this_round = total_bonus_win_this_round: null

2019-08-15 16:11:45 - [TEST_STEP][PASSED] - M4_spin_total_bonus_win_this_round = M4_spin_total_bonus_win_this_round: null

2019-08-15 16:11:45 - [TEST_STEP][PASSED] - println("GlobalVariable.M4_spin_total_bonus_win_this_round is: " + M4_spin_total_bonus_win_this_round): null

2019-08-15 16:11:45 - [MESSAGE][PASSED] - Verify response successfully

2019-08-15 16:11:45 - [MESSAGE][PASSED] - Send request and verify the response successfully

2019-08-15 16:11:45 - [TEST_STEP][PASSED] - if (M4_total_bonus_spins_int != 0 &amp;&amp; M4_spin_reels_symbols[2].contains("WILD_ExtraFG") || M4_spin_reels_symbols[3].contains("WILD_ExtraFG")): null

2019-08-15 16:11:45 - [TEST_STEP][PASSED] - free_spin_reel_counter = free_spin_reel_counter: null

2019-08-15 16:11:45 - [TEST_STEP][PASSED] - M4_spin_reels_symbols = M4_spin_reels_symbols: null

2019-08-15 16:11:45 - [TEST_STEP][PASSED] - M4_total_bonus_spins = M4_total_bonus_spins: null

2019-08-15 16:11:45 - [TEST_STEP][PASSED] - spin_result = sendRequestAndVerify(findTestObject("STG/RGS(M4)/1_M4_spin", ["M4_login_user_id":M4_login_user_id, "rgs_session_token":rgs_session_token, "partner":Partner])): Send request and verify the response successfully

2019-08-15 16:11:46 - [TEST_CASE][PASSED] - Start Test Case : Verification: Verification accomplished successfully

2019-08-15 16:11:46 - [TEST_STEP][PASSED] - request = getInstance().getCurrentRequest(): null

2019-08-15 16:11:46 - [TEST_STEP][PASSED] - response = getInstance().getCurrentResponse(): null

2019-08-15 16:11:46 - [TEST_STEP][PASSED] - verifyResponseStatusCode(response, 200): Verify response status code successfully

2019-08-15 16:11:46 - [MESSAGE][PASSED] - Verify response status code successfully

2019-08-15 16:11:46 - [TEST_STEP][PASSED] - getStatusCode()).isEqualTo(200): null

2019-08-15 16:11:46 - [TEST_STEP][PASSED] - newline = System.getProperty("line.separator"): null

2019-08-15 16:11:46 - [TEST_STEP][PASSED] - M4_spin = new groovy.json.JsonSlurper(): null

2019-08-15 16:11:46 - [TEST_STEP][PASSED] - result_M4_spin = M4_spin.parseText(response.getResponseBodyContent()): null

2019-08-15 16:11:46 - [TEST_STEP][PASSED] - M4_spin_current_balance = current_balance: null

2019-08-15 16:11:46 - [TEST_STEP][PASSED] - M4_spin_current_balance = M4_spin_current_balance: null

2019-08-15 16:11:46 - [TEST_STEP][PASSED] - M4_spin_transaction_id = causality: null

2019-08-15 16:11:46 - [TEST_STEP][PASSED] - M4_spin_transaction_id = M4_spin_transaction_id: null

2019-08-15 16:11:46 - [TEST_STEP][PASSED] - M4_spin_round_id = round_id: null

2019-08-15 16:11:46 - [TEST_STEP][PASSED] - M4_spin_round_id = M4_spin_round_id: null

2019-08-15 16:11:46 - [TEST_STEP][PASSED] - M4_spin_line_wins = line_wins: null

2019-08-15 16:11:46 - [TEST_STEP][PASSED] - M4_spin_line_wins = M4_spin_line_wins: null

2019-08-15 16:11:46 - [TEST_STEP][PASSED] - M4_total_bonus_spins_int = total_bonus_spins: null

2019-08-15 16:11:46 - [TEST_STEP][PASSED] - println("******M4_total_bonus_spins type is:*******" + newline + getClass().getName()): null

2019-08-15 16:11:46 - [TEST_STEP][PASSED] - M4_total_bonus_spins_int = M4_total_bonus_spins_int: null

2019-08-15 16:11:46 - [TEST_STEP][PASSED] - M4_total_bonus_spins = Integer.toString(M4_total_bonus_spins_int): null

2019-08-15 16:11:46 - [TEST_STEP][PASSED] - M4_total_bonus_spins = M4_total_bonus_spins: null

2019-08-15 16:11:46 - [TEST_STEP][PASSED] - println("M4_total_bonus_spins is:" + M4_total_bonus_spins): null

2019-08-15 16:11:46 - [TEST_STEP][PASSED] - M4_spin_bonus_data = bonus_data: null

2019-08-15 16:11:46 - [TEST_STEP][PASSED] - M4_spin_features_triggered = result_M4_spin: null

2019-08-15 16:11:46 - [TEST_STEP][PASSED] - wild = []: null

2019-08-15 16:11:46 - [TEST_STEP][PASSED] - wild[0] = "WILD_Expanding": null

2019-08-15 16:11:46 - [TEST_STEP][PASSED] - wild[1] = "WILD_Normal": null

2019-08-15 16:11:46 - [TEST_STEP][PASSED] - wild[2] = "WILD_Double": null

2019-08-15 16:11:46 - [TEST_STEP][PASSED] - wild[3] = "WILD_ExtraFG": null

2019-08-15 16:11:46 - [TEST_STEP][PASSED] - wild[4] = "WILD_Triple": null

2019-08-15 16:11:46 - [TEST_STEP][PASSED] - wildList = Arrays.asList(wild): null

2019-08-15 16:11:46 - [TEST_STEP][PASSED] - wildList = wildList: null

2019-08-15 16:11:46 - [TEST_STEP][PASSED] - free_spin_reel_counter = []: null

2019-08-15 16:11:46 - [TEST_STEP][PASSED] - free_spin_reel_counter[0] = 0: null

2019-08-15 16:11:46 - [TEST_STEP][PASSED] - free_spin_reel_counter[1] = 0: null

2019-08-15 16:11:46 - [TEST_STEP][PASSED] - free_spin_reel_counter[2] = 0: null

2019-08-15 16:11:46 - [TEST_STEP][PASSED] - M4_spin_reels = reels: null

2019-08-15 16:11:46 - [TEST_STEP][PASSED] - for ([i = 0, i &lt; M4_spin_reels.size(), (i++)]): null

2019-08-15 16:11:46 - [TEST_STEP][PASSED] - symbols = symbols: null

2019-08-15 16:11:46 - [TEST_STEP][PASSED] - for ([j = 0, j &lt; symbols.size(), (j++)]): null

2019-08-15 16:11:46 - [TEST_STEP][PASSED] - symbol = symbol: null

2019-08-15 16:11:46 - [TEST_STEP][PASSED] - println(symbol): null

2019-08-15 16:11:46 - [TEST_STEP][PASSED] - if (i == 2 &amp;&amp; wildList.indexOf(symbol) != -1): null

2019-08-15 16:11:46 - [TEST_STEP][PASSED] - if (i == 3 &amp;&amp; wildList.indexOf(symbol) != -1): null

2019-08-15 16:11:46 - [TEST_STEP][PASSED] - if (i == 4 &amp;&amp; wildList.indexOf(symbol) != -1): null

2019-08-15 16:11:46 - [TEST_STEP][PASSED] - symbol = symbol: null

2019-08-15 16:11:46 - [TEST_STEP][PASSED] - println(symbol): null

2019-08-15 16:11:46 - [TEST_STEP][PASSED] - if (i == 2 &amp;&amp; wildList.indexOf(symbol) != -1): null

2019-08-15 16:11:46 - [TEST_STEP][PASSED] - if (i == 3 &amp;&amp; wildList.indexOf(symbol) != -1): null

2019-08-15 16:11:46 - [TEST_STEP][PASSED] - if (i == 4 &amp;&amp; wildList.indexOf(symbol) != -1): null

2019-08-15 16:11:46 - [TEST_STEP][PASSED] - symbol = symbol: null

2019-08-15 16:11:46 - [TEST_STEP][PASSED] - println(symbol): null

2019-08-15 16:11:46 - [TEST_STEP][PASSED] - if (i == 2 &amp;&amp; wildList.indexOf(symbol) != -1): null

2019-08-15 16:11:46 - [TEST_STEP][PASSED] - if (i == 3 &amp;&amp; wildList.indexOf(symbol) != -1): null

2019-08-15 16:11:46 - [TEST_STEP][PASSED] - if (i == 4 &amp;&amp; wildList.indexOf(symbol) != -1): null

2019-08-15 16:11:46 - [TEST_STEP][PASSED] - symbols = symbols: null

2019-08-15 16:11:46 - [TEST_STEP][PASSED] - for ([j = 0, j &lt; symbols.size(), (j++)]): null

2019-08-15 16:11:46 - [TEST_STEP][PASSED] - symbol = symbol: null

2019-08-15 16:11:46 - [TEST_STEP][PASSED] - println(symbol): null

2019-08-15 16:11:46 - [TEST_STEP][PASSED] - if (i == 2 &amp;&amp; wildList.indexOf(symbol) != -1): null

2019-08-15 16:11:46 - [TEST_STEP][PASSED] - if (i == 3 &amp;&amp; wildList.indexOf(symbol) != -1): null

2019-08-15 16:11:46 - [TEST_STEP][PASSED] - if (i == 4 &amp;&amp; wildList.indexOf(symbol) != -1): null

2019-08-15 16:11:46 - [TEST_STEP][PASSED] - symbol = symbol: null

2019-08-15 16:11:46 - [TEST_STEP][PASSED] - println(symbol): null

2019-08-15 16:11:46 - [TEST_STEP][PASSED] - if (i == 2 &amp;&amp; wildList.indexOf(symbol) != -1): null

2019-08-15 16:11:46 - [TEST_STEP][PASSED] - if (i == 3 &amp;&amp; wildList.indexOf(symbol) != -1): null

2019-08-15 16:11:46 - [TEST_STEP][PASSED] - if (i == 4 &amp;&amp; wildList.indexOf(symbol) != -1): null

2019-08-15 16:11:46 - [TEST_STEP][PASSED] - symbol = symbol: null

2019-08-15 16:11:46 - [TEST_STEP][PASSED] - println(symbol): null

2019-08-15 16:11:46 - [TEST_STEP][PASSED] - if (i == 2 &amp;&amp; wildList.indexOf(symbol) != -1): null

2019-08-15 16:11:46 - [TEST_STEP][PASSED] - if (i == 3 &amp;&amp; wildList.indexOf(symbol) != -1): null

2019-08-15 16:11:46 - [TEST_STEP][PASSED] - if (i == 4 &amp;&amp; wildList.indexOf(symbol) != -1): null

2019-08-15 16:11:46 - [TEST_STEP][PASSED] - symbols = symbols: null

2019-08-15 16:11:46 - [TEST_STEP][PASSED] - for ([j = 0, j &lt; symbols.size(), (j++)]): null

2019-08-15 16:11:46 - [TEST_STEP][PASSED] - symbol = symbol: null

2019-08-15 16:11:46 - [TEST_STEP][PASSED] - println(symbol): null

2019-08-15 16:11:46 - [TEST_STEP][PASSED] - if (i == 2 &amp;&amp; wildList.indexOf(symbol) != -1): null

2019-08-15 16:11:46 - [TEST_STEP][PASSED] - if (i == 3 &amp;&amp; wildList.indexOf(symbol) != -1): null

2019-08-15 16:11:46 - [TEST_STEP][PASSED] - if (i == 4 &amp;&amp; wildList.indexOf(symbol) != -1): null

2019-08-15 16:11:46 - [TEST_STEP][PASSED] - symbol = symbol: null

2019-08-15 16:11:46 - [TEST_STEP][PASSED] - println(symbol): null

2019-08-15 16:11:46 - [TEST_STEP][PASSED] - if (i == 2 &amp;&amp; wildList.indexOf(symbol) != -1): null

2019-08-15 16:11:46 - [TEST_STEP][PASSED] - if (i == 3 &amp;&amp; wildList.indexOf(symbol) != -1): null

2019-08-15 16:11:46 - [TEST_STEP][PASSED] - if (i == 4 &amp;&amp; wildList.indexOf(symbol) != -1): null

2019-08-15 16:11:46 - [TEST_STEP][PASSED] - symbol = symbol: null

2019-08-15 16:11:46 - [TEST_STEP][PASSED] - println(symbol): null

2019-08-15 16:11:46 - [TEST_STEP][PASSED] - if (i == 2 &amp;&amp; wildList.indexOf(symbol) != -1): null

2019-08-15 16:11:46 - [TEST_STEP][PASSED] - if (i == 3 &amp;&amp; wildList.indexOf(symbol) != -1): null

2019-08-15 16:11:46 - [TEST_STEP][PASSED] - if (i == 4 &amp;&amp; wildList.indexOf(symbol) != -1): null

2019-08-15 16:11:46 - [TEST_STEP][PASSED] - symbols = symbols: null

2019-08-15 16:11:46 - [TEST_STEP][PASSED] - for ([j = 0, j &lt; symbols.size(), (j++)]): null

2019-08-15 16:11:46 - [TEST_STEP][PASSED] - symbol = symbol: null

2019-08-15 16:11:46 - [TEST_STEP][PASSED] - println(symbol): null

2019-08-15 16:11:46 - [TEST_STEP][PASSED] - if (i == 2 &amp;&amp; wildList.indexOf(symbol) != -1): null

2019-08-15 16:11:46 - [TEST_STEP][PASSED] - if (i == 3 &amp;&amp; wildList.indexOf(symbol) != -1): null

2019-08-15 16:11:46 - [TEST_STEP][PASSED] - if (i == 4 &amp;&amp; wildList.indexOf(symbol) != -1): null

2019-08-15 16:11:46 - [TEST_STEP][PASSED] - symbol = symbol: null

2019-08-15 16:11:46 - [TEST_STEP][PASSED] - println(symbol): null

2019-08-15 16:11:46 - [TEST_STEP][PASSED] - if (i == 2 &amp;&amp; wildList.indexOf(symbol) != -1): null

2019-08-15 16:11:46 - [TEST_STEP][PASSED] - if (i == 3 &amp;&amp; wildList.indexOf(symbol) != -1): null

2019-08-15 16:11:46 - [TEST_STEP][PASSED] - if (i == 4 &amp;&amp; wildList.indexOf(symbol) != -1): null

2019-08-15 16:11:46 - [TEST_STEP][PASSED] - symbol = symbol: null

2019-08-15 16:11:46 - [TEST_STEP][PASSED] - println(symbol): null

2019-08-15 16:11:46 - [TEST_STEP][PASSED] - if (i == 2 &amp;&amp; wildList.indexOf(symbol) != -1): null

2019-08-15 16:11:46 - [TEST_STEP][PASSED] - if (i == 3 &amp;&amp; wildList.indexOf(symbol) != -1): null

2019-08-15 16:11:46 - [TEST_STEP][PASSED] - if (i == 4 &amp;&amp; wildList.indexOf(symbol) != -1): null

2019-08-15 16:11:46 - [TEST_STEP][PASSED] - symbols = symbols: null

2019-08-15 16:11:46 - [TEST_STEP][PASSED] - for ([j = 0, j &lt; symbols.size(), (j++)]): null

2019-08-15 16:11:46 - [TEST_STEP][PASSED] - symbol = symbol: null

2019-08-15 16:11:46 - [TEST_STEP][PASSED] - println(symbol): null

2019-08-15 16:11:46 - [TEST_STEP][PASSED] - if (i == 2 &amp;&amp; wildList.indexOf(symbol) != -1): null

2019-08-15 16:11:46 - [TEST_STEP][PASSED] - if (i == 3 &amp;&amp; wildList.indexOf(symbol) != -1): null

2019-08-15 16:11:46 - [TEST_STEP][PASSED] - if (i == 4 &amp;&amp; wildList.indexOf(symbol) != -1): null

2019-08-15 16:11:46 - [TEST_STEP][PASSED] - symbol = symbol: null

2019-08-15 16:11:46 - [TEST_STEP][PASSED] - println(symbol): null

2019-08-15 16:11:46 - [TEST_STEP][PASSED] - if (i == 2 &amp;&amp; wildList.indexOf(symbol) != -1): null

2019-08-15 16:11:46 - [TEST_STEP][PASSED] - if (i == 3 &amp;&amp; wildList.indexOf(symbol) != -1): null

2019-08-15 16:11:46 - [TEST_STEP][PASSED] - if (i == 4 &amp;&amp; wildList.indexOf(symbol) != -1): null

2019-08-15 16:11:46 - [TEST_STEP][PASSED] - symbol = symbol: null

2019-08-15 16:11:46 - [TEST_STEP][PASSED] - println(symbol): null

2019-08-15 16:11:46 - [TEST_STEP][PASSED] - if (i == 2 &amp;&amp; wildList.indexOf(symbol) != -1): null

2019-08-15 16:11:46 - [TEST_STEP][PASSED] - if (i == 3 &amp;&amp; wildList.indexOf(symbol) != -1): null

2019-08-15 16:11:46 - [TEST_STEP][PASSED] - if (i == 4 &amp;&amp; wildList.indexOf(symbol) != -1): null

2019-08-15 16:11:46 - [TEST_STEP][PASSED] - free_spin_reel_counter = free_spin_reel_counter: null

2019-08-15 16:11:46 - [TEST_STEP][PASSED] - println("reel 3 wild found: " + free_spin_reel_counter[0]): null

2019-08-15 16:11:46 - [TEST_STEP][PASSED] - println("reel 4 wild found: " + free_spin_reel_counter[1]): null

2019-08-15 16:11:46 - [TEST_STEP][PASSED] - println("reel 5 wild found: " + free_spin_reel_counter[2]): null

2019-08-15 16:11:46 - [TEST_STEP][PASSED] - M4_spin_reels = M4_spin_reels: null

2019-08-15 16:11:46 - [TEST_STEP][PASSED] - M4_spin_reels_symbols = symbol: null

2019-08-15 16:11:46 - [TEST_STEP][PASSED] - M4_spin_reels_symbols = M4_spin_reels_symbols: null

2019-08-15 16:11:46 - [TEST_STEP][PASSED] - M4_spin_reel_wins = reel_wins: null

2019-08-15 16:11:46 - [TEST_STEP][PASSED] - M4_spin_reel_wins = M4_spin_reel_wins: null

2019-08-15 16:11:46 - [TEST_STEP][PASSED] - println("GlobalVariable.M4_spin_reel_wins is: " + M4_spin_reel_wins): null

2019-08-15 16:11:46 - [TEST_STEP][PASSED] - M4_spin_total_bonus_win_this_round = total_bonus_win_this_round: null

2019-08-15 16:11:46 - [TEST_STEP][PASSED] - M4_spin_total_bonus_win_this_round = M4_spin_total_bonus_win_this_round: null

2019-08-15 16:11:46 - [TEST_STEP][PASSED] - println("GlobalVariable.M4_spin_total_bonus_win_this_round is: " + M4_spin_total_bonus_win_this_round): null

2019-08-15 16:11:46 - [MESSAGE][PASSED] - Verify response successfully

2019-08-15 16:11:46 - [MESSAGE][PASSED] - Send request and verify the response successfully

2019-08-15 16:11:46 - [TEST_STEP][PASSED] - if (M4_total_bonus_spins_int != 0 &amp;&amp; M4_spin_reels_symbols[2].contains("WILD_ExtraFG") || M4_spin_reels_symbols[3].contains("WILD_ExtraFG")): null

2019-08-15 16:11:46 - [TEST_STEP][PASSED] - free_spin_reel_counter = free_spin_reel_counter: null

2019-08-15 16:11:46 - [TEST_STEP][PASSED] - M4_spin_reels_symbols = M4_spin_reels_symbols: null

2019-08-15 16:11:46 - [TEST_STEP][PASSED] - M4_total_bonus_spins = M4_total_bonus_spins: null

2019-08-15 16:11:46 - [TEST_STEP][PASSED] - spin_result = sendRequestAndVerify(findTestObject("STG/RGS(M4)/1_M4_spin", ["M4_login_user_id":M4_login_user_id, "rgs_session_token":rgs_session_token, "partner":Partner])): Send request and verify the response successfully

2019-08-15 16:11:46 - [TEST_CASE][PASSED] - Start Test Case : Verification: Verification accomplished successfully

2019-08-15 16:11:46 - [TEST_STEP][PASSED] - request = getInstance().getCurrentRequest(): null

2019-08-15 16:11:46 - [TEST_STEP][PASSED] - response = getInstance().getCurrentResponse(): null

2019-08-15 16:11:46 - [TEST_STEP][PASSED] - verifyResponseStatusCode(response, 200): Verify response status code successfully

2019-08-15 16:11:46 - [MESSAGE][PASSED] - Verify response status code successfully

2019-08-15 16:11:46 - [TEST_STEP][PASSED] - getStatusCode()).isEqualTo(200): null

2019-08-15 16:11:46 - [TEST_STEP][PASSED] - newline = System.getProperty("line.separator"): null

2019-08-15 16:11:46 - [TEST_STEP][PASSED] - M4_spin = new groovy.json.JsonSlurper(): null

2019-08-15 16:11:46 - [TEST_STEP][PASSED] - result_M4_spin = M4_spin.parseText(response.getResponseBodyContent()): null

2019-08-15 16:11:46 - [TEST_STEP][PASSED] - M4_spin_current_balance = current_balance: null

2019-08-15 16:11:46 - [TEST_STEP][PASSED] - M4_spin_current_balance = M4_spin_current_balance: null

2019-08-15 16:11:46 - [TEST_STEP][PASSED] - M4_spin_transaction_id = causality: null

2019-08-15 16:11:46 - [TEST_STEP][PASSED] - M4_spin_transaction_id = M4_spin_transaction_id: null

2019-08-15 16:11:46 - [TEST_STEP][PASSED] - M4_spin_round_id = round_id: null

2019-08-15 16:11:46 - [TEST_STEP][PASSED] - M4_spin_round_id = M4_spin_round_id: null

2019-08-15 16:11:46 - [TEST_STEP][PASSED] - M4_spin_line_wins = line_wins: null

2019-08-15 16:11:46 - [TEST_STEP][PASSED] - M4_spin_line_wins = M4_spin_line_wins: null

2019-08-15 16:11:46 - [TEST_STEP][PASSED] - M4_total_bonus_spins_int = total_bonus_spins: null

2019-08-15 16:11:46 - [TEST_STEP][PASSED] - println("******M4_total_bonus_spins type is:*******" + newline + getClass().getName()): null

2019-08-15 16:11:46 - [TEST_STEP][PASSED] - M4_total_bonus_spins_int = M4_total_bonus_spins_int: null

2019-08-15 16:11:46 - [TEST_STEP][PASSED] - M4_total_bonus_spins = Integer.toString(M4_total_bonus_spins_int): null

2019-08-15 16:11:46 - [TEST_STEP][PASSED] - M4_total_bonus_spins = M4_total_bonus_spins: null

2019-08-15 16:11:46 - [TEST_STEP][PASSED] - println("M4_total_bonus_spins is:" + M4_total_bonus_spins): null

2019-08-15 16:11:46 - [TEST_STEP][PASSED] - M4_spin_bonus_data = bonus_data: null

2019-08-15 16:11:46 - [TEST_STEP][PASSED] - M4_spin_features_triggered = result_M4_spin: null

2019-08-15 16:11:46 - [TEST_STEP][PASSED] - wild = []: null

2019-08-15 16:11:46 - [TEST_STEP][PASSED] - wild[0] = "WILD_Expanding": null

2019-08-15 16:11:46 - [TEST_STEP][PASSED] - wild[1] = "WILD_Normal": null

2019-08-15 16:11:46 - [TEST_STEP][PASSED] - wild[2] = "WILD_Double": null

2019-08-15 16:11:46 - [TEST_STEP][PASSED] - wild[3] = "WILD_ExtraFG": null

2019-08-15 16:11:46 - [TEST_STEP][PASSED] - wild[4] = "WILD_Triple": null

2019-08-15 16:11:46 - [TEST_STEP][PASSED] - wildList = Arrays.asList(wild): null

2019-08-15 16:11:46 - [TEST_STEP][PASSED] - wildList = wildList: null

2019-08-15 16:11:46 - [TEST_STEP][PASSED] - free_spin_reel_counter = []: null

2019-08-15 16:11:46 - [TEST_STEP][PASSED] - free_spin_reel_counter[0] = 0: null

2019-08-15 16:11:46 - [TEST_STEP][PASSED] - free_spin_reel_counter[1] = 0: null

2019-08-15 16:11:46 - [TEST_STEP][PASSED] - free_spin_reel_counter[2] = 0: null

2019-08-15 16:11:46 - [TEST_STEP][PASSED] - M4_spin_reels = reels: null

2019-08-15 16:11:46 - [TEST_STEP][PASSED] - for ([i = 0, i &lt; M4_spin_reels.size(), (i++)]): null

2019-08-15 16:11:46 - [TEST_STEP][PASSED] - symbols = symbols: null

2019-08-15 16:11:46 - [TEST_STEP][PASSED] - for ([j = 0, j &lt; symbols.size(), (j++)]): null

2019-08-15 16:11:46 - [TEST_STEP][PASSED] - symbol = symbol: null

2019-08-15 16:11:46 - [TEST_STEP][PASSED] - println(symbol): null

2019-08-15 16:11:46 - [TEST_STEP][PASSED] - if (i == 2 &amp;&amp; wildList.indexOf(symbol) != -1): null

2019-08-15 16:11:46 - [TEST_STEP][PASSED] - if (i == 3 &amp;&amp; wildList.indexOf(symbol) != -1): null

2019-08-15 16:11:46 - [TEST_STEP][PASSED] - if (i == 4 &amp;&amp; wildList.indexOf(symbol) != -1): null

2019-08-15 16:11:46 - [TEST_STEP][PASSED] - symbol = symbol: null

2019-08-15 16:11:46 - [TEST_STEP][PASSED] - println(symbol): null

2019-08-15 16:11:46 - [TEST_STEP][PASSED] - if (i == 2 &amp;&amp; wildList.indexOf(symbol) != -1): null

2019-08-15 16:11:46 - [TEST_STEP][PASSED] - if (i == 3 &amp;&amp; wildList.indexOf(symbol) != -1): null

2019-08-15 16:11:46 - [TEST_STEP][PASSED] - if (i == 4 &amp;&amp; wildList.indexOf(symbol) != -1): null

2019-08-15 16:11:46 - [TEST_STEP][PASSED] - symbol = symbol: null

2019-08-15 16:11:46 - [TEST_STEP][PASSED] - println(symbol): null

2019-08-15 16:11:46 - [TEST_STEP][PASSED] - if (i == 2 &amp;&amp; wildList.indexOf(symbol) != -1): null

2019-08-15 16:11:46 - [TEST_STEP][PASSED] - if (i == 3 &amp;&amp; wildList.indexOf(symbol) != -1): null

2019-08-15 16:11:46 - [TEST_STEP][PASSED] - if (i == 4 &amp;&amp; wildList.indexOf(symbol) != -1): null

2019-08-15 16:11:46 - [TEST_STEP][PASSED] - symbols = symbols: null

2019-08-15 16:11:46 - [TEST_STEP][PASSED] - for ([j = 0, j &lt; symbols.size(), (j++)]): null

2019-08-15 16:11:46 - [TEST_STEP][PASSED] - symbol = symbol: null

2019-08-15 16:11:46 - [TEST_STEP][PASSED] - println(symbol): null

2019-08-15 16:11:46 - [TEST_STEP][PASSED] - if (i == 2 &amp;&amp; wildList.indexOf(symbol) != -1): null

2019-08-15 16:11:46 - [TEST_STEP][PASSED] - if (i == 3 &amp;&amp; wildList.indexOf(symbol) != -1): null

2019-08-15 16:11:46 - [TEST_STEP][PASSED] - if (i == 4 &amp;&amp; wildList.indexOf(symbol) != -1): null

2019-08-15 16:11:46 - [TEST_STEP][PASSED] - symbol = symbol: null

2019-08-15 16:11:46 - [TEST_STEP][PASSED] - println(symbol): null

2019-08-15 16:11:46 - [TEST_STEP][PASSED] - if (i == 2 &amp;&amp; wildList.indexOf(symbol) != -1): null

2019-08-15 16:11:46 - [TEST_STEP][PASSED] - if (i == 3 &amp;&amp; wildList.indexOf(symbol) != -1): null

2019-08-15 16:11:46 - [TEST_STEP][PASSED] - if (i == 4 &amp;&amp; wildList.indexOf(symbol) != -1): null

2019-08-15 16:11:46 - [TEST_STEP][PASSED] - symbol = symbol: null

2019-08-15 16:11:46 - [TEST_STEP][PASSED] - println(symbol): null

2019-08-15 16:11:46 - [TEST_STEP][PASSED] - if (i == 2 &amp;&amp; wildList.indexOf(symbol) != -1): null

2019-08-15 16:11:46 - [TEST_STEP][PASSED] - if (i == 3 &amp;&amp; wildList.indexOf(symbol) != -1): null

2019-08-15 16:11:46 - [TEST_STEP][PASSED] - if (i == 4 &amp;&amp; wildList.indexOf(symbol) != -1): null

2019-08-15 16:11:46 - [TEST_STEP][PASSED] - symbols = symbols: null

2019-08-15 16:11:46 - [TEST_STEP][PASSED] - for ([j = 0, j &lt; symbols.size(), (j++)]): null

2019-08-15 16:11:46 - [TEST_STEP][PASSED] - symbol = symbol: null

2019-08-15 16:11:46 - [TEST_STEP][PASSED] - println(symbol): null

2019-08-15 16:11:46 - [TEST_STEP][PASSED] - if (i == 2 &amp;&amp; wildList.indexOf(symbol) != -1): null

2019-08-15 16:11:46 - [TEST_STEP][PASSED] - if (i == 3 &amp;&amp; wildList.indexOf(symbol) != -1): null

2019-08-15 16:11:46 - [TEST_STEP][PASSED] - if (i == 4 &amp;&amp; wildList.indexOf(symbol) != -1): null

2019-08-15 16:11:46 - [TEST_STEP][PASSED] - symbol = symbol: null

2019-08-15 16:11:46 - [TEST_STEP][PASSED] - println(symbol): null

2019-08-15 16:11:46 - [TEST_STEP][PASSED] - if (i == 2 &amp;&amp; wildList.indexOf(symbol) != -1): null

2019-08-15 16:11:46 - [TEST_STEP][PASSED] - if (i == 3 &amp;&amp; wildList.indexOf(symbol) != -1): null

2019-08-15 16:11:46 - [TEST_STEP][PASSED] - if (i == 4 &amp;&amp; wildList.indexOf(symbol) != -1): null

2019-08-15 16:11:46 - [TEST_STEP][PASSED] - symbol = symbol: null

2019-08-15 16:11:46 - [TEST_STEP][PASSED] - println(symbol): null

2019-08-15 16:11:46 - [TEST_STEP][PASSED] - if (i == 2 &amp;&amp; wildList.indexOf(symbol) != -1): null

2019-08-15 16:11:46 - [TEST_STEP][PASSED] - if (i == 3 &amp;&amp; wildList.indexOf(symbol) != -1): null

2019-08-15 16:11:46 - [TEST_STEP][PASSED] - if (i == 4 &amp;&amp; wildList.indexOf(symbol) != -1): null

2019-08-15 16:11:46 - [TEST_STEP][PASSED] - symbols = symbols: null

2019-08-15 16:11:46 - [TEST_STEP][PASSED] - for ([j = 0, j &lt; symbols.size(), (j++)]): null

2019-08-15 16:11:46 - [TEST_STEP][PASSED] - symbol = symbol: null

2019-08-15 16:11:46 - [TEST_STEP][PASSED] - println(symbol): null

2019-08-15 16:11:46 - [TEST_STEP][PASSED] - if (i == 2 &amp;&amp; wildList.indexOf(symbol) != -1): null

2019-08-15 16:11:46 - [TEST_STEP][PASSED] - if (i == 3 &amp;&amp; wildList.indexOf(symbol) != -1): null

2019-08-15 16:11:46 - [TEST_STEP][PASSED] - if (i == 4 &amp;&amp; wildList.indexOf(symbol) != -1): null

2019-08-15 16:11:46 - [TEST_STEP][PASSED] - symbol = symbol: null

2019-08-15 16:11:46 - [TEST_STEP][PASSED] - println(symbol): null

2019-08-15 16:11:46 - [TEST_STEP][PASSED] - if (i == 2 &amp;&amp; wildList.indexOf(symbol) != -1): null

2019-08-15 16:11:46 - [TEST_STEP][PASSED] - if (i == 3 &amp;&amp; wildList.indexOf(symbol) != -1): null

2019-08-15 16:11:46 - [TEST_STEP][PASSED] - if (i == 4 &amp;&amp; wildList.indexOf(symbol) != -1): null

2019-08-15 16:11:46 - [TEST_STEP][PASSED] - symbol = symbol: null

2019-08-15 16:11:46 - [TEST_STEP][PASSED] - println(symbol): null

2019-08-15 16:11:46 - [TEST_STEP][PASSED] - if (i == 2 &amp;&amp; wildList.indexOf(symbol) != -1): null

2019-08-15 16:11:46 - [TEST_STEP][PASSED] - if (i == 3 &amp;&amp; wildList.indexOf(symbol) != -1): null

2019-08-15 16:11:46 - [TEST_STEP][PASSED] - if (i == 4 &amp;&amp; wildList.indexOf(symbol) != -1): null

2019-08-15 16:11:46 - [TEST_STEP][PASSED] - symbols = symbols: null

2019-08-15 16:11:46 - [TEST_STEP][PASSED] - for ([j = 0, j &lt; symbols.size(), (j++)]): null

2019-08-15 16:11:46 - [TEST_STEP][PASSED] - symbol = symbol: null

2019-08-15 16:11:46 - [TEST_STEP][PASSED] - println(symbol): null

2019-08-15 16:11:46 - [TEST_STEP][PASSED] - if (i == 2 &amp;&amp; wildList.indexOf(symbol) != -1): null

2019-08-15 16:11:46 - [TEST_STEP][PASSED] - if (i == 3 &amp;&amp; wildList.indexOf(symbol) != -1): null

2019-08-15 16:11:46 - [TEST_STEP][PASSED] - if (i == 4 &amp;&amp; wildList.indexOf(symbol) != -1): null

2019-08-15 16:11:46 - [TEST_STEP][PASSED] - symbol = symbol: null

2019-08-15 16:11:46 - [TEST_STEP][PASSED] - println(symbol): null

2019-08-15 16:11:46 - [TEST_STEP][PASSED] - if (i == 2 &amp;&amp; wildList.indexOf(symbol) != -1): null

2019-08-15 16:11:46 - [TEST_STEP][PASSED] - if (i == 3 &amp;&amp; wildList.indexOf(symbol) != -1): null

2019-08-15 16:11:46 - [TEST_STEP][PASSED] - if (i == 4 &amp;&amp; wildList.indexOf(symbol) != -1): null

2019-08-15 16:11:46 - [TEST_STEP][PASSED] - symbol = symbol: null

2019-08-15 16:11:46 - [TEST_STEP][PASSED] - println(symbol): null

2019-08-15 16:11:46 - [TEST_STEP][PASSED] - if (i == 2 &amp;&amp; wildList.indexOf(symbol) != -1): null

2019-08-15 16:11:46 - [TEST_STEP][PASSED] - if (i == 3 &amp;&amp; wildList.indexOf(symbol) != -1): null

2019-08-15 16:11:46 - [TEST_STEP][PASSED] - if (i == 4 &amp;&amp; wildList.indexOf(symbol) != -1): null

2019-08-15 16:11:46 - [TEST_STEP][PASSED] - free_spin_reel_counter = free_spin_reel_counter: null

2019-08-15 16:11:46 - [TEST_STEP][PASSED] - println("reel 3 wild found: " + free_spin_reel_counter[0]): null

2019-08-15 16:11:46 - [TEST_STEP][PASSED] - println("reel 4 wild found: " + free_spin_reel_counter[1]): null

2019-08-15 16:11:46 - [TEST_STEP][PASSED] - println("reel 5 wild found: " + free_spin_reel_counter[2]): null

2019-08-15 16:11:46 - [TEST_STEP][PASSED] - M4_spin_reels = M4_spin_reels: null

2019-08-15 16:11:46 - [TEST_STEP][PASSED] - M4_spin_reels_symbols = symbol: null

2019-08-15 16:11:46 - [TEST_STEP][PASSED] - M4_spin_reels_symbols = M4_spin_reels_symbols: null

2019-08-15 16:11:46 - [TEST_STEP][PASSED] - M4_spin_reel_wins = reel_wins: null

2019-08-15 16:11:46 - [TEST_STEP][PASSED] - M4_spin_reel_wins = M4_spin_reel_wins: null

2019-08-15 16:11:46 - [TEST_STEP][PASSED] - println("GlobalVariable.M4_spin_reel_wins is: " + M4_spin_reel_wins): null

2019-08-15 16:11:46 - [TEST_STEP][PASSED] - M4_spin_total_bonus_win_this_round = total_bonus_win_this_round: null

2019-08-15 16:11:46 - [TEST_STEP][PASSED] - M4_spin_total_bonus_win_this_round = M4_spin_total_bonus_win_this_round: null

2019-08-15 16:11:46 - [TEST_STEP][PASSED] - println("GlobalVariable.M4_spin_total_bonus_win_this_round is: " + M4_spin_total_bonus_win_this_round): null

2019-08-15 16:11:46 - [MESSAGE][PASSED] - Verify response successfully

2019-08-15 16:11:46 - [MESSAGE][PASSED] - Send request and verify the response successfully

2019-08-15 16:11:46 - [TEST_STEP][PASSED] - if (M4_total_bonus_spins_int != 0 &amp;&amp; M4_spin_reels_symbols[2].contains("WILD_ExtraFG") || M4_spin_reels_symbols[3].contains("WILD_ExtraFG")): null

2019-08-15 16:11:46 - [TEST_STEP][PASSED] - free_spin_reel_counter = free_spin_reel_counter: null

2019-08-15 16:11:46 - [TEST_STEP][PASSED] - M4_spin_reels_symbols = M4_spin_reels_symbols: null

2019-08-15 16:11:46 - [TEST_STEP][PASSED] - M4_total_bonus_spins = M4_total_bonus_spins: null

2019-08-15 16:11:46 - [TEST_STEP][PASSED] - spin_result = sendRequestAndVerify(findTestObject("STG/RGS(M4)/1_M4_spin", ["M4_login_user_id":M4_login_user_id, "rgs_session_token":rgs_session_token, "partner":Partner])): Send request and verify the response successfully

2019-08-15 16:11:47 - [TEST_CASE][PASSED] - Start Test Case : Verification: Verification accomplished successfully

2019-08-15 16:11:47 - [TEST_STEP][PASSED] - request = getInstance().getCurrentRequest(): null

2019-08-15 16:11:47 - [TEST_STEP][PASSED] - response = getInstance().getCurrentResponse(): null

2019-08-15 16:11:47 - [TEST_STEP][PASSED] - verifyResponseStatusCode(response, 200): Verify response status code successfully

2019-08-15 16:11:47 - [MESSAGE][PASSED] - Verify response status code successfully

2019-08-15 16:11:47 - [TEST_STEP][PASSED] - getStatusCode()).isEqualTo(200): null

2019-08-15 16:11:47 - [TEST_STEP][PASSED] - newline = System.getProperty("line.separator"): null

2019-08-15 16:11:47 - [TEST_STEP][PASSED] - M4_spin = new groovy.json.JsonSlurper(): null

2019-08-15 16:11:47 - [TEST_STEP][PASSED] - result_M4_spin = M4_spin.parseText(response.getResponseBodyContent()): null

2019-08-15 16:11:47 - [TEST_STEP][PASSED] - M4_spin_current_balance = current_balance: null

2019-08-15 16:11:47 - [TEST_STEP][PASSED] - M4_spin_current_balance = M4_spin_current_balance: null

2019-08-15 16:11:47 - [TEST_STEP][PASSED] - M4_spin_transaction_id = causality: null

2019-08-15 16:11:47 - [TEST_STEP][PASSED] - M4_spin_transaction_id = M4_spin_transaction_id: null

2019-08-15 16:11:47 - [TEST_STEP][PASSED] - M4_spin_round_id = round_id: null

2019-08-15 16:11:47 - [TEST_STEP][PASSED] - M4_spin_round_id = M4_spin_round_id: null

2019-08-15 16:11:47 - [TEST_STEP][PASSED] - M4_spin_line_wins = line_wins: null

2019-08-15 16:11:47 - [TEST_STEP][PASSED] - M4_spin_line_wins = M4_spin_line_wins: null

2019-08-15 16:11:47 - [TEST_STEP][PASSED] - M4_total_bonus_spins_int = total_bonus_spins: null

2019-08-15 16:11:47 - [TEST_STEP][PASSED] - println("******M4_total_bonus_spins type is:*******" + newline + getClass().getName()): null

2019-08-15 16:11:47 - [TEST_STEP][PASSED] - M4_total_bonus_spins_int = M4_total_bonus_spins_int: null

2019-08-15 16:11:47 - [TEST_STEP][PASSED] - M4_total_bonus_spins = Integer.toString(M4_total_bonus_spins_int): null

2019-08-15 16:11:47 - [TEST_STEP][PASSED] - M4_total_bonus_spins = M4_total_bonus_spins: null

2019-08-15 16:11:47 - [TEST_STEP][PASSED] - println("M4_total_bonus_spins is:" + M4_total_bonus_spins): null

2019-08-15 16:11:47 - [TEST_STEP][PASSED] - M4_spin_bonus_data = bonus_data: null

2019-08-15 16:11:47 - [TEST_STEP][PASSED] - M4_spin_features_triggered = result_M4_spin: null

2019-08-15 16:11:47 - [TEST_STEP][PASSED] - wild = []: null

2019-08-15 16:11:47 - [TEST_STEP][PASSED] - wild[0] = "WILD_Expanding": null

2019-08-15 16:11:47 - [TEST_STEP][PASSED] - wild[1] = "WILD_Normal": null

2019-08-15 16:11:47 - [TEST_STEP][PASSED] - wild[2] = "WILD_Double": null

2019-08-15 16:11:47 - [TEST_STEP][PASSED] - wild[3] = "WILD_ExtraFG": null

2019-08-15 16:11:47 - [TEST_STEP][PASSED] - wild[4] = "WILD_Triple": null

2019-08-15 16:11:47 - [TEST_STEP][PASSED] - wildList = Arrays.asList(wild): null

2019-08-15 16:11:47 - [TEST_STEP][PASSED] - wildList = wildList: null

2019-08-15 16:11:47 - [TEST_STEP][PASSED] - free_spin_reel_counter = []: null

2019-08-15 16:11:47 - [TEST_STEP][PASSED] - free_spin_reel_counter[0] = 0: null

2019-08-15 16:11:47 - [TEST_STEP][PASSED] - free_spin_reel_counter[1] = 0: null

2019-08-15 16:11:47 - [TEST_STEP][PASSED] - free_spin_reel_counter[2] = 0: null

2019-08-15 16:11:47 - [TEST_STEP][PASSED] - M4_spin_reels = reels: null

2019-08-15 16:11:47 - [TEST_STEP][PASSED] - for ([i = 0, i &lt; M4_spin_reels.size(), (i++)]): null

2019-08-15 16:11:47 - [TEST_STEP][PASSED] - symbols = symbols: null

2019-08-15 16:11:47 - [TEST_STEP][PASSED] - for ([j = 0, j &lt; symbols.size(), (j++)]): null

2019-08-15 16:11:47 - [TEST_STEP][PASSED] - symbol = symbol: null

2019-08-15 16:11:47 - [TEST_STEP][PASSED] - println(symbol): null

2019-08-15 16:11:47 - [TEST_STEP][PASSED] - if (i == 2 &amp;&amp; wildList.indexOf(symbol) != -1): null

2019-08-15 16:11:47 - [TEST_STEP][PASSED] - if (i == 3 &amp;&amp; wildList.indexOf(symbol) != -1): null

2019-08-15 16:11:47 - [TEST_STEP][PASSED] - if (i == 4 &amp;&amp; wildList.indexOf(symbol) != -1): null

2019-08-15 16:11:47 - [TEST_STEP][PASSED] - symbol = symbol: null

2019-08-15 16:11:47 - [TEST_STEP][PASSED] - println(symbol): null

2019-08-15 16:11:47 - [TEST_STEP][PASSED] - if (i == 2 &amp;&amp; wildList.indexOf(symbol) != -1): null

2019-08-15 16:11:47 - [TEST_STEP][PASSED] - if (i == 3 &amp;&amp; wildList.indexOf(symbol) != -1): null

2019-08-15 16:11:47 - [TEST_STEP][PASSED] - if (i == 4 &amp;&amp; wildList.indexOf(symbol) != -1): null

2019-08-15 16:11:47 - [TEST_STEP][PASSED] - symbol = symbol: null

2019-08-15 16:11:47 - [TEST_STEP][PASSED] - println(symbol): null

[...]

2019-08-15 16:12:41 - [TEST_STEP][PASSED] - M4_round_reels1_symbols3 = symbols[2]: null

2019-08-15 16:12:41 - [TEST_STEP][PASSED] - M4_round_reels1_symbols3 = M4_round_reels1_symbols3: null

2019-08-15 16:12:41 - [TEST_STEP][PASSED] - M4_round_reels1_symbols4 = symbols[3]: null

2019-08-15 16:12:41 - [TEST_STEP][PASSED] - M4_round_reels_symbols_all = symbol: null

2019-08-15 16:12:41 - [TEST_STEP][PASSED] - M4_round_reels_symbols_all = M4_round_reels_symbols_all: null

2019-08-15 16:12:41 - [TEST_STEP][PASSED] - M4_round_features_triggered = features_triggered: null

2019-08-15 16:12:41 - [TEST_STEP][PASSED] - M4_round_features_triggered = M4_round_features_triggered: null

2019-08-15 16:12:41 - [TEST_STEP][PASSED] - M4_round_features_complete = complete: null

2019-08-15 16:12:41 - [TEST_STEP][PASSED] - M4_round_features_complete = M4_round_features_complete: null

2019-08-15 16:12:41 - [TEST_STEP][PASSED] - M4_round_free_spins_left = free_spins_left: null

2019-08-15 16:12:41 - [TEST_STEP][PASSED] - M4_round_free_spins_left = M4_round_free_spins_left: null

2019-08-15 16:12:41 - [TEST_STEP][PASSED] - M4_round_total_free_spin_count = total_free_spin_count: null

2019-08-15 16:12:41 - [TEST_STEP][PASSED] - M4_round_total_free_spin_count = M4_round_total_free_spin_count: null

2019-08-15 16:12:41 - [TEST_STEP][PASSED] - M4_round_total_free_spin_win_amount = total_free_spin_win_amount: null

2019-08-15 16:12:41 - [TEST_STEP][PASSED] - M4_round_total_free_spin_win_amount = M4_round_total_free_spin_win_amount: null

2019-08-15 16:12:41 - [TEST_STEP][PASSED] - M4_round_subfeatures = subfeatures: null

2019-08-15 16:12:41 - [TEST_STEP][PASSED] - M4_round_subfeatures = M4_round_subfeatures: null

2019-08-15 16:12:41 - [TEST_STEP][PASSED] - M4_round_wild_multiplier = wild_multiplier: null

2019-08-15 16:12:41 - [TEST_STEP][PASSED] - M4_round_wild_multiplier = M4_round_wild_multiplier: null

2019-08-15 16:12:41 - [TEST_STEP][PASSED] - M4_round_wild_config = wild_config: null

2019-08-15 16:12:41 - [TEST_STEP][PASSED] - M4_round_wild_config = M4_round_wild_config: null

2019-08-15 16:12:41 - [TEST_STEP][PASSED] - M4_round_wild_config_index = index: null

2019-08-15 16:12:41 - [TEST_STEP][PASSED] - M4_round_original_reels = original_reels: null

2019-08-15 16:12:41 - [TEST_STEP][PASSED] - M4_round_original_reels = M4_round_original_reels: null

2019-08-15 16:12:41 - [TEST_STEP][PASSED] - M4_round_swapped_reels = swapped_reels: null

2019-08-15 16:12:41 - [TEST_STEP][PASSED] - M4_round_swapped_reels = M4_round_swapped_reels: null

2019-08-15 16:12:41 - [TEST_STEP][PASSED] - M4_round_free_spins_added = free_spins_added: null

2019-08-15 16:12:41 - [TEST_STEP][PASSED] - M4_round_spin_result_list = spin_results[0]: null

2019-08-15 16:12:41 - [TEST_STEP][PASSED] - M4_round_spin_result_list = M4_round_spin_result_list: null

2019-08-15 16:12:41 - [TEST_STEP][PASSED] - M4_round_feature_state = feature_state: null

2019-08-15 16:12:41 - [TEST_STEP][PASSED] - M4_round_feature_state = M4_round_feature_state: null

2019-08-15 16:12:41 - [TEST_STEP][PASSED] - M4_round_feature_state_all = feature_state: null

2019-08-15 16:12:41 - [TEST_STEP][PASSED] - M4_round_feature_state_all = M4_round_feature_state_all: null

2019-08-15 16:12:41 - [TEST_STEP][PASSED] - M4_round_features_type = type: null

2019-08-15 16:12:41 - [TEST_STEP][PASSED] - M4_round_features_type = M4_round_features_type: null

2019-08-15 16:12:41 - [TEST_STEP][PASSED] - M4_round_scatter_win = scatter_win: null

2019-08-15 16:12:41 - [TEST_STEP][PASSED] - M4_round_scatter_win = M4_round_scatter_win: null

2019-08-15 16:12:41 - [TEST_STEP][PASSED] - M4_round_spin_result1 = spin_results[1]: null

2019-08-15 16:12:41 - [TEST_STEP][PASSED] - M4_round_spin_result1 = M4_round_spin_result1: null

2019-08-15 16:12:41 - [MESSAGE][PASSED] - Verify response successfully

2019-08-15 16:12:41 - [MESSAGE][PASSED] - Send request and verify the response successfully

2019-08-15 16:12:41 - [TEST_STEP][PASSED] - sendRequestAndVerify(findTestObject("STG/RGS(M4)/in_game_history_detail", ["partner":Partner, "M4_spin_transaction_id":M4_spin_transaction_id, "M4_login_user_id":M4_login_user_id])): Send request and verify the response successfully

2019-08-15 16:12:41 - [TEST_CASE][PASSED] - Start Test Case : Verification: Verification accomplished successfully

2019-08-15 16:12:41 - [TEST_STEP][PASSED] - request = getInstance().getCurrentRequest(): null

2019-08-15 16:12:41 - [TEST_STEP][PASSED] - response = getInstance().getCurrentResponse(): null

2019-08-15 16:12:41 - [TEST_STEP][PASSED] - verifyResponseStatusCode(response, 200): Verify response status code successfully

2019-08-15 16:12:41 - [MESSAGE][PASSED] - Verify response status code successfully

2019-08-15 16:12:41 - [TEST_STEP][PASSED] - getStatusCode()).isEqualTo(200): null

2019-08-15 16:12:41 - [TEST_STEP][PASSED] - newline = System.getProperty("line.separator"): null

2019-08-15 16:12:41 - [TEST_STEP][PASSED] - M4_game_history = new groovy.json.JsonSlurper(): null

2019-08-15 16:12:41 - [TEST_STEP][PASSED] - M4_history = M4_game_history.parseText(response.getResponseBodyContent()): null

2019-08-15 16:12:41 - [TEST_STEP][PASSED] - M4_history_currency = currency: null

2019-08-15 16:12:41 - [TEST_STEP][PASSED] - M4_history_currency = M4_history_currency: null

2019-08-15 16:12:41 - [TEST_STEP][PASSED] - M4_history_spin_transaction = spin_transaction: null

2019-08-15 16:12:41 - [TEST_STEP][PASSED] - M4_history_spin_transaction = M4_history_spin_transaction: null

2019-08-15 16:12:41 - [TEST_STEP][PASSED] - M4_history_date = date: null

2019-08-15 16:12:41 - [TEST_STEP][PASSED] - M4_history_game_id = game_id: null

2019-08-15 16:12:41 - [TEST_STEP][PASSED] - M4_history_tx_id = tx_id: null

2019-08-15 16:12:41 - [TEST_STEP][PASSED] - M4_history_causality = causality: null

2019-08-15 16:12:41 - [TEST_STEP][PASSED] - M4_history_causality = M4_history_causality: null

2019-08-15 16:12:41 - [TEST_STEP][PASSED] - M4_history_round_id = round_id: null

2019-08-15 16:12:41 - [TEST_STEP][PASSED] - M4_history_round_id = M4_history_round_id: null

2019-08-15 16:12:41 - [TEST_STEP][PASSED] - M4_history_game_total_won = total_won: null

2019-08-15 16:12:41 - [TEST_STEP][PASSED] - M4_history_game_total_won = M4_history_game_total_won: null

2019-08-15 16:12:41 - [TEST_STEP][PASSED] - M4_history_game_total_bet = total_bet: null

2019-08-15 16:12:41 - [TEST_STEP][PASSED] - M4_history_total_bet = M4_history_game_total_bet: null

2019-08-15 16:12:41 - [TEST_STEP][PASSED] - M4_history_lines = lines: null

2019-08-15 16:12:41 - [TEST_STEP][PASSED] - M4_history_total_won = total_won: null

2019-08-15 16:12:41 - [TEST_STEP][PASSED] - M4_history_total_won = M4_history_total_won: null

2019-08-15 16:12:41 - [TEST_STEP][PASSED] - M4_history_bonus_name = bonus_name: null

2019-08-15 16:12:41 - [TEST_STEP][PASSED] - M4_history_bonus_retrigger = bonus_retrigger: null

2019-08-15 16:12:41 - [TEST_STEP][PASSED] - M4_history_key = key: null

2019-08-15 16:12:41 - [TEST_STEP][PASSED] - M4_history_data = data: null

2019-08-15 16:12:41 - [TEST_STEP][PASSED] - M4_history_total_bet = total_bet: null

2019-08-15 16:12:41 - [TEST_STEP][PASSED] - M4_history_total_bet = M4_history_total_bet: null

2019-08-15 16:12:41 - [TEST_STEP][PASSED] - M4_history_balance = balance: null

2019-08-15 16:12:41 - [TEST_STEP][PASSED] - M4_history_balance = M4_history_balance: null

2019-08-15 16:12:41 - [TEST_STEP][PASSED] - M4_history_type = type: null

2019-08-15 16:12:41 - [TEST_STEP][PASSED] - M4_history_reel_symbol = symbols: null

2019-08-15 16:12:41 - [TEST_STEP][PASSED] - M4_history_reel_symbol = M4_history_reel_symbol: null

2019-08-15 16:12:41 - [TEST_STEP][PASSED] - M4_history_reels = reels: null

2019-08-15 16:12:41 - [TEST_STEP][PASSED] - M4_history_reels = M4_history_reels: null

2019-08-15 16:12:41 - [TEST_STEP][PASSED] - M4_history_F_reels1 = reels: null

2019-08-15 16:12:41 - [TEST_STEP][PASSED] - M4_history_F_reels = M4_history_F_reels1: null

2019-08-15 16:12:41 - [TEST_STEP][PASSED] - M4_history_multiplier = multiplier: null

2019-08-15 16:12:41 - [TEST_STEP][PASSED] - M4_history_multiplier = M4_history_multiplier: null

2019-08-15 16:12:41 - [TEST_STEP][PASSED] - M4_history_bonuses1 = bonuses[1]: null

2019-08-15 16:12:41 - [TEST_STEP][PASSED] - M4_history_bonuses1 = M4_history_bonuses1: null

2019-08-15 16:12:41 - [MESSAGE][PASSED] - Verify response successfully

2019-08-15 16:12:41 - [MESSAGE][PASSED] - Send request and verify the response successfully

2019-08-15 16:12:41 - [TEST_STEP][PASSED] - M4_history_bonuses1 = M4_history_bonuses1: null

2019-08-15 16:12:41 - [TEST_STEP][PASSED] - spin_data = extra_spins_data: null

2019-08-15 16:12:41 - [TEST_STEP][PASSED] - M4_spin_number = "": null

2019-08-15 16:12:41 - [TEST_STEP][PASSED] - for ([i = 0, i &lt; spin_data.size(), (i++)]): null

2019-08-15 16:12:41 - [TEST_STEP][PASSED] - println(spin_data.size()): null

2019-08-15 16:12:41 - [TEST_STEP][PASSED] - spin_number_value = spin_number: null

2019-08-15 16:12:41 - [TEST_STEP][PASSED] - if (i == spin_data.size() - 1): null

2019-08-15 16:12:41 - [TEST_STEP][PASSED] - println(M4_spin_number): null

2019-08-15 16:12:41 - [TEST_STEP][PASSED] - println(getClass().getName()): null

2019-08-15 16:12:41 - [TEST_STEP][PASSED] - println(spin_data.size()): null

2019-08-15 16:12:41 - [TEST_STEP][PASSED] - spin_number_value = spin_number: null

2019-08-15 16:12:41 - [TEST_STEP][PASSED] - if (i == spin_data.size() - 1): null

2019-08-15 16:12:41 - [TEST_STEP][PASSED] - println(M4_spin_number): null

2019-08-15 16:12:41 - [TEST_STEP][PASSED] - println(getClass().getName()): null

2019-08-15 16:12:41 - [TEST_STEP][PASSED] - println(spin_data.size()): null

2019-08-15 16:12:41 - [TEST_STEP][PASSED] - spin_number_value = spin_number: null

2019-08-15 16:12:41 - [TEST_STEP][PASSED] - if (i == spin_data.size() - 1): null

2019-08-15 16:12:41 - [TEST_STEP][PASSED] - println(M4_spin_number): null

2019-08-15 16:12:41 - [TEST_STEP][PASSED] - println(getClass().getName()): null

2019-08-15 16:12:41 - [TEST_STEP][PASSED] - println(spin_data.size()): null

2019-08-15 16:12:41 - [TEST_STEP][PASSED] - spin_number_value = spin_number: null

2019-08-15 16:12:41 - [TEST_STEP][PASSED] - if (i == spin_data.size() - 1): null

2019-08-15 16:12:41 - [TEST_STEP][PASSED] - println(M4_spin_number): null

2019-08-15 16:12:41 - [TEST_STEP][PASSED] - println(getClass().getName()): null

2019-08-15 16:12:41 - [TEST_STEP][PASSED] - println(spin_data.size()): null

2019-08-15 16:12:41 - [TEST_STEP][PASSED] - spin_number_value = spin_number: null

2019-08-15 16:12:41 - [TEST_STEP][PASSED] - if (i == spin_data.size() - 1): null

2019-08-15 16:12:41 - [TEST_STEP][PASSED] - println(M4_spin_number): null

2019-08-15 16:12:41 - [TEST_STEP][PASSED] - println(getClass().getName()): null

2019-08-15 16:12:41 - [TEST_STEP][PASSED] - println(spin_data.size()): null

2019-08-15 16:12:41 - [TEST_STEP][PASSED] - spin_number_value = spin_number: null

2019-08-15 16:12:41 - [TEST_STEP][PASSED] - if (i == spin_data.size() - 1): null

2019-08-15 16:12:41 - [TEST_STEP][PASSED] - println(M4_spin_number): null

2019-08-15 16:12:41 - [TEST_STEP][PASSED] - println(getClass().getName()): null

2019-08-15 16:12:41 - [TEST_STEP][PASSED] - println(spin_data.size()): null

2019-08-15 16:12:41 - [TEST_STEP][PASSED] - spin_number_value = spin_number: null

2019-08-15 16:12:41 - [TEST_STEP][PASSED] - if (i == spin_data.size() - 1): null

2019-08-15 16:12:41 - [TEST_STEP][PASSED] - println(M4_spin_number): null

2019-08-15 16:12:41 - [TEST_STEP][PASSED] - println(getClass().getName()): null

2019-08-15 16:12:41 - [TEST_STEP][PASSED] - println(spin_data.size()): null

2019-08-15 16:12:41 - [TEST_STEP][PASSED] - spin_number_value = spin_number: null

2019-08-15 16:12:41 - [TEST_STEP][PASSED] - if (i == spin_data.size() - 1): null

2019-08-15 16:12:41 - [TEST_STEP][PASSED] - println(M4_spin_number): null

2019-08-15 16:12:41 - [TEST_STEP][PASSED] - println(getClass().getName()): null

2019-08-15 16:12:41 - [TEST_STEP][PASSED] - println(spin_data.size()): null

2019-08-15 16:12:41 - [TEST_STEP][PASSED] - spin_number_value = spin_number: null

2019-08-15 16:12:41 - [TEST_STEP][PASSED] - if (i == spin_data.size() - 1): null

2019-08-15 16:12:41 - [TEST_STEP][PASSED] - println(M4_spin_number): null

2019-08-15 16:12:41 - [TEST_STEP][PASSED] - println(getClass().getName()): null

2019-08-15 16:12:41 - [TEST_STEP][PASSED] - println(spin_data.size()): null

2019-08-15 16:12:41 - [TEST_STEP][PASSED] - spin_number_value = spin_number: null

2019-08-15 16:12:41 - [TEST_STEP][PASSED] - if (i == spin_data.size() - 1): null

2019-08-15 16:12:41 - [TEST_STEP][PASSED] - println(M4_spin_number): null

2019-08-15 16:12:41 - [TEST_STEP][PASSED] - println(getClass().getName()): null

2019-08-15 16:12:41 - [TEST_STEP][PASSED] - println(spin_data.size()): null

2019-08-15 16:12:41 - [TEST_STEP][PASSED] - spin_number_value = spin_number: null

2019-08-15 16:12:41 - [TEST_STEP][PASSED] - if (i == spin_data.size() - 1): null

2019-08-15 16:12:41 - [TEST_STEP][PASSED] - println(M4_spin_number): null

2019-08-15 16:12:41 - [TEST_STEP][PASSED] - println(getClass().getName()): null

2019-08-15 16:12:41 - [TEST_STEP][PASSED] - println(spin_data.size()): null

2019-08-15 16:12:41 - [TEST_STEP][PASSED] - spin_number_value = spin_number: null

2019-08-15 16:12:41 - [TEST_STEP][PASSED] - if (i == spin_data.size() - 1): null

2019-08-15 16:12:41 - [TEST_STEP][PASSED] - println(M4_spin_number): null

2019-08-15 16:12:41 - [TEST_STEP][PASSED] - println(getClass().getName()): null

2019-08-15 16:12:41 - [TEST_STEP][PASSED] - println(spin_data.size()): null

2019-08-15 16:12:41 - [TEST_STEP][PASSED] - spin_number_value = spin_number: null

2019-08-15 16:12:41 - [TEST_STEP][PASSED] - if (i == spin_data.size() - 1): null

2019-08-15 16:12:41 - [TEST_STEP][PASSED] - println(M4_spin_number): null

2019-08-15 16:12:41 - [TEST_STEP][PASSED] - println(getClass().getName()): null

2019-08-15 16:12:41 - [TEST_STEP][PASSED] - println(spin_data.size()): null

2019-08-15 16:12:41 - [TEST_STEP][PASSED] - spin_number_value = spin_number: null

2019-08-15 16:12:41 - [TEST_STEP][PASSED] - if (i == spin_data.size() - 1): null

2019-08-15 16:12:41 - [TEST_STEP][PASSED] - println(M4_spin_number): null

2019-08-15 16:12:41 - [TEST_STEP][PASSED] - println(getClass().getName()): null

2019-08-15 16:12:41 - [TEST_STEP][PASSED] - println(spin_data.size()): null

2019-08-15 16:12:41 - [TEST_STEP][PASSED] - spin_number_value = spin_number: null

2019-08-15 16:12:41 - [TEST_STEP][PASSED] - if (i == spin_data.size() - 1): null

2019-08-15 16:12:41 - [TEST_STEP][PASSED] - println(M4_spin_number): null

2019-08-15 16:12:41 - [TEST_STEP][PASSED] - println(getClass().getName()): null

2019-08-15 16:12:41 - [TEST_STEP][PASSED] - println(spin_data.size()): null

2019-08-15 16:12:41 - [TEST_STEP][PASSED] - spin_number_value = spin_number: null

2019-08-15 16:12:41 - [TEST_STEP][PASSED] - if (i == spin_data.size() - 1): null

2019-08-15 16:12:41 - [TEST_STEP][PASSED] - println(M4_spin_number): null

2019-08-15 16:12:41 - [TEST_STEP][PASSED] - println(getClass().getName()): null

2019-08-15 16:12:41 - [TEST_STEP][PASSED] - println(spin_data.size()): null

2019-08-15 16:12:41 - [TEST_STEP][PASSED] - spin_number_value = spin_number: null

2019-08-15 16:12:41 - [TEST_STEP][PASSED] - if (i == spin_data.size() - 1): null

2019-08-15 16:12:41 - [TEST_STEP][PASSED] - println(M4_spin_number): null

2019-08-15 16:12:41 - [TEST_STEP][PASSED] - println(getClass().getName()): null

2019-08-15 16:12:41 - [TEST_STEP][PASSED] - println(spin_data.size()): null

2019-08-15 16:12:41 - [TEST_STEP][PASSED] - spin_number_value = spin_number: null

2019-08-15 16:12:41 - [TEST_STEP][PASSED] - if (i == spin_data.size() - 1): null

2019-08-15 16:12:41 - [TEST_STEP][PASSED] - println(M4_spin_number): null

2019-08-15 16:12:41 - [TEST_STEP][PASSED] - println(getClass().getName()): null

2019-08-15 16:12:41 - [TEST_STEP][PASSED] - println(spin_data.size()): null

2019-08-15 16:12:41 - [TEST_STEP][PASSED] - spin_number_value = spin_number: null

2019-08-15 16:12:41 - [TEST_STEP][PASSED] - if (i == spin_data.size() - 1): null

2019-08-15 16:12:41 - [TEST_STEP][PASSED] - println(M4_spin_number): null

2019-08-15 16:12:41 - [TEST_STEP][PASSED] - println(getClass().getName()): null

2019-08-15 16:12:41 - [TEST_STEP][PASSED] - println(spin_data.size()): null

2019-08-15 16:12:41 - [TEST_STEP][PASSED] - spin_number_value = spin_number: null

2019-08-15 16:12:41 - [TEST_STEP][PASSED] - if (i == spin_data.size() - 1): null

2019-08-15 16:12:41 - [TEST_STEP][PASSED] - M4_spin_number = spin_number_value: null

2019-08-15 16:12:41 - [TEST_STEP][PASSED] - println(M4_spin_number): null

2019-08-15 16:12:41 - [TEST_STEP][PASSED] - println(getClass().getName()): null

2019-08-15 16:12:41 - [TEST_STEP][PASSED] - M4_round_features_triggered = M4_round_features_triggered: null

2019-08-15 16:12:41 - [TEST_STEP][PASSED] - extraFreeSpinIndex = -1: null

2019-08-15 16:12:41 - [TEST_STEP][PASSED] - extraFreeSpinFeatureStateKeys = null: null

2019-08-15 16:12:41 - [TEST_STEP][PASSED] - extraFreeSpinTypeAndComplete = false: null

2019-08-15 16:12:41 - [TEST_STEP][PASSED] - extraFreeSpinLeft = "": null

2019-08-15 16:12:41 - [TEST_STEP][PASSED] - extraFreeSpinAdded = "": null

2019-08-15 16:12:41 - [TEST_STEP][PASSED] - for ([i = 0, i &lt; M4_round_features_triggered.size(), (i++)]): null

2019-08-15 16:12:41 - [TEST_STEP][PASSED] - trigger = M4_round_features_triggered[i]: null

2019-08-15 16:12:41 - [TEST_STEP][PASSED] - if (type.equals("EXTRA_FREE_SPIN") &amp;&amp; complete == true): null

2019-08-15 16:12:41 - [TEST_STEP][PASSED] - trigger = M4_round_features_triggered[i]: null

2019-08-15 16:12:41 - [TEST_STEP][PASSED] - if (type.equals("EXTRA_FREE_SPIN") &amp;&amp; complete == true): null

2019-08-15 16:12:41 - [TEST_STEP][PASSED] - trigger = M4_round_features_triggered[i]: null

2019-08-15 16:12:41 - [TEST_STEP][PASSED] - if (type.equals("EXTRA_FREE_SPIN") &amp;&amp; complete == true): null

2019-08-15 16:12:41 - [TEST_STEP][PASSED] - extraFreeSpinTypeAndComplete = true: null

2019-08-15 16:12:41 - [TEST_STEP][PASSED] - extraFreeSpinIndex = i: null

2019-08-15 16:12:41 - [TEST_STEP][PASSED] - extraFreeSpinLeft = free_spins_left: null

2019-08-15 16:12:41 - [TEST_STEP][PASSED] - extraFreeSpinAdded = free_spins_added: null

2019-08-15 16:12:41 - [TEST_STEP][PASSED] - trigger = M4_round_features_triggered[i]: null

2019-08-15 16:12:41 - [TEST_STEP][PASSED] - if (type.equals("EXTRA_FREE_SPIN") &amp;&amp; complete == true): null

2019-08-15 16:12:41 - [TEST_STEP][PASSED] - println(extraFreeSpinIndex): null

2019-08-15 16:12:41 - [TEST_STEP][PASSED] - freeSpinLeft = free_spins_left: null

2019-08-15 16:12:41 - [TEST_STEP][PASSED] - println("extraFreeSpinTypeAndComplete is:" + extraFreeSpinTypeAndComplete): null

2019-08-15 16:12:41 - [TEST_STEP][PASSED] - println("extraFreeSpinLeft is: " + extraFreeSpinLeft): null

2019-08-15 16:12:41 - [TEST_STEP][PASSED] - println("extraFreeSpinAdded is: " + extraFreeSpinAdded): null

2019-08-15 16:12:41 - [TEST_STEP][PASSED] - assert extraFreeSpinTypeAndComplete == true: null

2019-08-15 16:12:41 - [TEST_STEP][PASSED] - assert extraFreeSpinLeft == M4_spin_number: null

2019-08-15 16:12:41 - [TEST_STEP][PASSED] - assert extraFreeSpinAdded == extraFreeSpinLeft - freeSpinLeft: null

2019-08-15 16:12:45 - [MESSAGE][PASSED] - Call Test Case 'Test Cases/STG_env/compare_values/3_ExtraFG_verify_value' successfully</system-out>
            <system-err></system-err>
        </testcase>
        <system-out>2019-08-15 16:11:39 - [TEST_SUITE][INCOMPLETE] - 3_ExtraFG: null</system-out>
        <system-err>2019-08-15 16:11:39 - [TEST_SUITE][INCOMPLETE] - 3_ExtraFG: null</system-err>
    </testsuite>
</testsuites>
